[2026-04-20T20:05:42.028+0000] {local_task_job_runner.py:123} INFO - ::group::Pre task execution logs
[2026-04-20T20:05:42.033+0000] {taskinstance.py:2612} INFO - Dependencies all met for dep_context=non-requeueable deps ti=<TaskInstance: employee_data_pipeline_v2.load_training manual__2026-04-20T20:05:41.030564+00:00 [queued]>
[2026-04-20T20:05:42.036+0000] {taskinstance.py:2612} INFO - Dependencies all met for dep_context=requeueable deps ti=<TaskInstance: employee_data_pipeline_v2.load_training manual__2026-04-20T20:05:41.030564+00:00 [queued]>
[2026-04-20T20:05:42.036+0000] {taskinstance.py:2865} INFO - Starting attempt 1 of 1
[2026-04-20T20:05:42.041+0000] {taskinstance.py:2888} INFO - Executing <Task(SnowflakeOperator): load_training> on 2026-04-20 20:05:41.030564+00:00
[2026-04-20T20:05:42.045+0000] {logging_mixin.py:190} WARNING - /home/***/.local/lib/python3.12/site-packages/***/task/task_runner/standard_task_runner.py:70 DeprecationWarning: This process (pid=2861) is multi-threaded, use of fork() may lead to deadlocks in the child.
[2026-04-20T20:05:42.045+0000] {standard_task_runner.py:72} INFO - Started process 2880 to run task
[2026-04-20T20:05:42.045+0000] {standard_task_runner.py:104} INFO - Running: ['***', 'tasks', 'run', 'employee_data_pipeline_v2', 'load_training', 'manual__2026-04-20T20:05:41.030564+00:00', '--job-id', '79', '--raw', '--subdir', 'DAGS_FOLDER/employee_pipeline_dag.py', '--cfg-path', '/tmp/tmpsgxx9g_g']
[2026-04-20T20:05:42.046+0000] {standard_task_runner.py:105} INFO - Job 79: Subtask load_training
[2026-04-20T20:05:42.052+0000] {logging_mixin.py:190} WARNING - /home/***/.local/lib/python3.12/site-packages/***/settings.py:209 DeprecationWarning: The sql_alchemy_conn option in [core] has been moved to the sql_alchemy_conn option in [database] - the old setting has been used, but please update your config.
[2026-04-20T20:05:42.066+0000] {task_command.py:467} INFO - Running <TaskInstance: employee_data_pipeline_v2.load_training manual__2026-04-20T20:05:41.030564+00:00 [running]> on host 78fd1d8cced9
[2026-04-20T20:05:42.093+0000] {taskinstance.py:3131} INFO - Exporting env vars: AIRFLOW_CTX_DAG_OWNER='***' AIRFLOW_CTX_DAG_ID='employee_data_pipeline_v2' AIRFLOW_CTX_TASK_ID='load_training' AIRFLOW_CTX_EXECUTION_DATE='2026-04-20T20:05:41.030564+00:00' AIRFLOW_CTX_TRY_NUMBER='1' AIRFLOW_CTX_DAG_RUN_ID='manual__2026-04-20T20:05:41.030564+00:00'
[2026-04-20T20:05:42.093+0000] {taskinstance.py:731} INFO - ::endgroup::
[2026-04-20T20:05:42.098+0000] {sql.py:266} INFO - Executing: 
    USE WAREHOUSE EE_COMPUTE_WH;
    COPY INTO EMPLOYEE_DATA_DB.RAW.RAW_TRAINING
    FROM (
        SELECT OBJECT_CONSTRUCT(*) 
        FROM @EMPLOYEE_DATA_DB.RAW.employee_raw_stage/training_and_development_data.csv
    )
    FILE_FORMAT = (TYPE = CSV, SKIP_HEADER = 1, FIELD_OPTIONALLY_ENCLOSED_BY = '"');
    
[2026-04-20T20:05:42.103+0000] {base.py:84} INFO - Retrieving connection 'snowflake_conn'
[2026-04-20T20:05:42.106+0000] {base.py:84} INFO - Retrieving connection 'snowflake_conn'
[2026-04-20T20:05:42.129+0000] {connection.py:620} INFO - Snowflake Connector for Python Version: 4.4.0, Python Version: 3.12.6, Platform: Linux-6.12.76-linuxkit-aarch64-with-glibc2.36
[2026-04-20T20:05:42.130+0000] {connection.py:1716} INFO - Connecting to GLOBAL Snowflake domain
[2026-04-20T20:05:42.234+0000] {credentials.py:1147} INFO - Found credentials in environment variables.
[2026-04-20T20:05:43.247+0000] {sql.py:509} INFO - Running statement: USE WAREHOUSE EE_COMPUTE_WH;, parameters: None
[2026-04-20T20:05:43.377+0000] {sql.py:518} INFO - Rows affected: 1
[2026-04-20T20:05:43.378+0000] {snowflake.py:422} INFO - Rows affected: 1
[2026-04-20T20:05:43.378+0000] {snowflake.py:423} INFO - Snowflake query id: 01c3d795-0005-2578-000c-bde2000474e2
[2026-04-20T20:05:43.379+0000] {sql.py:509} INFO - Running statement: COPY INTO EMPLOYEE_DATA_DB.RAW.RAW_TRAINING
    FROM (
        SELECT OBJECT_CONSTRUCT(*) 
        FROM @EMPLOYEE_DATA_DB.RAW.employee_raw_stage/training_and_development_data.csv
    )
    FILE_FORMAT = (TYPE = CSV, SKIP_HEADER = 1, FIELD_OPTIONALLY_ENCLOSED_BY = '"');, parameters: None
[2026-04-20T20:05:44.938+0000] {sql.py:518} INFO - Rows affected: 1
[2026-04-20T20:05:44.939+0000] {snowflake.py:422} INFO - Rows affected: 1
[2026-04-20T20:05:44.939+0000] {snowflake.py:423} INFO - Snowflake query id: 01c3d795-0005-2533-000c-bde200048532
[2026-04-20T20:05:45.296+0000] {taskinstance.py:340} INFO - ::group::Post task execution logs
[2026-04-20T20:05:45.297+0000] {taskinstance.py:352} INFO - Marking task as SUCCESS. dag_id=employee_data_pipeline_v2, task_id=load_training, run_id=manual__2026-04-20T20:05:41.030564+00:00, execution_date=20260420T200541, start_date=20260420T200542, end_date=20260420T200545
[2026-04-20T20:05:45.334+0000] {local_task_job_runner.py:266} INFO - Task exited with return code 0
[2026-04-20T20:05:45.338+0000] {logging_mixin.py:190} WARNING - /home/***/.local/lib/python3.12/site-packages/***/models/baseoperator.py:1378 AirflowProviderDeprecationWarning: Call to deprecated class SnowflakeOperator. (This class is deprecated. Please use `***.providers.common.sql.operators.sql.SQLExecuteQueryOperator`. Also, you can provide `hook_params={'warehouse': <warehouse>, 'database': <database>, 'role': <role>, 'schema': <schema>, 'authenticator': <authenticator>,'session_parameters': <session_parameters>}`.)
[2026-04-20T20:05:45.341+0000] {taskinstance.py:3900} INFO - 0 downstream tasks scheduled from follow-on schedule check
[2026-04-20T20:05:45.341+0000] {local_task_job_runner.py:245} INFO - ::endgroup::
