[2026-04-20T14:55:26.759+0000] {local_task_job_runner.py:123} INFO - ::group::Pre task execution logs
[2026-04-20T14:55:26.764+0000] {taskinstance.py:2612} INFO - Dependencies all met for dep_context=non-requeueable deps ti=<TaskInstance: employee_data_pipeline.run_dbt_transformations manual__2026-04-20T14:55:21.069962+00:00 [queued]>
[2026-04-20T14:55:26.766+0000] {taskinstance.py:2612} INFO - Dependencies all met for dep_context=requeueable deps ti=<TaskInstance: employee_data_pipeline.run_dbt_transformations manual__2026-04-20T14:55:21.069962+00:00 [queued]>
[2026-04-20T14:55:26.766+0000] {taskinstance.py:2865} INFO - Starting attempt 1 of 1
[2026-04-20T14:55:26.769+0000] {taskinstance.py:2888} INFO - Executing <Task(BashOperator): run_dbt_transformations> on 2026-04-20 14:55:21.069962+00:00
[2026-04-20T14:55:26.772+0000] {logging_mixin.py:190} WARNING - /home/***/.local/lib/python3.12/site-packages/***/task/task_runner/standard_task_runner.py:70 DeprecationWarning: This process (pid=366) is multi-threaded, use of fork() may lead to deadlocks in the child.
[2026-04-20T14:55:26.772+0000] {standard_task_runner.py:72} INFO - Started process 370 to run task
[2026-04-20T14:55:26.772+0000] {standard_task_runner.py:104} INFO - Running: ['***', 'tasks', 'run', 'employee_data_pipeline', 'run_dbt_transformations', 'manual__2026-04-20T14:55:21.069962+00:00', '--job-id', '65', '--raw', '--subdir', 'DAGS_FOLDER/employee_pipeline_dag.py', '--cfg-path', '/tmp/tmpkuyj7ovc']
[2026-04-20T14:55:26.773+0000] {standard_task_runner.py:105} INFO - Job 65: Subtask run_dbt_transformations
[2026-04-20T14:55:26.778+0000] {logging_mixin.py:190} WARNING - /home/***/.local/lib/python3.12/site-packages/***/settings.py:209 DeprecationWarning: The sql_alchemy_conn option in [core] has been moved to the sql_alchemy_conn option in [database] - the old setting has been used, but please update your config.
[2026-04-20T14:55:26.787+0000] {task_command.py:467} INFO - Running <TaskInstance: employee_data_pipeline.run_dbt_transformations manual__2026-04-20T14:55:21.069962+00:00 [running]> on host 78fd1d8cced9
[2026-04-20T14:55:26.810+0000] {taskinstance.py:3131} INFO - Exporting env vars: AIRFLOW_CTX_DAG_OWNER='***' AIRFLOW_CTX_DAG_ID='employee_data_pipeline' AIRFLOW_CTX_TASK_ID='run_dbt_transformations' AIRFLOW_CTX_EXECUTION_DATE='2026-04-20T14:55:21.069962+00:00' AIRFLOW_CTX_TRY_NUMBER='1' AIRFLOW_CTX_DAG_RUN_ID='manual__2026-04-20T14:55:21.069962+00:00'
[2026-04-20T14:55:26.810+0000] {taskinstance.py:731} INFO - ::endgroup::
[2026-04-20T14:55:26.815+0000] {subprocess.py:63} INFO - Tmp dir root location: /tmp
[2026-04-20T14:55:26.815+0000] {subprocess.py:75} INFO - Running command: ['/usr/bin/bash', '-c', 'cd /opt/***/employee_data_transformation && /home/***/.local/bin/dbt run --profiles-dir /home/***/.dbt']
[2026-04-20T14:55:26.819+0000] {subprocess.py:86} INFO - Output:
[2026-04-20T14:55:27.625+0000] {subprocess.py:93} INFO - [0m14:55:27  Running with dbt=1.11.8
[2026-04-20T14:55:27.934+0000] {subprocess.py:93} INFO - [0m14:55:27  Registered adapter: snowflake=1.11.4
[2026-04-20T14:55:28.089+0000] {subprocess.py:93} INFO - [0m14:55:28  Found 4 models, 4 data tests, 1 source, 523 macros
[2026-04-20T14:55:28.121+0000] {subprocess.py:93} INFO - [0m14:55:28
[2026-04-20T14:55:28.121+0000] {subprocess.py:93} INFO - [0m14:55:28  Concurrency: 4 threads (target='dev')
[2026-04-20T14:55:28.121+0000] {subprocess.py:93} INFO - [0m14:55:28
[2026-04-20T14:55:29.010+0000] {subprocess.py:93} INFO - [0m14:55:29  1 of 4 START sql table model STAGING.my_first_dbt_model ........................ [RUN]
[2026-04-20T14:55:29.011+0000] {subprocess.py:93} INFO - [0m14:55:29  2 of 4 START sql view model STAGING.stg_employee_data .......................... [RUN]
[2026-04-20T14:55:29.738+0000] {subprocess.py:93} INFO - [0m14:55:29  2 of 4 OK created sql view model STAGING.stg_employee_data ..................... [[32mSUCCESS 1[0m in 0.73s]
[2026-04-20T14:55:29.739+0000] {subprocess.py:93} INFO - [0m14:55:29  3 of 4 START sql view model STAGING.fct_training_summary ....................... [RUN]
[2026-04-20T14:55:30.062+0000] {subprocess.py:93} INFO - [0m14:55:30  1 of 4 OK created sql table model STAGING.my_first_dbt_model ................... [[32mSUCCESS 2[0m in 1.05s]
[2026-04-20T14:55:30.064+0000] {subprocess.py:93} INFO - [0m14:55:30  4 of 4 START sql view model STAGING.my_second_dbt_model ........................ [RUN]
[2026-04-20T14:55:30.547+0000] {subprocess.py:93} INFO - [0m14:55:30  3 of 4 OK created sql view model STAGING.fct_training_summary .................. [[32mSUCCESS 1[0m in 0.81s]
[2026-04-20T14:55:30.551+0000] {subprocess.py:93} INFO - [0m14:55:30  4 of 4 OK created sql view model STAGING.my_second_dbt_model ................... [[32mSUCCESS 1[0m in 0.49s]
[2026-04-20T14:55:31.011+0000] {subprocess.py:93} INFO - [0m14:55:31
[2026-04-20T14:55:31.013+0000] {subprocess.py:93} INFO - [0m14:55:31  Finished running 1 table model, 3 view models in 0 hours 0 minutes and 2.89 seconds (2.89s).
[2026-04-20T14:55:31.033+0000] {subprocess.py:93} INFO - [0m14:55:31
[2026-04-20T14:55:31.033+0000] {subprocess.py:93} INFO - [0m14:55:31  [32mCompleted successfully[0m
[2026-04-20T14:55:31.033+0000] {subprocess.py:93} INFO - [0m14:55:31
[2026-04-20T14:55:31.033+0000] {subprocess.py:93} INFO - [0m14:55:31  Done. PASS=4 WARN=0 ERROR=0 SKIP=0 NO-OP=0 TOTAL=4
[2026-04-20T14:55:31.330+0000] {subprocess.py:97} INFO - Command exited with return code 0
[2026-04-20T14:55:31.338+0000] {taskinstance.py:340} INFO - ::group::Post task execution logs
[2026-04-20T14:55:31.339+0000] {taskinstance.py:352} INFO - Marking task as SUCCESS. dag_id=employee_data_pipeline, task_id=run_dbt_transformations, run_id=manual__2026-04-20T14:55:21.069962+00:00, execution_date=20260420T145521, start_date=20260420T145526, end_date=20260420T145531
[2026-04-20T14:55:31.389+0000] {local_task_job_runner.py:266} INFO - Task exited with return code 0
[2026-04-20T14:55:31.394+0000] {taskinstance.py:3900} INFO - 0 downstream tasks scheduled from follow-on schedule check
[2026-04-20T14:55:31.395+0000] {local_task_job_runner.py:245} INFO - ::endgroup::
