[2026-04-20T23:23:43.260+0000] {local_task_job_runner.py:123} INFO - ::group::Pre task execution logs
[2026-04-20T23:23:43.268+0000] {taskinstance.py:2612} INFO - Dependencies all met for dep_context=non-requeueable deps ti=<TaskInstance: employee_data_pipeline_v2.load_training manual__2026-04-20T23:23:42.808722+00:00 [queued]>
[2026-04-20T23:23:43.274+0000] {taskinstance.py:2612} INFO - Dependencies all met for dep_context=requeueable deps ti=<TaskInstance: employee_data_pipeline_v2.load_training manual__2026-04-20T23:23:42.808722+00:00 [queued]>
[2026-04-20T23:23:43.274+0000] {taskinstance.py:2865} INFO - Starting attempt 1 of 1
[2026-04-20T23:23:43.280+0000] {taskinstance.py:2888} INFO - Executing <Task(SQLExecuteQueryOperator): load_training> on 2026-04-20 23:23:42.808722+00:00
[2026-04-20T23:23:43.284+0000] {logging_mixin.py:190} WARNING - /home/***/.local/lib/python3.12/site-packages/***/task/task_runner/standard_task_runner.py:70 DeprecationWarning: This process (pid=5474) is multi-threaded, use of fork() may lead to deadlocks in the child.
[2026-04-20T23:23:43.284+0000] {standard_task_runner.py:104} INFO - Running: ['***', 'tasks', 'run', 'employee_data_pipeline_v2', 'load_training', 'manual__2026-04-20T23:23:42.808722+00:00', '--job-id', '81', '--raw', '--subdir', 'DAGS_FOLDER/employee_pipeline_dag.py', '--cfg-path', '/tmp/tmpb0a8wnxe']
[2026-04-20T23:23:43.285+0000] {standard_task_runner.py:105} INFO - Job 81: Subtask load_training
[2026-04-20T23:23:43.285+0000] {standard_task_runner.py:72} INFO - Started process 5476 to run task
[2026-04-20T23:23:43.291+0000] {logging_mixin.py:190} WARNING - /home/***/.local/lib/python3.12/site-packages/***/settings.py:209 DeprecationWarning: The sql_alchemy_conn option in [core] has been moved to the sql_alchemy_conn option in [database] - the old setting has been used, but please update your config.
[2026-04-20T23:23:43.308+0000] {task_command.py:467} INFO - Running <TaskInstance: employee_data_pipeline_v2.load_training manual__2026-04-20T23:23:42.808722+00:00 [running]> on host 78fd1d8cced9
[2026-04-20T23:23:43.340+0000] {taskinstance.py:3131} INFO - Exporting env vars: AIRFLOW_CTX_DAG_OWNER='***' AIRFLOW_CTX_DAG_ID='employee_data_pipeline_v2' AIRFLOW_CTX_TASK_ID='load_training' AIRFLOW_CTX_EXECUTION_DATE='2026-04-20T23:23:42.808722+00:00' AIRFLOW_CTX_TRY_NUMBER='1' AIRFLOW_CTX_DAG_RUN_ID='manual__2026-04-20T23:23:42.808722+00:00'
[2026-04-20T23:23:43.341+0000] {taskinstance.py:731} INFO - ::endgroup::
[2026-04-20T23:23:43.348+0000] {sql.py:266} INFO - Executing: 
    USE WAREHOUSE EE_COMPUTE_WH;
    USE DATABASE EMPLOYEE_DATA_DB;
    USE SCHEMA RAW;
    COPY INTO RAW_TRAINING
    FROM @employee_raw_stage/training_and_development_data.csv
    FILE_FORMAT = (FORMAT_NAME = 'csv_format')
    FORCE = TRUE;
    
[2026-04-20T23:23:43.354+0000] {base.py:84} INFO - Retrieving connection 'snowflake_conn'
[2026-04-20T23:23:43.649+0000] {logging_mixin.py:190} WARNING - /home/***/.local/lib/python3.12/site-packages/snowflake/sqlalchemy/base.py:1068 SAWarning: The GenericFunction 'flatten' is already registered and is going to be overridden.
[2026-04-20T23:23:43.656+0000] {base.py:84} INFO - Retrieving connection 'snowflake_conn'
[2026-04-20T23:23:43.679+0000] {connection.py:620} INFO - Snowflake Connector for Python Version: 4.4.0, Python Version: 3.12.6, Platform: Linux-6.12.76-linuxkit-aarch64-with-glibc2.36
[2026-04-20T23:23:43.679+0000] {connection.py:1716} INFO - Connecting to GLOBAL Snowflake domain
[2026-04-20T23:23:43.782+0000] {credentials.py:1147} INFO - Found credentials in environment variables.
[2026-04-20T23:23:44.649+0000] {sql.py:509} INFO - Running statement: USE WAREHOUSE EE_COMPUTE_WH;, parameters: None
[2026-04-20T23:23:44.751+0000] {sql.py:518} INFO - Rows affected: 1
[2026-04-20T23:23:44.752+0000] {snowflake.py:422} INFO - Rows affected: 1
[2026-04-20T23:23:44.752+0000] {snowflake.py:423} INFO - Snowflake query id: 01c3d85b-0005-2533-000c-bde200048b7a
[2026-04-20T23:23:44.752+0000] {sql.py:509} INFO - Running statement: USE DATABASE EMPLOYEE_DATA_DB;, parameters: None
[2026-04-20T23:23:44.880+0000] {sql.py:518} INFO - Rows affected: 1
[2026-04-20T23:23:44.880+0000] {snowflake.py:422} INFO - Rows affected: 1
[2026-04-20T23:23:44.881+0000] {snowflake.py:423} INFO - Snowflake query id: 01c3d85b-0005-263d-000c-bde200049af2
[2026-04-20T23:23:44.881+0000] {sql.py:509} INFO - Running statement: USE SCHEMA RAW;, parameters: None
[2026-04-20T23:23:45.037+0000] {sql.py:518} INFO - Rows affected: 1
[2026-04-20T23:23:45.037+0000] {snowflake.py:422} INFO - Rows affected: 1
[2026-04-20T23:23:45.037+0000] {snowflake.py:423} INFO - Snowflake query id: 01c3d85b-0005-2578-000c-bde200047b42
[2026-04-20T23:23:45.037+0000] {sql.py:509} INFO - Running statement: COPY INTO RAW_TRAINING
    FROM @employee_raw_stage/training_and_development_data.csv
    FILE_FORMAT = (FORMAT_NAME = 'csv_format')
    FORCE = TRUE;, parameters: None
[2026-04-20T23:23:46.502+0000] {sql.py:518} INFO - Rows affected: 1
[2026-04-20T23:23:46.503+0000] {snowflake.py:422} INFO - Rows affected: 1
[2026-04-20T23:23:46.504+0000] {snowflake.py:423} INFO - Snowflake query id: 01c3d85b-0005-2533-000c-bde200048b8e
[2026-04-20T23:23:46.962+0000] {taskinstance.py:340} INFO - ::group::Post task execution logs
[2026-04-20T23:23:46.962+0000] {taskinstance.py:352} INFO - Marking task as SUCCESS. dag_id=employee_data_pipeline_v2, task_id=load_training, run_id=manual__2026-04-20T23:23:42.808722+00:00, execution_date=20260420T232342, start_date=20260420T232343, end_date=20260420T232346
[2026-04-20T23:23:47.006+0000] {local_task_job_runner.py:266} INFO - Task exited with return code 0
[2026-04-20T23:23:47.014+0000] {taskinstance.py:3900} INFO - 0 downstream tasks scheduled from follow-on schedule check
[2026-04-20T23:23:47.014+0000] {local_task_job_runner.py:245} INFO - ::endgroup::
