[2026-04-20T03:34:38.261+0000] {local_task_job_runner.py:123} INFO - ::group::Pre task execution logs
[2026-04-20T03:34:38.269+0000] {taskinstance.py:2612} INFO - Dependencies all met for dep_context=non-requeueable deps ti=<TaskInstance: employee_data_pipeline.run_dbt_transformations manual__2026-04-20T03:34:36.926987+00:00 [queued]>
[2026-04-20T03:34:38.273+0000] {taskinstance.py:2612} INFO - Dependencies all met for dep_context=requeueable deps ti=<TaskInstance: employee_data_pipeline.run_dbt_transformations manual__2026-04-20T03:34:36.926987+00:00 [queued]>
[2026-04-20T03:34:38.274+0000] {taskinstance.py:2865} INFO - Starting attempt 1 of 1
[2026-04-20T03:34:38.279+0000] {taskinstance.py:2888} INFO - Executing <Task(BashOperator): run_dbt_transformations> on 2026-04-20 03:34:36.926987+00:00
[2026-04-20T03:34:38.284+0000] {logging_mixin.py:190} WARNING - /home/***/.local/lib/python3.12/site-packages/***/task/task_runner/standard_task_runner.py:70 DeprecationWarning: This process (pid=180) is multi-threaded, use of fork() may lead to deadlocks in the child.
[2026-04-20T03:34:38.285+0000] {standard_task_runner.py:72} INFO - Started process 188 to run task
[2026-04-20T03:34:38.285+0000] {standard_task_runner.py:104} INFO - Running: ['***', 'tasks', 'run', 'employee_data_pipeline', 'run_dbt_transformations', 'manual__2026-04-20T03:34:36.926987+00:00', '--job-id', '38', '--raw', '--subdir', 'DAGS_FOLDER/employee_pipeline_dag.py', '--cfg-path', '/tmp/tmpj1sl0vqp']
[2026-04-20T03:34:38.286+0000] {standard_task_runner.py:105} INFO - Job 38: Subtask run_dbt_transformations
[2026-04-20T03:34:38.290+0000] {logging_mixin.py:190} WARNING - /home/***/.local/lib/python3.12/site-packages/***/settings.py:209 DeprecationWarning: The sql_alchemy_conn option in [core] has been moved to the sql_alchemy_conn option in [database] - the old setting has been used, but please update your config.
[2026-04-20T03:34:38.300+0000] {task_command.py:467} INFO - Running <TaskInstance: employee_data_pipeline.run_dbt_transformations manual__2026-04-20T03:34:36.926987+00:00 [running]> on host e01e90045a46
[2026-04-20T03:34:38.322+0000] {taskinstance.py:3131} INFO - Exporting env vars: AIRFLOW_CTX_DAG_OWNER='***' AIRFLOW_CTX_DAG_ID='employee_data_pipeline' AIRFLOW_CTX_TASK_ID='run_dbt_transformations' AIRFLOW_CTX_EXECUTION_DATE='2026-04-20T03:34:36.926987+00:00' AIRFLOW_CTX_TRY_NUMBER='1' AIRFLOW_CTX_DAG_RUN_ID='manual__2026-04-20T03:34:36.926987+00:00'
[2026-04-20T03:34:38.323+0000] {taskinstance.py:731} INFO - ::endgroup::
[2026-04-20T03:34:38.336+0000] {subprocess.py:63} INFO - Tmp dir root location: /tmp
[2026-04-20T03:34:38.337+0000] {subprocess.py:75} INFO - Running command: ['/usr/bin/bash', '-c', '\n        cd /opt/***/employee_data_transformation && \n        /home/***/.local/bin/dbt run --profiles-dir /home/***/.dbt\n    ']
[2026-04-20T03:34:38.340+0000] {subprocess.py:86} INFO - Output:
[2026-04-20T03:34:39.146+0000] {subprocess.py:93} INFO - [0m03:34:39  Running with dbt=1.11.8
[2026-04-20T03:34:39.147+0000] {subprocess.py:93} INFO - [0m03:34:39  Encountered an error:
[2026-04-20T03:34:39.147+0000] {subprocess.py:93} INFO - Runtime Error
[2026-04-20T03:34:39.148+0000] {subprocess.py:93} INFO - 
[2026-04-20T03:34:39.148+0000] {subprocess.py:93} INFO -   dbt encountered an error while trying to read your profiles.yml file.
[2026-04-20T03:34:39.148+0000] {subprocess.py:93} INFO - 
[2026-04-20T03:34:39.148+0000] {subprocess.py:93} INFO -   Runtime Error
[2026-04-20T03:34:39.148+0000] {subprocess.py:93} INFO -     Syntax error near line 8
[2026-04-20T03:34:39.148+0000] {subprocess.py:93} INFO -     ------------------------------
[2026-04-20T03:34:39.148+0000] {subprocess.py:93} INFO -     5  |       type: snowflake
[2026-04-20T03:34:39.148+0000] {subprocess.py:93} INFO -     6  |       account: BNNZHHH-KJ98615
[2026-04-20T03:34:39.148+0000] {subprocess.py:93} INFO -     7  |       user: JADE
[2026-04-20T03:34:39.148+0000] {subprocess.py:93} INFO -     8  |       private_key_path: user: AIRFLOW_USER
[2026-04-20T03:34:39.148+0000] {subprocess.py:93} INFO -     9  |       private_key_path: /opt/***/snowflake_key.p8
[2026-04-20T03:34:39.149+0000] {subprocess.py:93} INFO -     10 |       role: ACCOUNTADMIN
[2026-04-20T03:34:39.149+0000] {subprocess.py:93} INFO -     11 |       database: EMPLOYEE_DATA_DB
[2026-04-20T03:34:39.149+0000] {subprocess.py:93} INFO - 
[2026-04-20T03:34:39.149+0000] {subprocess.py:93} INFO -     Raw Error:
[2026-04-20T03:34:39.149+0000] {subprocess.py:93} INFO -     ------------------------------
[2026-04-20T03:34:39.149+0000] {subprocess.py:93} INFO -     mapping values are not allowed in this context
[2026-04-20T03:34:39.149+0000] {subprocess.py:93} INFO -       in "<unicode string>", line 8, column 29
[2026-04-20T03:34:39.149+0000] {subprocess.py:93} INFO - 
[2026-04-20T03:34:39.394+0000] {subprocess.py:97} INFO - Command exited with return code 2
[2026-04-20T03:34:39.400+0000] {taskinstance.py:3310} ERROR - Task failed with exception
Traceback (most recent call last):
  File "/home/airflow/.local/lib/python3.12/site-packages/airflow/models/taskinstance.py", line 767, in _execute_task
    result = _execute_callable(context=context, **execute_callable_kwargs)
             ^^^^^^^^^^^^^^^^^^^^^^^^^^^^^^^^^^^^^^^^^^^^^^^^^^^^^^^^^^^^^
  File "/home/airflow/.local/lib/python3.12/site-packages/airflow/models/taskinstance.py", line 733, in _execute_callable
    return ExecutionCallableRunner(
           ^^^^^^^^^^^^^^^^^^^^^^^^
  File "/home/airflow/.local/lib/python3.12/site-packages/airflow/utils/operator_helpers.py", line 252, in run
    return self.func(*args, **kwargs)
           ^^^^^^^^^^^^^^^^^^^^^^^^^^
  File "/home/airflow/.local/lib/python3.12/site-packages/airflow/models/baseoperator.py", line 406, in wrapper
    return func(self, *args, **kwargs)
           ^^^^^^^^^^^^^^^^^^^^^^^^^^^
  File "/home/airflow/.local/lib/python3.12/site-packages/airflow/operators/bash.py", line 249, in execute
    raise AirflowException(
airflow.exceptions.AirflowException: Bash command failed. The command returned a non-zero exit code 2.
[2026-04-20T03:34:39.404+0000] {taskinstance.py:1225} INFO - Marking task as FAILED. dag_id=employee_data_pipeline, task_id=run_dbt_transformations, run_id=manual__2026-04-20T03:34:36.926987+00:00, execution_date=20260420T033436, start_date=20260420T033438, end_date=20260420T033439
[2026-04-20T03:34:39.412+0000] {taskinstance.py:340} INFO - ::group::Post task execution logs
[2026-04-20T03:34:39.412+0000] {standard_task_runner.py:124} ERROR - Failed to execute job 38 for task run_dbt_transformations (Bash command failed. The command returned a non-zero exit code 2.; 188)
Traceback (most recent call last):
  File "/home/airflow/.local/lib/python3.12/site-packages/airflow/task/task_runner/standard_task_runner.py", line 117, in _start_by_fork
    ret = args.func(args, dag=self.dag)
          ^^^^^^^^^^^^^^^^^^^^^^^^^^^^^
  File "/home/airflow/.local/lib/python3.12/site-packages/airflow/cli/cli_config.py", line 49, in command
    return func(*args, **kwargs)
           ^^^^^^^^^^^^^^^^^^^^^
  File "/home/airflow/.local/lib/python3.12/site-packages/airflow/utils/cli.py", line 115, in wrapper
    return f(*args, **kwargs)
           ^^^^^^^^^^^^^^^^^^
  File "/home/airflow/.local/lib/python3.12/site-packages/airflow/cli/commands/task_command.py", line 483, in task_run
    task_return_code = _run_task_by_selected_method(args, _dag, ti)
                       ^^^^^^^^^^^^^^^^^^^^^^^^^^^^^^^^^^^^^^^^^^^^
  File "/home/airflow/.local/lib/python3.12/site-packages/airflow/cli/commands/task_command.py", line 256, in _run_task_by_selected_method
    return _run_raw_task(args, ti)
           ^^^^^^^^^^^^^^^^^^^^^^^
  File "/home/airflow/.local/lib/python3.12/site-packages/airflow/cli/commands/task_command.py", line 341, in _run_raw_task
    return ti._run_raw_task(
           ^^^^^^^^^^^^^^^^^
  File "/home/airflow/.local/lib/python3.12/site-packages/airflow/utils/session.py", line 97, in wrapper
    return func(*args, session=session, **kwargs)
           ^^^^^^^^^^^^^^^^^^^^^^^^^^^^^^^^^^^^^^
  File "/home/airflow/.local/lib/python3.12/site-packages/airflow/models/taskinstance.py", line 3004, in _run_raw_task
    return _run_raw_task(
           ^^^^^^^^^^^^^^
  File "/home/airflow/.local/lib/python3.12/site-packages/airflow/models/taskinstance.py", line 273, in _run_raw_task
    TaskInstance._execute_task_with_callbacks(
  File "/home/airflow/.local/lib/python3.12/site-packages/airflow/models/taskinstance.py", line 3158, in _execute_task_with_callbacks
    result = self._execute_task(context, task_orig)
             ^^^^^^^^^^^^^^^^^^^^^^^^^^^^^^^^^^^^^^
  File "/home/airflow/.local/lib/python3.12/site-packages/airflow/models/taskinstance.py", line 3182, in _execute_task
    return _execute_task(self, context, task_orig)
           ^^^^^^^^^^^^^^^^^^^^^^^^^^^^^^^^^^^^^^^
  File "/home/airflow/.local/lib/python3.12/site-packages/airflow/models/taskinstance.py", line 767, in _execute_task
    result = _execute_callable(context=context, **execute_callable_kwargs)
             ^^^^^^^^^^^^^^^^^^^^^^^^^^^^^^^^^^^^^^^^^^^^^^^^^^^^^^^^^^^^^
  File "/home/airflow/.local/lib/python3.12/site-packages/airflow/models/taskinstance.py", line 733, in _execute_callable
    return ExecutionCallableRunner(
           ^^^^^^^^^^^^^^^^^^^^^^^^
  File "/home/airflow/.local/lib/python3.12/site-packages/airflow/utils/operator_helpers.py", line 252, in run
    return self.func(*args, **kwargs)
           ^^^^^^^^^^^^^^^^^^^^^^^^^^
  File "/home/airflow/.local/lib/python3.12/site-packages/airflow/models/baseoperator.py", line 406, in wrapper
    return func(self, *args, **kwargs)
           ^^^^^^^^^^^^^^^^^^^^^^^^^^^
  File "/home/airflow/.local/lib/python3.12/site-packages/airflow/operators/bash.py", line 249, in execute
    raise AirflowException(
airflow.exceptions.AirflowException: Bash command failed. The command returned a non-zero exit code 2.
[2026-04-20T03:34:39.420+0000] {local_task_job_runner.py:266} INFO - Task exited with return code 1
[2026-04-20T03:34:39.426+0000] {taskinstance.py:3900} INFO - 0 downstream tasks scheduled from follow-on schedule check
[2026-04-20T03:34:39.427+0000] {local_task_job_runner.py:245} INFO - ::endgroup::
