[2026-04-20T23:27:41.241+0000] {local_task_job_runner.py:123} INFO - ::group::Pre task execution logs
[2026-04-20T23:27:41.246+0000] {taskinstance.py:2612} INFO - Dependencies all met for dep_context=non-requeueable deps ti=<TaskInstance: employee_data_pipeline_v2.run_dbt_transformations manual__2026-04-20T23:27:35.940915+00:00 [queued]>
[2026-04-20T23:27:41.248+0000] {taskinstance.py:2612} INFO - Dependencies all met for dep_context=requeueable deps ti=<TaskInstance: employee_data_pipeline_v2.run_dbt_transformations manual__2026-04-20T23:27:35.940915+00:00 [queued]>
[2026-04-20T23:27:41.248+0000] {taskinstance.py:2865} INFO - Starting attempt 1 of 1
[2026-04-20T23:27:41.252+0000] {taskinstance.py:2888} INFO - Executing <Task(BashOperator): run_dbt_transformations> on 2026-04-20 23:27:35.940915+00:00
[2026-04-20T23:27:41.254+0000] {logging_mixin.py:190} WARNING - /home/***/.local/lib/python3.12/site-packages/***/task/task_runner/standard_task_runner.py:70 DeprecationWarning: This process (pid=5698) is multi-threaded, use of fork() may lead to deadlocks in the child.
[2026-04-20T23:27:41.255+0000] {standard_task_runner.py:72} INFO - Started process 5699 to run task
[2026-04-20T23:27:41.255+0000] {standard_task_runner.py:104} INFO - Running: ['***', 'tasks', 'run', 'employee_data_pipeline_v2', 'run_dbt_transformations', 'manual__2026-04-20T23:27:35.940915+00:00', '--job-id', '90', '--raw', '--subdir', 'DAGS_FOLDER/employee_pipeline_dag.py', '--cfg-path', '/tmp/tmpdlb0w37y']
[2026-04-20T23:27:41.256+0000] {standard_task_runner.py:105} INFO - Job 90: Subtask run_dbt_transformations
[2026-04-20T23:27:41.261+0000] {logging_mixin.py:190} WARNING - /home/***/.local/lib/python3.12/site-packages/***/settings.py:209 DeprecationWarning: The sql_alchemy_conn option in [core] has been moved to the sql_alchemy_conn option in [database] - the old setting has been used, but please update your config.
[2026-04-20T23:27:41.272+0000] {task_command.py:467} INFO - Running <TaskInstance: employee_data_pipeline_v2.run_dbt_transformations manual__2026-04-20T23:27:35.940915+00:00 [running]> on host 78fd1d8cced9
[2026-04-20T23:27:41.295+0000] {taskinstance.py:3131} INFO - Exporting env vars: AIRFLOW_CTX_DAG_OWNER='***' AIRFLOW_CTX_DAG_ID='employee_data_pipeline_v2' AIRFLOW_CTX_TASK_ID='run_dbt_transformations' AIRFLOW_CTX_EXECUTION_DATE='2026-04-20T23:27:35.940915+00:00' AIRFLOW_CTX_TRY_NUMBER='1' AIRFLOW_CTX_DAG_RUN_ID='manual__2026-04-20T23:27:35.940915+00:00'
[2026-04-20T23:27:41.295+0000] {taskinstance.py:731} INFO - ::endgroup::
[2026-04-20T23:27:41.300+0000] {subprocess.py:63} INFO - Tmp dir root location: /tmp
[2026-04-20T23:27:41.300+0000] {subprocess.py:75} INFO - Running command: ['/usr/bin/bash', '-c', 'cd /opt/***/employee_data_transformation && /home/***/.local/bin/dbt build --profiles-dir /home/***/.dbt']
[2026-04-20T23:27:41.303+0000] {subprocess.py:86} INFO - Output:
[2026-04-20T23:27:42.056+0000] {subprocess.py:93} INFO - [0m23:27:42  Running with dbt=1.11.8
[2026-04-20T23:27:42.374+0000] {subprocess.py:93} INFO - [0m23:27:42  Registered adapter: snowflake=1.11.4
[2026-04-20T23:27:42.479+0000] {subprocess.py:93} INFO - [0m23:27:42  [[33mWARNING[0m]: Configuration paths exist in your dbt_project.yml file which do not apply to any resources.
[2026-04-20T23:27:42.479+0000] {subprocess.py:93} INFO - There are 1 unused configuration paths:
[2026-04-20T23:27:42.479+0000] {subprocess.py:93} INFO - - models.employee_data_transformation.example
[2026-04-20T23:27:42.582+0000] {subprocess.py:93} INFO - [0m23:27:42  Found 13 models, 39 data tests, 4 sources, 639 macros
[2026-04-20T23:27:42.584+0000] {subprocess.py:93} INFO - [0m23:27:42
[2026-04-20T23:27:42.584+0000] {subprocess.py:93} INFO - [0m23:27:42  Concurrency: 4 threads (target='dev')
[2026-04-20T23:27:42.585+0000] {subprocess.py:93} INFO - [0m23:27:42
[2026-04-20T23:27:43.276+0000] {subprocess.py:93} INFO - [0m23:27:43  1 of 52 START sql table model STAGING.dim_date ................................. [RUN]
[2026-04-20T23:27:43.276+0000] {subprocess.py:93} INFO - [0m23:27:43  2 of 52 START sql view model STAGING.stg_employee .............................. [RUN]
[2026-04-20T23:27:43.276+0000] {subprocess.py:93} INFO - [0m23:27:43  3 of 52 START sql view model STAGING.stg_engagement ............................ [RUN]
[2026-04-20T23:27:43.277+0000] {subprocess.py:93} INFO - [0m23:27:43  4 of 52 START sql view model STAGING.stg_recruitment ........................... [RUN]
[2026-04-20T23:27:44.143+0000] {subprocess.py:93} INFO - [0m23:27:44  3 of 52 OK created sql view model STAGING.stg_engagement ....................... [[32mSUCCESS 1[0m in 0.86s]
[2026-04-20T23:27:44.144+0000] {subprocess.py:93} INFO - [0m23:27:44  2 of 52 OK created sql view model STAGING.stg_employee ......................... [[32mSUCCESS 1[0m in 0.87s]
[2026-04-20T23:27:44.145+0000] {subprocess.py:93} INFO - [0m23:27:44  4 of 52 OK created sql view model STAGING.stg_recruitment ...................... [[32mSUCCESS 1[0m in 0.87s]
[2026-04-20T23:27:44.146+0000] {subprocess.py:93} INFO - [0m23:27:44  5 of 52 START sql view model STAGING.stg_training .............................. [RUN]
[2026-04-20T23:27:44.147+0000] {subprocess.py:93} INFO - [0m23:27:44  6 of 52 START test not_null_stg_engagement_employee_id ......................... [RUN]
[2026-04-20T23:27:44.147+0000] {subprocess.py:93} INFO - [0m23:27:44  7 of 52 START test not_null_stg_engagement_engagement_score .................... [RUN]
[2026-04-20T23:27:44.354+0000] {subprocess.py:93} INFO - [0m23:27:44  6 of 52 PASS not_null_stg_engagement_employee_id ............................... [[32mPASS[0m in 0.21s]
[2026-04-20T23:27:44.355+0000] {subprocess.py:93} INFO - [0m23:27:44  7 of 52 PASS not_null_stg_engagement_engagement_score .......................... [[32mPASS[0m in 0.21s]
[2026-04-20T23:27:44.356+0000] {subprocess.py:93} INFO - [0m23:27:44  8 of 52 START test not_null_stg_engagement_survey_date ......................... [RUN]
[2026-04-20T23:27:44.356+0000] {subprocess.py:93} INFO - [0m23:27:44  9 of 52 START test not_null_stg_employee_employee_id ........................... [RUN]
[2026-04-20T23:27:44.390+0000] {subprocess.py:93} INFO - [0m23:27:44  5 of 52 OK created sql view model STAGING.stg_training ......................... [[32mSUCCESS 1[0m in 0.24s]
[2026-04-20T23:27:44.391+0000] {subprocess.py:93} INFO - [0m23:27:44  10 of 52 START test not_null_stg_employee_start_date ........................... [RUN]
[2026-04-20T23:27:44.571+0000] {subprocess.py:93} INFO - [0m23:27:44  8 of 52 PASS not_null_stg_engagement_survey_date ............................... [[32mPASS[0m in 0.21s]
[2026-04-20T23:27:44.573+0000] {subprocess.py:93} INFO - [0m23:27:44  11 of 52 START test unique_stg_employee_employee_id ............................ [RUN]
[2026-04-20T23:27:44.596+0000] {subprocess.py:93} INFO - [0m23:27:44  10 of 52 PASS not_null_stg_employee_start_date ................................. [[32mPASS[0m in 0.20s]
[2026-04-20T23:27:44.596+0000] {subprocess.py:93} INFO - [0m23:27:44  12 of 52 START test not_null_stg_recruitment_applicant_id ...................... [RUN]
[2026-04-20T23:27:44.615+0000] {subprocess.py:93} INFO - [0m23:27:44  9 of 52 PASS not_null_stg_employee_employee_id ................................. [[32mPASS[0m in 0.26s]
[2026-04-20T23:27:44.616+0000] {subprocess.py:93} INFO - [0m23:27:44  13 of 52 START test not_null_stg_recruitment_application_date .................. [RUN]
[2026-04-20T23:27:44.794+0000] {subprocess.py:93} INFO - [0m23:27:44  11 of 52 PASS unique_stg_employee_employee_id .................................. [[32mPASS[0m in 0.22s]
[2026-04-20T23:27:44.797+0000] {subprocess.py:93} INFO - [0m23:27:44  1 of 52 OK created sql table model STAGING.dim_date ............................ [[32mSUCCESS 11322[0m in 1.52s]
[2026-04-20T23:27:44.798+0000] {subprocess.py:93} INFO - [0m23:27:44  14 of 52 START test unique_stg_recruitment_applicant_id ........................ [RUN]
[2026-04-20T23:27:44.800+0000] {subprocess.py:93} INFO - [0m23:27:44  12 of 52 PASS not_null_stg_recruitment_applicant_id ............................ [[32mPASS[0m in 0.20s]
[2026-04-20T23:27:44.801+0000] {subprocess.py:93} INFO - [0m23:27:44  15 of 52 START test not_null_stg_training_employee_id .......................... [RUN]
[2026-04-20T23:27:44.803+0000] {subprocess.py:93} INFO - [0m23:27:44  16 of 52 START test not_null_stg_training_training_date ........................ [RUN]
[2026-04-20T23:27:44.810+0000] {subprocess.py:93} INFO - [0m23:27:44  13 of 52 PASS not_null_stg_recruitment_application_date ........................ [[32mPASS[0m in 0.19s]
[2026-04-20T23:27:44.813+0000] {subprocess.py:93} INFO - [0m23:27:44  17 of 52 START sql view model STAGING.fct_engagement ........................... [RUN]
[2026-04-20T23:27:44.963+0000] {subprocess.py:93} INFO - [0m23:27:44  14 of 52 PASS unique_stg_recruitment_applicant_id .............................. [[32mPASS[0m in 0.16s]
[2026-04-20T23:27:44.965+0000] {subprocess.py:93} INFO - [0m23:27:44  18 of 52 START sql view model STAGING.dim_department ........................... [RUN]
[2026-04-20T23:27:45.006+0000] {subprocess.py:93} INFO - [0m23:27:45  16 of 52 PASS not_null_stg_training_training_date .............................. [[32mPASS[0m in 0.20s]
[2026-04-20T23:27:45.007+0000] {subprocess.py:93} INFO - [0m23:27:45  19 of 52 START sql view model STAGING.dim_employee ............................. [RUN]
[2026-04-20T23:27:45.018+0000] {subprocess.py:93} INFO - [0m23:27:45  15 of 52 PASS not_null_stg_training_employee_id ................................ [[32mPASS[0m in 0.21s]
[2026-04-20T23:27:45.019+0000] {subprocess.py:93} INFO - [0m23:27:45  20 of 52 START sql view model STAGING.dim_job .................................. [RUN]
[2026-04-20T23:27:45.083+0000] {subprocess.py:93} INFO - [0m23:27:45  17 of 52 OK created sql view model STAGING.fct_engagement ...................... [[32mSUCCESS 1[0m in 0.27s]
[2026-04-20T23:27:45.085+0000] {subprocess.py:93} INFO - [0m23:27:45  21 of 52 START test not_null_dim_date_date_key ................................. [RUN]
[2026-04-20T23:27:45.266+0000] {subprocess.py:93} INFO - [0m23:27:45  18 of 52 OK created sql view model STAGING.dim_department ...................... [[32mSUCCESS 1[0m in 0.30s]
[2026-04-20T23:27:45.269+0000] {subprocess.py:93} INFO - [0m23:27:45  21 of 52 PASS not_null_dim_date_date_key ....................................... [[32mPASS[0m in 0.18s]
[2026-04-20T23:27:45.270+0000] {subprocess.py:93} INFO - [0m23:27:45  20 of 52 OK created sql view model STAGING.dim_job ............................. [[32mSUCCESS 1[0m in 0.25s]
[2026-04-20T23:27:45.271+0000] {subprocess.py:93} INFO - [0m23:27:45  22 of 52 START test unique_dim_date_date_key ................................... [RUN]
[2026-04-20T23:27:45.271+0000] {subprocess.py:93} INFO - [0m23:27:45  23 of 52 START sql view model STAGING.fct_recruitment .......................... [RUN]
[2026-04-20T23:27:45.272+0000] {subprocess.py:93} INFO - [0m23:27:45  24 of 52 START sql view model STAGING.dim_training_program ..................... [RUN]
[2026-04-20T23:27:45.308+0000] {subprocess.py:93} INFO - [0m23:27:45  19 of 52 OK created sql view model STAGING.dim_employee ........................ [[32mSUCCESS 1[0m in 0.30s]
[2026-04-20T23:27:45.309+0000] {subprocess.py:93} INFO - [0m23:27:45  25 of 52 START test not_null_fct_engagement_employee_id ........................ [RUN]
[2026-04-20T23:27:45.397+0000] {subprocess.py:93} INFO - [0m23:27:45  22 of 52 PASS unique_dim_date_date_key ......................................... [[32mPASS[0m in 0.13s]
[2026-04-20T23:27:45.398+0000] {subprocess.py:93} INFO - [0m23:27:45  26 of 52 START test not_null_fct_engagement_engagement_key ..................... [RUN]
[2026-04-20T23:27:45.462+0000] {subprocess.py:93} INFO - [0m23:27:45  25 of 52 PASS not_null_fct_engagement_employee_id .............................. [[32mPASS[0m in 0.15s]
[2026-04-20T23:27:45.463+0000] {subprocess.py:93} INFO - [0m23:27:45  27 of 52 START test unique_fct_engagement_engagement_key ....................... [RUN]
[2026-04-20T23:27:45.632+0000] {subprocess.py:93} INFO - [0m23:27:45  24 of 52 OK created sql view model STAGING.dim_training_program ................ [[32mSUCCESS 1[0m in 0.36s]
[2026-04-20T23:27:45.633+0000] {subprocess.py:93} INFO - [0m23:27:45  23 of 52 OK created sql view model STAGING.fct_recruitment ..................... [[32mSUCCESS 1[0m in 0.36s]
[2026-04-20T23:27:45.634+0000] {subprocess.py:93} INFO - [0m23:27:45  28 of 52 START test not_null_dim_department_department_key ..................... [RUN]
[2026-04-20T23:27:45.634+0000] {subprocess.py:93} INFO - [0m23:27:45  29 of 52 START test not_null_dim_department_department_name .................... [RUN]
[2026-04-20T23:27:45.643+0000] {subprocess.py:93} INFO - [0m23:27:45  27 of 52 PASS unique_fct_engagement_engagement_key ............................. [[32mPASS[0m in 0.18s]
[2026-04-20T23:27:45.644+0000] {subprocess.py:93} INFO - [0m23:27:45  30 of 52 START test unique_dim_department_department_key ....................... [RUN]
[2026-04-20T23:27:45.653+0000] {subprocess.py:93} INFO - [0m23:27:45  26 of 52 PASS not_null_fct_engagement_engagement_key ........................... [[32mPASS[0m in 0.25s]
[2026-04-20T23:27:45.653+0000] {subprocess.py:93} INFO - [0m23:27:45  31 of 52 START test not_null_dim_job_job_key ................................... [RUN]
[2026-04-20T23:27:45.830+0000] {subprocess.py:93} INFO - [0m23:27:45  28 of 52 PASS not_null_dim_department_department_key ........................... [[32mPASS[0m in 0.19s]
[2026-04-20T23:27:45.833+0000] {subprocess.py:93} INFO - [0m23:27:45  32 of 52 START test not_null_dim_job_job_title ................................. [RUN]
[2026-04-20T23:27:45.843+0000] {subprocess.py:93} INFO - [0m23:27:45  31 of 52 PASS not_null_dim_job_job_key ......................................... [[32mPASS[0m in 0.19s]
[2026-04-20T23:27:45.844+0000] {subprocess.py:93} INFO - [0m23:27:45  33 of 52 START test unique_dim_job_job_key ..................................... [RUN]
[2026-04-20T23:27:45.850+0000] {subprocess.py:93} INFO - [0m23:27:45  30 of 52 PASS unique_dim_department_department_key ............................. [[32mPASS[0m in 0.20s]
[2026-04-20T23:27:45.850+0000] {subprocess.py:93} INFO - [0m23:27:45  34 of 52 START test not_null_dim_employee_employee_id .......................... [RUN]
[2026-04-20T23:27:45.896+0000] {subprocess.py:93} INFO - [0m23:27:45  29 of 52 PASS not_null_dim_department_department_name .......................... [[32mPASS[0m in 0.26s]
[2026-04-20T23:27:45.897+0000] {subprocess.py:93} INFO - [0m23:27:45  35 of 52 START test not_null_dim_employee_is_active ............................ [RUN]
[2026-04-20T23:27:46.017+0000] {subprocess.py:93} INFO - [0m23:27:46  32 of 52 PASS not_null_dim_job_job_title ....................................... [[32mPASS[0m in 0.18s]
[2026-04-20T23:27:46.019+0000] {subprocess.py:93} INFO - [0m23:27:46  36 of 52 START test unique_dim_employee_employee_id ............................ [RUN]
[2026-04-20T23:27:46.025+0000] {subprocess.py:93} INFO - [0m23:27:46  34 of 52 PASS not_null_dim_employee_employee_id ................................ [[32mPASS[0m in 0.17s]
[2026-04-20T23:27:46.026+0000] {subprocess.py:93} INFO - [0m23:27:46  37 of 52 START test not_null_dim_training_program_training_program_key ......... [RUN]
[2026-04-20T23:27:46.047+0000] {subprocess.py:93} INFO - [0m23:27:46  33 of 52 PASS unique_dim_job_job_key ........................................... [[32mPASS[0m in 0.20s]
[2026-04-20T23:27:46.047+0000] {subprocess.py:93} INFO - [0m23:27:46  38 of 52 START test not_null_dim_training_program_training_program_name ........ [RUN]
[2026-04-20T23:27:46.075+0000] {subprocess.py:93} INFO - [0m23:27:46  35 of 52 PASS not_null_dim_employee_is_active .................................. [[32mPASS[0m in 0.18s]
[2026-04-20T23:27:46.076+0000] {subprocess.py:93} INFO - [0m23:27:46  39 of 52 START test unique_dim_training_program_training_program_key ........... [RUN]
[2026-04-20T23:27:46.181+0000] {subprocess.py:93} INFO - [0m23:27:46  36 of 52 PASS unique_dim_employee_employee_id .................................. [[32mPASS[0m in 0.16s]
[2026-04-20T23:27:46.182+0000] {subprocess.py:93} INFO - [0m23:27:46  40 of 52 START test not_null_fct_recruitment_applicant_id ...................... [RUN]
[2026-04-20T23:27:46.198+0000] {subprocess.py:93} INFO - [0m23:27:46  37 of 52 PASS not_null_dim_training_program_training_program_key ............... [[32mPASS[0m in 0.17s]
[2026-04-20T23:27:46.199+0000] {subprocess.py:93} INFO - [0m23:27:46  41 of 52 START test not_null_fct_recruitment_recruitment_key ................... [RUN]
[2026-04-20T23:27:46.200+0000] {subprocess.py:93} INFO - [0m23:27:46  38 of 52 PASS not_null_dim_training_program_training_program_name .............. [[32mPASS[0m in 0.15s]
[2026-04-20T23:27:46.203+0000] {subprocess.py:93} INFO - [0m23:27:46  42 of 52 START test unique_fct_recruitment_recruitment_key ..................... [RUN]
[2026-04-20T23:27:46.321+0000] {subprocess.py:93} INFO - [0m23:27:46  39 of 52 PASS unique_dim_training_program_training_program_key ................. [[32mPASS[0m in 0.24s]
[2026-04-20T23:27:46.322+0000] {subprocess.py:93} INFO - [0m23:27:46  43 of 52 START sql view model STAGING.fct_employee_snapshot .................... [RUN]
[2026-04-20T23:27:46.390+0000] {subprocess.py:93} INFO - [0m23:27:46  41 of 52 PASS not_null_fct_recruitment_recruitment_key ......................... [[32mPASS[0m in 0.19s]
[2026-04-20T23:27:46.391+0000] {subprocess.py:93} INFO - [0m23:27:46  44 of 52 START sql view model STAGING.fct_training ............................. [RUN]
[2026-04-20T23:27:46.393+0000] {subprocess.py:93} INFO - [0m23:27:46  40 of 52 PASS not_null_fct_recruitment_applicant_id ............................ [[32mPASS[0m in 0.21s]
[2026-04-20T23:27:46.408+0000] {subprocess.py:93} INFO - [0m23:27:46  42 of 52 PASS unique_fct_recruitment_recruitment_key ........................... [[32mPASS[0m in 0.21s]
[2026-04-20T23:27:46.861+0000] {subprocess.py:93} INFO - [0m23:27:46  43 of 52 OK created sql view model STAGING.fct_employee_snapshot ............... [[32mSUCCESS 1[0m in 0.54s]
[2026-04-20T23:27:46.862+0000] {subprocess.py:93} INFO - [0m23:27:46  44 of 52 OK created sql view model STAGING.fct_training ........................ [[32mSUCCESS 1[0m in 0.47s]
[2026-04-20T23:27:46.864+0000] {subprocess.py:93} INFO - [0m23:27:46  45 of 52 START test accepted_values_fct_employee_snapshot_performance_tier__High__Medium__Low__Unknown  [RUN]
[2026-04-20T23:27:46.864+0000] {subprocess.py:93} INFO - [0m23:27:46  46 of 52 START test not_null_fct_employee_snapshot_employee_id ................. [RUN]
[2026-04-20T23:27:46.864+0000] {subprocess.py:93} INFO - [0m23:27:46  47 of 52 START test not_null_fct_employee_snapshot_employee_snapshot_key ....... [RUN]
[2026-04-20T23:27:46.864+0000] {subprocess.py:93} INFO - [0m23:27:46  48 of 52 START test not_null_fct_training_employee_id .......................... [RUN]
[2026-04-20T23:27:47.165+0000] {subprocess.py:93} INFO - [0m23:27:47  48 of 52 PASS not_null_fct_training_employee_id ................................ [[32mPASS[0m in 0.30s]
[2026-04-20T23:27:47.167+0000] {subprocess.py:93} INFO - [0m23:27:47  49 of 52 START test not_null_fct_training_training_key ......................... [RUN]
[2026-04-20T23:27:47.175+0000] {subprocess.py:93} INFO - [0m23:27:47  46 of 52 PASS not_null_fct_employee_snapshot_employee_id ....................... [[32mPASS[0m in 0.31s]
[2026-04-20T23:27:47.176+0000] {subprocess.py:93} INFO - [0m23:27:47  50 of 52 START test relationships_fct_employee_snapshot_employee_id__employee_id__ref_dim_employee_  [RUN]
[2026-04-20T23:27:47.294+0000] {subprocess.py:93} INFO - [0m23:27:47  47 of 52 PASS not_null_fct_employee_snapshot_employee_snapshot_key ............. [[32mPASS[0m in 0.43s]
[2026-04-20T23:27:47.296+0000] {subprocess.py:93} INFO - [0m23:27:47  51 of 52 START test unique_fct_employee_snapshot_employee_snapshot_key ......... [RUN]
[2026-04-20T23:27:47.310+0000] {subprocess.py:93} INFO - [0m23:27:47  45 of 52 PASS accepted_values_fct_employee_snapshot_performance_tier__High__Medium__Low__Unknown  [[32mPASS[0m in 0.45s]
[2026-04-20T23:27:47.311+0000] {subprocess.py:93} INFO - [0m23:27:47  52 of 52 START test unique_fct_training_training_key ........................... [RUN]
[2026-04-20T23:27:47.466+0000] {subprocess.py:93} INFO - [0m23:27:47  49 of 52 PASS not_null_fct_training_training_key ............................... [[32mPASS[0m in 0.30s]
[2026-04-20T23:27:47.673+0000] {subprocess.py:93} INFO - [0m23:27:47  52 of 52 PASS unique_fct_training_training_key ................................. [[32mPASS[0m in 0.36s]
[2026-04-20T23:27:47.676+0000] {subprocess.py:93} INFO - [0m23:27:47  50 of 52 PASS relationships_fct_employee_snapshot_employee_id__employee_id__ref_dim_employee_  [[32mPASS[0m in 0.50s]
[2026-04-20T23:27:47.677+0000] {subprocess.py:93} INFO - [0m23:27:47  51 of 52 PASS unique_fct_employee_snapshot_employee_snapshot_key ............... [[32mPASS[0m in 0.38s]
[2026-04-20T23:27:48.128+0000] {subprocess.py:93} INFO - [0m23:27:48
[2026-04-20T23:27:48.129+0000] {subprocess.py:93} INFO - [0m23:27:48  Finished running 1 table model, 39 data tests, 12 view models in 0 hours 0 minutes and 5.54 seconds (5.54s).
[2026-04-20T23:27:48.162+0000] {subprocess.py:93} INFO - [0m23:27:48
[2026-04-20T23:27:48.163+0000] {subprocess.py:93} INFO - [0m23:27:48  [32mCompleted successfully[0m
[2026-04-20T23:27:48.163+0000] {subprocess.py:93} INFO - [0m23:27:48
[2026-04-20T23:27:48.163+0000] {subprocess.py:93} INFO - [0m23:27:48  Done. PASS=52 WARN=0 ERROR=0 SKIP=0 NO-OP=0 TOTAL=52
[2026-04-20T23:27:48.546+0000] {subprocess.py:97} INFO - Command exited with return code 0
[2026-04-20T23:27:48.555+0000] {taskinstance.py:340} INFO - ::group::Post task execution logs
[2026-04-20T23:27:48.555+0000] {taskinstance.py:352} INFO - Marking task as SUCCESS. dag_id=employee_data_pipeline_v2, task_id=run_dbt_transformations, run_id=manual__2026-04-20T23:27:35.940915+00:00, execution_date=20260420T232735, start_date=20260420T232741, end_date=20260420T232748
[2026-04-20T23:27:48.569+0000] {local_task_job_runner.py:266} INFO - Task exited with return code 0
[2026-04-20T23:27:48.574+0000] {taskinstance.py:3900} INFO - 0 downstream tasks scheduled from follow-on schedule check
[2026-04-20T23:27:48.575+0000] {local_task_job_runner.py:245} INFO - ::endgroup::
