[2026-04-20T00:09:58.125+0000] {local_task_job_runner.py:123} INFO - ::group::Pre task execution logs
[2026-04-20T00:09:58.130+0000] {taskinstance.py:2612} INFO - Dependencies all met for dep_context=non-requeueable deps ti=<TaskInstance: employee_data_pipeline.run_dbt_transformations scheduled__2026-04-19T00:00:00+00:00 [queued]>
[2026-04-20T00:09:58.133+0000] {taskinstance.py:2612} INFO - Dependencies all met for dep_context=requeueable deps ti=<TaskInstance: employee_data_pipeline.run_dbt_transformations scheduled__2026-04-19T00:00:00+00:00 [queued]>
[2026-04-20T00:09:58.134+0000] {taskinstance.py:2865} INFO - Starting attempt 1 of 1
[2026-04-20T00:09:58.139+0000] {taskinstance.py:2888} INFO - Executing <Task(BashOperator): run_dbt_transformations> on 2026-04-19 00:00:00+00:00
[2026-04-20T00:09:58.144+0000] {logging_mixin.py:190} WARNING - /home/***/.local/lib/python3.12/site-packages/***/task/task_runner/standard_task_runner.py:70 DeprecationWarning: This process (pid=22552) is multi-threaded, use of fork() may lead to deadlocks in the child.
[2026-04-20T00:09:58.144+0000] {standard_task_runner.py:72} INFO - Started process 22557 to run task
[2026-04-20T00:09:58.144+0000] {standard_task_runner.py:104} INFO - Running: ['***', 'tasks', 'run', 'employee_data_pipeline', 'run_dbt_transformations', 'scheduled__2026-04-19T00:00:00+00:00', '--job-id', '8', '--raw', '--subdir', 'DAGS_FOLDER/employee_pipeline_dag.py', '--cfg-path', '/tmp/tmp_xubtrct']
[2026-04-20T00:09:58.145+0000] {standard_task_runner.py:105} INFO - Job 8: Subtask run_dbt_transformations
[2026-04-20T00:09:58.153+0000] {logging_mixin.py:190} WARNING - /home/***/.local/lib/python3.12/site-packages/***/settings.py:209 DeprecationWarning: The sql_alchemy_conn option in [core] has been moved to the sql_alchemy_conn option in [database] - the old setting has been used, but please update your config.
[2026-04-20T00:09:58.166+0000] {task_command.py:467} INFO - Running <TaskInstance: employee_data_pipeline.run_dbt_transformations scheduled__2026-04-19T00:00:00+00:00 [running]> on host cccad36804e3
[2026-04-20T00:09:58.166+0000] {logging_mixin.py:190} WARNING - /home/***/.local/lib/python3.12/site-packages/***/settings.py:470 DeprecationWarning: The sql_alchemy_conn option in [core] has been moved to the sql_alchemy_conn option in [database] - the old setting has been used, but please update your config.
[2026-04-20T00:09:58.195+0000] {taskinstance.py:3131} INFO - Exporting env vars: AIRFLOW_CTX_DAG_OWNER='***' AIRFLOW_CTX_DAG_ID='employee_data_pipeline' AIRFLOW_CTX_TASK_ID='run_dbt_transformations' AIRFLOW_CTX_EXECUTION_DATE='2026-04-19T00:00:00+00:00' AIRFLOW_CTX_TRY_NUMBER='1' AIRFLOW_CTX_DAG_RUN_ID='scheduled__2026-04-19T00:00:00+00:00'
[2026-04-20T00:09:58.195+0000] {taskinstance.py:731} INFO - ::endgroup::
[2026-04-20T00:09:58.210+0000] {subprocess.py:63} INFO - Tmp dir root location: /tmp
[2026-04-20T00:09:58.211+0000] {subprocess.py:75} INFO - Running command: ['/usr/bin/bash', '-c', 'cd /opt/***/dbt/employee_data_transformation && dbt run']
[2026-04-20T00:09:58.215+0000] {subprocess.py:86} INFO - Output:
[2026-04-20T00:09:58.216+0000] {subprocess.py:93} INFO - /usr/bin/bash: line 1: cd: /opt/***/dbt/employee_data_transformation: No such file or directory
[2026-04-20T00:09:58.216+0000] {subprocess.py:97} INFO - Command exited with return code 1
[2026-04-20T00:09:58.219+0000] {taskinstance.py:3310} ERROR - Task failed with exception
Traceback (most recent call last):
  File "/home/airflow/.local/lib/python3.12/site-packages/airflow/models/taskinstance.py", line 767, in _execute_task
    result = _execute_callable(context=context, **execute_callable_kwargs)
             ^^^^^^^^^^^^^^^^^^^^^^^^^^^^^^^^^^^^^^^^^^^^^^^^^^^^^^^^^^^^^
  File "/home/airflow/.local/lib/python3.12/site-packages/airflow/models/taskinstance.py", line 733, in _execute_callable
    return ExecutionCallableRunner(
           ^^^^^^^^^^^^^^^^^^^^^^^^
  File "/home/airflow/.local/lib/python3.12/site-packages/airflow/utils/operator_helpers.py", line 252, in run
    return self.func(*args, **kwargs)
           ^^^^^^^^^^^^^^^^^^^^^^^^^^
  File "/home/airflow/.local/lib/python3.12/site-packages/airflow/models/baseoperator.py", line 406, in wrapper
    return func(self, *args, **kwargs)
           ^^^^^^^^^^^^^^^^^^^^^^^^^^^
  File "/home/airflow/.local/lib/python3.12/site-packages/airflow/operators/bash.py", line 249, in execute
    raise AirflowException(
airflow.exceptions.AirflowException: Bash command failed. The command returned a non-zero exit code 1.
[2026-04-20T00:09:58.221+0000] {taskinstance.py:1225} INFO - Marking task as FAILED. dag_id=employee_data_pipeline, task_id=run_dbt_transformations, run_id=scheduled__2026-04-19T00:00:00+00:00, execution_date=20260419T000000, start_date=20260420T000958, end_date=20260420T000958
[2026-04-20T00:09:58.226+0000] {taskinstance.py:340} INFO - ::group::Post task execution logs
[2026-04-20T00:09:58.226+0000] {standard_task_runner.py:124} ERROR - Failed to execute job 8 for task run_dbt_transformations (Bash command failed. The command returned a non-zero exit code 1.; 22557)
Traceback (most recent call last):
  File "/home/airflow/.local/lib/python3.12/site-packages/airflow/task/task_runner/standard_task_runner.py", line 117, in _start_by_fork
    ret = args.func(args, dag=self.dag)
          ^^^^^^^^^^^^^^^^^^^^^^^^^^^^^
  File "/home/airflow/.local/lib/python3.12/site-packages/airflow/cli/cli_config.py", line 49, in command
    return func(*args, **kwargs)
           ^^^^^^^^^^^^^^^^^^^^^
  File "/home/airflow/.local/lib/python3.12/site-packages/airflow/utils/cli.py", line 115, in wrapper
    return f(*args, **kwargs)
           ^^^^^^^^^^^^^^^^^^
  File "/home/airflow/.local/lib/python3.12/site-packages/airflow/cli/commands/task_command.py", line 483, in task_run
    task_return_code = _run_task_by_selected_method(args, _dag, ti)
                       ^^^^^^^^^^^^^^^^^^^^^^^^^^^^^^^^^^^^^^^^^^^^
  File "/home/airflow/.local/lib/python3.12/site-packages/airflow/cli/commands/task_command.py", line 256, in _run_task_by_selected_method
    return _run_raw_task(args, ti)
           ^^^^^^^^^^^^^^^^^^^^^^^
  File "/home/airflow/.local/lib/python3.12/site-packages/airflow/cli/commands/task_command.py", line 341, in _run_raw_task
    return ti._run_raw_task(
           ^^^^^^^^^^^^^^^^^
  File "/home/airflow/.local/lib/python3.12/site-packages/airflow/utils/session.py", line 97, in wrapper
    return func(*args, session=session, **kwargs)
           ^^^^^^^^^^^^^^^^^^^^^^^^^^^^^^^^^^^^^^
  File "/home/airflow/.local/lib/python3.12/site-packages/airflow/models/taskinstance.py", line 3004, in _run_raw_task
    return _run_raw_task(
           ^^^^^^^^^^^^^^
  File "/home/airflow/.local/lib/python3.12/site-packages/airflow/models/taskinstance.py", line 273, in _run_raw_task
    TaskInstance._execute_task_with_callbacks(
  File "/home/airflow/.local/lib/python3.12/site-packages/airflow/models/taskinstance.py", line 3158, in _execute_task_with_callbacks
    result = self._execute_task(context, task_orig)
             ^^^^^^^^^^^^^^^^^^^^^^^^^^^^^^^^^^^^^^
  File "/home/airflow/.local/lib/python3.12/site-packages/airflow/models/taskinstance.py", line 3182, in _execute_task
    return _execute_task(self, context, task_orig)
           ^^^^^^^^^^^^^^^^^^^^^^^^^^^^^^^^^^^^^^^
  File "/home/airflow/.local/lib/python3.12/site-packages/airflow/models/taskinstance.py", line 767, in _execute_task
    result = _execute_callable(context=context, **execute_callable_kwargs)
             ^^^^^^^^^^^^^^^^^^^^^^^^^^^^^^^^^^^^^^^^^^^^^^^^^^^^^^^^^^^^^
  File "/home/airflow/.local/lib/python3.12/site-packages/airflow/models/taskinstance.py", line 733, in _execute_callable
    return ExecutionCallableRunner(
           ^^^^^^^^^^^^^^^^^^^^^^^^
  File "/home/airflow/.local/lib/python3.12/site-packages/airflow/utils/operator_helpers.py", line 252, in run
    return self.func(*args, **kwargs)
           ^^^^^^^^^^^^^^^^^^^^^^^^^^
  File "/home/airflow/.local/lib/python3.12/site-packages/airflow/models/baseoperator.py", line 406, in wrapper
    return func(self, *args, **kwargs)
           ^^^^^^^^^^^^^^^^^^^^^^^^^^^
  File "/home/airflow/.local/lib/python3.12/site-packages/airflow/operators/bash.py", line 249, in execute
    raise AirflowException(
airflow.exceptions.AirflowException: Bash command failed. The command returned a non-zero exit code 1.
[2026-04-20T00:09:58.244+0000] {local_task_job_runner.py:266} INFO - Task exited with return code 1
[2026-04-20T00:09:58.250+0000] {taskinstance.py:3900} INFO - 0 downstream tasks scheduled from follow-on schedule check
[2026-04-20T00:09:58.250+0000] {local_task_job_runner.py:245} INFO - ::endgroup::
[2026-04-20T01:35:57.061+0000] {local_task_job_runner.py:123} INFO - ::group::Pre task execution logs
[2026-04-20T01:35:57.068+0000] {taskinstance.py:2612} INFO - Dependencies all met for dep_context=non-requeueable deps ti=<TaskInstance: employee_data_pipeline.run_dbt_transformations scheduled__2026-04-19T00:00:00+00:00 [queued]>
[2026-04-20T01:35:57.072+0000] {taskinstance.py:2612} INFO - Dependencies all met for dep_context=requeueable deps ti=<TaskInstance: employee_data_pipeline.run_dbt_transformations scheduled__2026-04-19T00:00:00+00:00 [queued]>
[2026-04-20T01:35:57.072+0000] {taskinstance.py:2865} INFO - Starting attempt 1 of 1
[2026-04-20T01:35:57.079+0000] {taskinstance.py:2888} INFO - Executing <Task(BashOperator): run_dbt_transformations> on 2026-04-19 00:00:00+00:00
[2026-04-20T01:35:57.082+0000] {logging_mixin.py:190} WARNING - /home/***/.local/lib/python3.12/site-packages/***/task/task_runner/standard_task_runner.py:70 DeprecationWarning: This process (pid=215) is multi-threaded, use of fork() may lead to deadlocks in the child.
[2026-04-20T01:35:57.083+0000] {standard_task_runner.py:72} INFO - Started process 221 to run task
[2026-04-20T01:35:57.083+0000] {standard_task_runner.py:104} INFO - Running: ['***', 'tasks', 'run', 'employee_data_pipeline', 'run_dbt_transformations', 'scheduled__2026-04-19T00:00:00+00:00', '--job-id', '7', '--raw', '--subdir', 'DAGS_FOLDER/employee_pipeline_dag.py', '--cfg-path', '/tmp/tmpjf2zu1k_']
[2026-04-20T01:35:57.084+0000] {standard_task_runner.py:105} INFO - Job 7: Subtask run_dbt_transformations
[2026-04-20T01:35:57.089+0000] {logging_mixin.py:190} WARNING - /home/***/.local/lib/python3.12/site-packages/***/settings.py:209 DeprecationWarning: The sql_alchemy_conn option in [core] has been moved to the sql_alchemy_conn option in [database] - the old setting has been used, but please update your config.
[2026-04-20T01:35:57.100+0000] {task_command.py:467} INFO - Running <TaskInstance: employee_data_pipeline.run_dbt_transformations scheduled__2026-04-19T00:00:00+00:00 [running]> on host dc1b1f76f449
[2026-04-20T01:35:57.101+0000] {logging_mixin.py:190} WARNING - /home/***/.local/lib/python3.12/site-packages/***/settings.py:470 DeprecationWarning: The sql_alchemy_conn option in [core] has been moved to the sql_alchemy_conn option in [database] - the old setting has been used, but please update your config.
[2026-04-20T01:35:57.126+0000] {taskinstance.py:3131} INFO - Exporting env vars: AIRFLOW_CTX_DAG_OWNER='***' AIRFLOW_CTX_DAG_ID='employee_data_pipeline' AIRFLOW_CTX_TASK_ID='run_dbt_transformations' AIRFLOW_CTX_EXECUTION_DATE='2026-04-19T00:00:00+00:00' AIRFLOW_CTX_TRY_NUMBER='1' AIRFLOW_CTX_DAG_RUN_ID='scheduled__2026-04-19T00:00:00+00:00'
[2026-04-20T01:35:57.126+0000] {taskinstance.py:731} INFO - ::endgroup::
[2026-04-20T01:35:57.140+0000] {subprocess.py:63} INFO - Tmp dir root location: /tmp
[2026-04-20T01:35:57.140+0000] {subprocess.py:75} INFO - Running command: ['/usr/bin/bash', '-c', 'cd /opt/***/dbt/employee_data_transformation && dbt run']
[2026-04-20T01:35:57.144+0000] {subprocess.py:86} INFO - Output:
[2026-04-20T01:35:57.145+0000] {subprocess.py:93} INFO - /usr/bin/bash: line 1: dbt: command not found
[2026-04-20T01:35:57.145+0000] {subprocess.py:97} INFO - Command exited with return code 127
[2026-04-20T01:35:57.149+0000] {taskinstance.py:3310} ERROR - Task failed with exception
Traceback (most recent call last):
  File "/home/airflow/.local/lib/python3.12/site-packages/airflow/models/taskinstance.py", line 767, in _execute_task
    result = _execute_callable(context=context, **execute_callable_kwargs)
             ^^^^^^^^^^^^^^^^^^^^^^^^^^^^^^^^^^^^^^^^^^^^^^^^^^^^^^^^^^^^^
  File "/home/airflow/.local/lib/python3.12/site-packages/airflow/models/taskinstance.py", line 733, in _execute_callable
    return ExecutionCallableRunner(
           ^^^^^^^^^^^^^^^^^^^^^^^^
  File "/home/airflow/.local/lib/python3.12/site-packages/airflow/utils/operator_helpers.py", line 252, in run
    return self.func(*args, **kwargs)
           ^^^^^^^^^^^^^^^^^^^^^^^^^^
  File "/home/airflow/.local/lib/python3.12/site-packages/airflow/models/baseoperator.py", line 406, in wrapper
    return func(self, *args, **kwargs)
           ^^^^^^^^^^^^^^^^^^^^^^^^^^^
  File "/home/airflow/.local/lib/python3.12/site-packages/airflow/operators/bash.py", line 249, in execute
    raise AirflowException(
airflow.exceptions.AirflowException: Bash command failed. The command returned a non-zero exit code 127.
[2026-04-20T01:35:57.150+0000] {taskinstance.py:1225} INFO - Marking task as FAILED. dag_id=employee_data_pipeline, task_id=run_dbt_transformations, run_id=scheduled__2026-04-19T00:00:00+00:00, execution_date=20260419T000000, start_date=20260420T013557, end_date=20260420T013557
[2026-04-20T01:35:57.154+0000] {taskinstance.py:340} INFO - ::group::Post task execution logs
[2026-04-20T01:35:57.154+0000] {standard_task_runner.py:124} ERROR - Failed to execute job 7 for task run_dbt_transformations (Bash command failed. The command returned a non-zero exit code 127.; 221)
Traceback (most recent call last):
  File "/home/airflow/.local/lib/python3.12/site-packages/airflow/task/task_runner/standard_task_runner.py", line 117, in _start_by_fork
    ret = args.func(args, dag=self.dag)
          ^^^^^^^^^^^^^^^^^^^^^^^^^^^^^
  File "/home/airflow/.local/lib/python3.12/site-packages/airflow/cli/cli_config.py", line 49, in command
    return func(*args, **kwargs)
           ^^^^^^^^^^^^^^^^^^^^^
  File "/home/airflow/.local/lib/python3.12/site-packages/airflow/utils/cli.py", line 115, in wrapper
    return f(*args, **kwargs)
           ^^^^^^^^^^^^^^^^^^
  File "/home/airflow/.local/lib/python3.12/site-packages/airflow/cli/commands/task_command.py", line 483, in task_run
    task_return_code = _run_task_by_selected_method(args, _dag, ti)
                       ^^^^^^^^^^^^^^^^^^^^^^^^^^^^^^^^^^^^^^^^^^^^
  File "/home/airflow/.local/lib/python3.12/site-packages/airflow/cli/commands/task_command.py", line 256, in _run_task_by_selected_method
    return _run_raw_task(args, ti)
           ^^^^^^^^^^^^^^^^^^^^^^^
  File "/home/airflow/.local/lib/python3.12/site-packages/airflow/cli/commands/task_command.py", line 341, in _run_raw_task
    return ti._run_raw_task(
           ^^^^^^^^^^^^^^^^^
  File "/home/airflow/.local/lib/python3.12/site-packages/airflow/utils/session.py", line 97, in wrapper
    return func(*args, session=session, **kwargs)
           ^^^^^^^^^^^^^^^^^^^^^^^^^^^^^^^^^^^^^^
  File "/home/airflow/.local/lib/python3.12/site-packages/airflow/models/taskinstance.py", line 3004, in _run_raw_task
    return _run_raw_task(
           ^^^^^^^^^^^^^^
  File "/home/airflow/.local/lib/python3.12/site-packages/airflow/models/taskinstance.py", line 273, in _run_raw_task
    TaskInstance._execute_task_with_callbacks(
  File "/home/airflow/.local/lib/python3.12/site-packages/airflow/models/taskinstance.py", line 3158, in _execute_task_with_callbacks
    result = self._execute_task(context, task_orig)
             ^^^^^^^^^^^^^^^^^^^^^^^^^^^^^^^^^^^^^^
  File "/home/airflow/.local/lib/python3.12/site-packages/airflow/models/taskinstance.py", line 3182, in _execute_task
    return _execute_task(self, context, task_orig)
           ^^^^^^^^^^^^^^^^^^^^^^^^^^^^^^^^^^^^^^^
  File "/home/airflow/.local/lib/python3.12/site-packages/airflow/models/taskinstance.py", line 767, in _execute_task
    result = _execute_callable(context=context, **execute_callable_kwargs)
             ^^^^^^^^^^^^^^^^^^^^^^^^^^^^^^^^^^^^^^^^^^^^^^^^^^^^^^^^^^^^^
  File "/home/airflow/.local/lib/python3.12/site-packages/airflow/models/taskinstance.py", line 733, in _execute_callable
    return ExecutionCallableRunner(
           ^^^^^^^^^^^^^^^^^^^^^^^^
  File "/home/airflow/.local/lib/python3.12/site-packages/airflow/utils/operator_helpers.py", line 252, in run
    return self.func(*args, **kwargs)
           ^^^^^^^^^^^^^^^^^^^^^^^^^^
  File "/home/airflow/.local/lib/python3.12/site-packages/airflow/models/baseoperator.py", line 406, in wrapper
    return func(self, *args, **kwargs)
           ^^^^^^^^^^^^^^^^^^^^^^^^^^^
  File "/home/airflow/.local/lib/python3.12/site-packages/airflow/operators/bash.py", line 249, in execute
    raise AirflowException(
airflow.exceptions.AirflowException: Bash command failed. The command returned a non-zero exit code 127.
[2026-04-20T01:35:57.180+0000] {local_task_job_runner.py:266} INFO - Task exited with return code 1
[2026-04-20T01:35:57.186+0000] {taskinstance.py:3900} INFO - 0 downstream tasks scheduled from follow-on schedule check
[2026-04-20T01:35:57.186+0000] {local_task_job_runner.py:245} INFO - ::endgroup::
