[2026-04-20T03:34:38.263+0000] {local_task_job_runner.py:123} INFO - ::group::Pre task execution logs
[2026-04-20T03:34:38.271+0000] {taskinstance.py:2612} INFO - Dependencies all met for dep_context=non-requeueable deps ti=<TaskInstance: employee_data_pipeline.load_to_raw_snowflake manual__2026-04-20T03:34:36.926987+00:00 [queued]>
[2026-04-20T03:34:38.275+0000] {taskinstance.py:2612} INFO - Dependencies all met for dep_context=requeueable deps ti=<TaskInstance: employee_data_pipeline.load_to_raw_snowflake manual__2026-04-20T03:34:36.926987+00:00 [queued]>
[2026-04-20T03:34:38.275+0000] {taskinstance.py:2865} INFO - Starting attempt 1 of 1
[2026-04-20T03:34:38.279+0000] {taskinstance.py:2888} INFO - Executing <Task(SnowflakeOperator): load_to_raw_snowflake> on 2026-04-20 03:34:36.926987+00:00
[2026-04-20T03:34:38.282+0000] {logging_mixin.py:190} WARNING - /home/***/.local/lib/python3.12/site-packages/***/task/task_runner/standard_task_runner.py:70 DeprecationWarning: This process (pid=179) is multi-threaded, use of fork() may lead to deadlocks in the child.
[2026-04-20T03:34:38.282+0000] {standard_task_runner.py:104} INFO - Running: ['***', 'tasks', 'run', 'employee_data_pipeline', 'load_to_raw_snowflake', 'manual__2026-04-20T03:34:36.926987+00:00', '--job-id', '37', '--raw', '--subdir', 'DAGS_FOLDER/employee_pipeline_dag.py', '--cfg-path', '/tmp/tmpzy7z1h3s']
[2026-04-20T03:34:38.283+0000] {standard_task_runner.py:72} INFO - Started process 187 to run task
[2026-04-20T03:34:38.283+0000] {standard_task_runner.py:105} INFO - Job 37: Subtask load_to_raw_snowflake
[2026-04-20T03:34:38.289+0000] {logging_mixin.py:190} WARNING - /home/***/.local/lib/python3.12/site-packages/***/settings.py:209 DeprecationWarning: The sql_alchemy_conn option in [core] has been moved to the sql_alchemy_conn option in [database] - the old setting has been used, but please update your config.
[2026-04-20T03:34:38.300+0000] {task_command.py:467} INFO - Running <TaskInstance: employee_data_pipeline.load_to_raw_snowflake manual__2026-04-20T03:34:36.926987+00:00 [running]> on host e01e90045a46
[2026-04-20T03:34:38.323+0000] {taskinstance.py:3131} INFO - Exporting env vars: AIRFLOW_CTX_DAG_OWNER='***' AIRFLOW_CTX_DAG_ID='employee_data_pipeline' AIRFLOW_CTX_TASK_ID='load_to_raw_snowflake' AIRFLOW_CTX_EXECUTION_DATE='2026-04-20T03:34:36.926987+00:00' AIRFLOW_CTX_TRY_NUMBER='1' AIRFLOW_CTX_DAG_RUN_ID='manual__2026-04-20T03:34:36.926987+00:00'
[2026-04-20T03:34:38.324+0000] {taskinstance.py:731} INFO - ::endgroup::
[2026-04-20T03:34:38.336+0000] {sql.py:266} INFO - Executing: 
USE WAREHOUSE EE_COMPUTE_WH;
USE DATABASE EMPLOYEE_DATA_DB;
USE SCHEMA STAGING;

COPY INTO EMPLOYEE_DATA_DB.STAGING.raw_employee_data(raw_file_content)
FROM (
  SELECT $1 
  FROM @EMPLOYEE_DATA_DB.STAGING.employee_raw_stage
)
FILE_FORMAT = (TYPE = PARQUET);
[2026-04-20T03:34:38.340+0000] {base.py:84} INFO - Retrieving connection 'snowflake_conn'
[2026-04-20T03:34:38.343+0000] {base.py:84} INFO - Retrieving connection 'snowflake_conn'
[2026-04-20T03:34:38.365+0000] {connection.py:620} INFO - Snowflake Connector for Python Version: 4.4.0, Python Version: 3.12.6, Platform: Linux-6.12.76-linuxkit-aarch64-with-glibc2.36
[2026-04-20T03:34:38.365+0000] {connection.py:1716} INFO - Connecting to GLOBAL Snowflake domain
[2026-04-20T03:34:38.447+0000] {credentials.py:1147} INFO - Found credentials in environment variables.
[2026-04-20T03:34:39.518+0000] {sql.py:509} INFO - Running statement: USE WAREHOUSE EE_COMPUTE_WH;, parameters: None
[2026-04-20T03:34:39.686+0000] {sql.py:518} INFO - Rows affected: 1
[2026-04-20T03:34:39.686+0000] {snowflake.py:422} INFO - Rows affected: 1
[2026-04-20T03:34:39.687+0000] {snowflake.py:423} INFO - Snowflake query id: 01c3d3b6-0005-16d0-000c-bde2000464a2
[2026-04-20T03:34:39.687+0000] {sql.py:509} INFO - Running statement: USE DATABASE EMPLOYEE_DATA_DB;, parameters: None
[2026-04-20T03:34:39.828+0000] {sql.py:518} INFO - Rows affected: 1
[2026-04-20T03:34:39.828+0000] {snowflake.py:422} INFO - Rows affected: 1
[2026-04-20T03:34:39.828+0000] {snowflake.py:423} INFO - Snowflake query id: 01c3d3b6-0005-251d-000c-bde20004340a
[2026-04-20T03:34:39.828+0000] {sql.py:509} INFO - Running statement: USE SCHEMA STAGING;, parameters: None
[2026-04-20T03:34:39.944+0000] {sql.py:518} INFO - Rows affected: 1
[2026-04-20T03:34:39.947+0000] {snowflake.py:422} INFO - Rows affected: 1
[2026-04-20T03:34:39.947+0000] {snowflake.py:423} INFO - Snowflake query id: 01c3d3b6-0005-23cc-000c-bde200040d16
[2026-04-20T03:34:39.947+0000] {sql.py:509} INFO - Running statement: COPY INTO EMPLOYEE_DATA_DB.STAGING.raw_employee_data(raw_file_content)
FROM (
  SELECT $1 
  FROM @EMPLOYEE_DATA_DB.STAGING.employee_raw_stage
)
FILE_FORMAT = (TYPE = PARQUET);, parameters: None
[2026-04-20T03:34:41.220+0000] {sql.py:518} INFO - Rows affected: 1
[2026-04-20T03:34:41.220+0000] {snowflake.py:422} INFO - Rows affected: 1
[2026-04-20T03:34:41.220+0000] {snowflake.py:423} INFO - Snowflake query id: 01c3d3b6-0005-251d-000c-bde20004340e
[2026-04-20T03:34:41.515+0000] {taskinstance.py:340} INFO - ::group::Post task execution logs
[2026-04-20T03:34:41.515+0000] {taskinstance.py:352} INFO - Marking task as SUCCESS. dag_id=employee_data_pipeline, task_id=load_to_raw_snowflake, run_id=manual__2026-04-20T03:34:36.926987+00:00, execution_date=20260420T033436, start_date=20260420T033438, end_date=20260420T033441
[2026-04-20T03:34:41.534+0000] {local_task_job_runner.py:266} INFO - Task exited with return code 0
[2026-04-20T03:34:41.540+0000] {taskinstance.py:3900} INFO - 0 downstream tasks scheduled from follow-on schedule check
[2026-04-20T03:34:41.541+0000] {local_task_job_runner.py:245} INFO - ::endgroup::
