[2026-04-21T00:00:00.201+0000] {local_task_job_runner.py:123} INFO - ::group::Pre task execution logs
[2026-04-21T00:00:00.206+0000] {taskinstance.py:2612} INFO - Dependencies all met for dep_context=non-requeueable deps ti=<TaskInstance: employee_data_pipeline_v2.load_employee_info scheduled__2026-04-20T00:00:00+00:00 [queued]>
[2026-04-21T00:00:00.209+0000] {taskinstance.py:2612} INFO - Dependencies all met for dep_context=requeueable deps ti=<TaskInstance: employee_data_pipeline_v2.load_employee_info scheduled__2026-04-20T00:00:00+00:00 [queued]>
[2026-04-21T00:00:00.209+0000] {taskinstance.py:2865} INFO - Starting attempt 1 of 1
[2026-04-21T00:00:00.213+0000] {taskinstance.py:2888} INFO - Executing <Task(SQLExecuteQueryOperator): load_employee_info> on 2026-04-20 00:00:00+00:00
[2026-04-21T00:00:00.217+0000] {logging_mixin.py:190} WARNING - /home/***/.local/lib/python3.12/site-packages/***/task/task_runner/standard_task_runner.py:70 DeprecationWarning: This process (pid=6096) is multi-threaded, use of fork() may lead to deadlocks in the child.
[2026-04-21T00:00:00.218+0000] {standard_task_runner.py:72} INFO - Started process 6104 to run task
[2026-04-21T00:00:00.218+0000] {standard_task_runner.py:104} INFO - Running: ['***', 'tasks', 'run', 'employee_data_pipeline_v2', 'load_employee_info', 'scheduled__2026-04-20T00:00:00+00:00', '--job-id', '94', '--raw', '--subdir', 'DAGS_FOLDER/employee_pipeline_dag.py', '--cfg-path', '/tmp/tmphl98nnqq']
[2026-04-21T00:00:00.219+0000] {standard_task_runner.py:105} INFO - Job 94: Subtask load_employee_info
[2026-04-21T00:00:00.224+0000] {logging_mixin.py:190} WARNING - /home/***/.local/lib/python3.12/site-packages/***/settings.py:209 DeprecationWarning: The sql_alchemy_conn option in [core] has been moved to the sql_alchemy_conn option in [database] - the old setting has been used, but please update your config.
[2026-04-21T00:00:00.240+0000] {task_command.py:467} INFO - Running <TaskInstance: employee_data_pipeline_v2.load_employee_info scheduled__2026-04-20T00:00:00+00:00 [running]> on host 78fd1d8cced9
[2026-04-21T00:00:00.241+0000] {logging_mixin.py:190} WARNING - /home/***/.local/lib/python3.12/site-packages/***/settings.py:470 DeprecationWarning: The sql_alchemy_conn option in [core] has been moved to the sql_alchemy_conn option in [database] - the old setting has been used, but please update your config.
[2026-04-21T00:00:00.270+0000] {taskinstance.py:3131} INFO - Exporting env vars: AIRFLOW_CTX_DAG_OWNER='***' AIRFLOW_CTX_DAG_ID='employee_data_pipeline_v2' AIRFLOW_CTX_TASK_ID='load_employee_info' AIRFLOW_CTX_EXECUTION_DATE='2026-04-20T00:00:00+00:00' AIRFLOW_CTX_TRY_NUMBER='1' AIRFLOW_CTX_DAG_RUN_ID='scheduled__2026-04-20T00:00:00+00:00'
[2026-04-21T00:00:00.271+0000] {taskinstance.py:731} INFO - ::endgroup::
[2026-04-21T00:00:00.277+0000] {sql.py:266} INFO - Executing: 
    USE WAREHOUSE EE_COMPUTE_WH;
    USE DATABASE EMPLOYEE_DATA_DB;
    USE SCHEMA RAW;
    TRUNCATE TABLE RAW_EMPLOYEE_INFO;
    COPY INTO RAW_EMPLOYEE_INFO
    FROM @employee_raw_stage/employee_data.csv
    FILE_FORMAT = (FORMAT_NAME = 'csv_format')
    FORCE = TRUE;
    
[2026-04-21T00:00:00.282+0000] {base.py:84} INFO - Retrieving connection 'snowflake_conn'
[2026-04-21T00:00:00.598+0000] {logging_mixin.py:190} WARNING - /home/***/.local/lib/python3.12/site-packages/snowflake/sqlalchemy/base.py:1068 SAWarning: The GenericFunction 'flatten' is already registered and is going to be overridden.
[2026-04-21T00:00:00.603+0000] {base.py:84} INFO - Retrieving connection 'snowflake_conn'
[2026-04-21T00:00:00.627+0000] {connection.py:620} INFO - Snowflake Connector for Python Version: 4.4.0, Python Version: 3.12.6, Platform: Linux-6.12.76-linuxkit-aarch64-with-glibc2.36
[2026-04-21T00:00:00.627+0000] {connection.py:1716} INFO - Connecting to GLOBAL Snowflake domain
[2026-04-21T00:00:00.736+0000] {credentials.py:1147} INFO - Found credentials in environment variables.
[2026-04-21T00:00:02.307+0000] {sql.py:509} INFO - Running statement: USE WAREHOUSE EE_COMPUTE_WH;, parameters: None
[2026-04-21T00:00:02.761+0000] {sql.py:518} INFO - Rows affected: 1
[2026-04-21T00:00:02.762+0000] {snowflake.py:422} INFO - Rows affected: 1
[2026-04-21T00:00:02.763+0000] {snowflake.py:423} INFO - Snowflake query id: 01c3d880-0005-2578-000c-bde200047cde
[2026-04-21T00:00:02.763+0000] {sql.py:509} INFO - Running statement: USE DATABASE EMPLOYEE_DATA_DB;, parameters: None
[2026-04-21T00:00:02.964+0000] {sql.py:518} INFO - Rows affected: 1
[2026-04-21T00:00:02.964+0000] {snowflake.py:422} INFO - Rows affected: 1
[2026-04-21T00:00:02.964+0000] {snowflake.py:423} INFO - Snowflake query id: 01c3d880-0005-2578-000c-bde200047ce6
[2026-04-21T00:00:02.964+0000] {sql.py:509} INFO - Running statement: USE SCHEMA RAW;, parameters: None
[2026-04-21T00:00:03.150+0000] {sql.py:518} INFO - Rows affected: 1
[2026-04-21T00:00:03.150+0000] {snowflake.py:422} INFO - Rows affected: 1
[2026-04-21T00:00:03.150+0000] {snowflake.py:423} INFO - Snowflake query id: 01c3d880-0005-263d-000c-bde200049c5a
[2026-04-21T00:00:03.150+0000] {sql.py:509} INFO - Running statement: TRUNCATE TABLE RAW_EMPLOYEE_INFO;, parameters: None
[2026-04-21T00:00:03.945+0000] {sql.py:518} INFO - Rows affected: 1
[2026-04-21T00:00:03.946+0000] {snowflake.py:422} INFO - Rows affected: 1
[2026-04-21T00:00:03.947+0000] {snowflake.py:423} INFO - Snowflake query id: 01c3d880-0005-263d-000c-bde200049c5e
[2026-04-21T00:00:03.947+0000] {sql.py:509} INFO - Running statement: COPY INTO RAW_EMPLOYEE_INFO
    FROM @employee_raw_stage/employee_data.csv
    FILE_FORMAT = (FORMAT_NAME = 'csv_format')
    FORCE = TRUE;, parameters: None
[2026-04-21T00:00:08.553+0000] {sql.py:518} INFO - Rows affected: 1
[2026-04-21T00:00:08.553+0000] {snowflake.py:422} INFO - Rows affected: 1
[2026-04-21T00:00:08.554+0000] {snowflake.py:423} INFO - Snowflake query id: 01c3d880-0005-2533-000c-bde200048d0a
[2026-04-21T00:00:09.744+0000] {taskinstance.py:340} INFO - ::group::Post task execution logs
[2026-04-21T00:00:09.744+0000] {taskinstance.py:352} INFO - Marking task as SUCCESS. dag_id=employee_data_pipeline_v2, task_id=load_employee_info, run_id=scheduled__2026-04-20T00:00:00+00:00, execution_date=20260420T000000, start_date=20260421T000000, end_date=20260421T000009
[2026-04-21T00:00:09.780+0000] {local_task_job_runner.py:266} INFO - Task exited with return code 0
[2026-04-21T00:00:09.787+0000] {taskinstance.py:3900} INFO - 0 downstream tasks scheduled from follow-on schedule check
[2026-04-21T00:00:09.787+0000] {local_task_job_runner.py:245} INFO - ::endgroup::
