[2026-04-20T14:55:22.179+0000] {local_task_job_runner.py:123} INFO - ::group::Pre task execution logs
[2026-04-20T14:55:22.183+0000] {taskinstance.py:2612} INFO - Dependencies all met for dep_context=non-requeueable deps ti=<TaskInstance: employee_data_pipeline.load_to_raw_snowflake manual__2026-04-20T14:55:21.069962+00:00 [queued]>
[2026-04-20T14:55:22.185+0000] {taskinstance.py:2612} INFO - Dependencies all met for dep_context=requeueable deps ti=<TaskInstance: employee_data_pipeline.load_to_raw_snowflake manual__2026-04-20T14:55:21.069962+00:00 [queued]>
[2026-04-20T14:55:22.186+0000] {taskinstance.py:2865} INFO - Starting attempt 1 of 1
[2026-04-20T14:55:22.189+0000] {taskinstance.py:2888} INFO - Executing <Task(SnowflakeOperator): load_to_raw_snowflake> on 2026-04-20 14:55:21.069962+00:00
[2026-04-20T14:55:22.192+0000] {logging_mixin.py:190} WARNING - /home/***/.local/lib/python3.12/site-packages/***/task/task_runner/standard_task_runner.py:70 DeprecationWarning: This process (pid=354) is multi-threaded, use of fork() may lead to deadlocks in the child.
[2026-04-20T14:55:22.192+0000] {standard_task_runner.py:72} INFO - Started process 358 to run task
[2026-04-20T14:55:22.192+0000] {standard_task_runner.py:104} INFO - Running: ['***', 'tasks', 'run', 'employee_data_pipeline', 'load_to_raw_snowflake', 'manual__2026-04-20T14:55:21.069962+00:00', '--job-id', '64', '--raw', '--subdir', 'DAGS_FOLDER/employee_pipeline_dag.py', '--cfg-path', '/tmp/tmp_5f2r4aa']
[2026-04-20T14:55:22.193+0000] {standard_task_runner.py:105} INFO - Job 64: Subtask load_to_raw_snowflake
[2026-04-20T14:55:22.198+0000] {logging_mixin.py:190} WARNING - /home/***/.local/lib/python3.12/site-packages/***/settings.py:209 DeprecationWarning: The sql_alchemy_conn option in [core] has been moved to the sql_alchemy_conn option in [database] - the old setting has been used, but please update your config.
[2026-04-20T14:55:22.207+0000] {task_command.py:467} INFO - Running <TaskInstance: employee_data_pipeline.load_to_raw_snowflake manual__2026-04-20T14:55:21.069962+00:00 [running]> on host 78fd1d8cced9
[2026-04-20T14:55:22.230+0000] {taskinstance.py:3131} INFO - Exporting env vars: AIRFLOW_CTX_DAG_OWNER='***' AIRFLOW_CTX_DAG_ID='employee_data_pipeline' AIRFLOW_CTX_TASK_ID='load_to_raw_snowflake' AIRFLOW_CTX_EXECUTION_DATE='2026-04-20T14:55:21.069962+00:00' AIRFLOW_CTX_TRY_NUMBER='1' AIRFLOW_CTX_DAG_RUN_ID='manual__2026-04-20T14:55:21.069962+00:00'
[2026-04-20T14:55:22.231+0000] {taskinstance.py:731} INFO - ::endgroup::
[2026-04-20T14:55:22.244+0000] {sql.py:266} INFO - Executing: 
USE WAREHOUSE EE_COMPUTE_WH;
USE DATABASE EMPLOYEE_DATA_DB;
USE SCHEMA STAGING;

COPY INTO EMPLOYEE_DATA_DB.STAGING.raw_employee_data(raw_file_content)
FROM (SELECT $1 FROM @EMPLOYEE_DATA_DB.STAGING.employee_raw_stage)
FILE_FORMAT = (TYPE = PARQUET);
[2026-04-20T14:55:22.247+0000] {base.py:84} INFO - Retrieving connection 'snowflake_conn'
[2026-04-20T14:55:22.250+0000] {base.py:84} INFO - Retrieving connection 'snowflake_conn'
[2026-04-20T14:55:22.272+0000] {connection.py:620} INFO - Snowflake Connector for Python Version: 4.4.0, Python Version: 3.12.6, Platform: Linux-6.12.76-linuxkit-aarch64-with-glibc2.36
[2026-04-20T14:55:22.273+0000] {connection.py:1716} INFO - Connecting to GLOBAL Snowflake domain
[2026-04-20T14:55:22.358+0000] {credentials.py:1147} INFO - Found credentials in environment variables.
[2026-04-20T14:55:23.636+0000] {sql.py:509} INFO - Running statement: USE WAREHOUSE EE_COMPUTE_WH;, parameters: None
[2026-04-20T14:55:23.884+0000] {sql.py:518} INFO - Rows affected: 1
[2026-04-20T14:55:23.885+0000] {snowflake.py:422} INFO - Rows affected: 1
[2026-04-20T14:55:23.885+0000] {snowflake.py:423} INFO - Snowflake query id: 01c3d65f-0005-2533-000c-bde20004806a
[2026-04-20T14:55:23.885+0000] {sql.py:509} INFO - Running statement: USE DATABASE EMPLOYEE_DATA_DB;, parameters: None
[2026-04-20T14:55:24.085+0000] {sql.py:518} INFO - Rows affected: 1
[2026-04-20T14:55:24.086+0000] {snowflake.py:422} INFO - Rows affected: 1
[2026-04-20T14:55:24.086+0000] {snowflake.py:423} INFO - Snowflake query id: 01c3d65f-0005-1a4d-000c-bde20004295a
[2026-04-20T14:55:24.086+0000] {sql.py:509} INFO - Running statement: USE SCHEMA STAGING;, parameters: None
[2026-04-20T14:55:24.309+0000] {sql.py:518} INFO - Rows affected: 1
[2026-04-20T14:55:24.310+0000] {snowflake.py:422} INFO - Rows affected: 1
[2026-04-20T14:55:24.310+0000] {snowflake.py:423} INFO - Snowflake query id: 01c3d65f-0005-251d-000c-bde200043572
[2026-04-20T14:55:24.310+0000] {sql.py:509} INFO - Running statement: COPY INTO EMPLOYEE_DATA_DB.STAGING.raw_employee_data(raw_file_content)
FROM (SELECT $1 FROM @EMPLOYEE_DATA_DB.STAGING.employee_raw_stage)
FILE_FORMAT = (TYPE = PARQUET);, parameters: None
[2026-04-20T14:55:26.053+0000] {sql.py:518} INFO - Rows affected: 1
[2026-04-20T14:55:26.054+0000] {snowflake.py:422} INFO - Rows affected: 1
[2026-04-20T14:55:26.054+0000] {snowflake.py:423} INFO - Snowflake query id: 01c3d65f-0005-263d-000c-bde200049042
[2026-04-20T14:55:26.488+0000] {taskinstance.py:340} INFO - ::group::Post task execution logs
[2026-04-20T14:55:26.488+0000] {taskinstance.py:352} INFO - Marking task as SUCCESS. dag_id=employee_data_pipeline, task_id=load_to_raw_snowflake, run_id=manual__2026-04-20T14:55:21.069962+00:00, execution_date=20260420T145521, start_date=20260420T145522, end_date=20260420T145526
[2026-04-20T14:55:26.520+0000] {local_task_job_runner.py:266} INFO - Task exited with return code 0
[2026-04-20T14:55:26.528+0000] {logging_mixin.py:190} WARNING - /home/***/.local/lib/python3.12/site-packages/***/models/baseoperator.py:1378 AirflowProviderDeprecationWarning: Call to deprecated class SnowflakeOperator. (This class is deprecated. Please use `***.providers.common.sql.operators.sql.SQLExecuteQueryOperator`. Also, you can provide `hook_params={'warehouse': <warehouse>, 'database': <database>, 'role': <role>, 'schema': <schema>, 'authenticator': <authenticator>,'session_parameters': <session_parameters>}`.)
[2026-04-20T14:55:26.530+0000] {taskinstance.py:3900} INFO - 0 downstream tasks scheduled from follow-on schedule check
[2026-04-20T14:55:26.531+0000] {local_task_job_runner.py:245} INFO - ::endgroup::
