[2026-04-20T23:27:36.488+0000] {local_task_job_runner.py:123} INFO - ::group::Pre task execution logs
[2026-04-20T23:27:36.493+0000] {taskinstance.py:2612} INFO - Dependencies all met for dep_context=non-requeueable deps ti=<TaskInstance: employee_data_pipeline_v2.load_training manual__2026-04-20T23:27:35.940915+00:00 [queued]>
[2026-04-20T23:27:36.496+0000] {taskinstance.py:2612} INFO - Dependencies all met for dep_context=requeueable deps ti=<TaskInstance: employee_data_pipeline_v2.load_training manual__2026-04-20T23:27:35.940915+00:00 [queued]>
[2026-04-20T23:27:36.496+0000] {taskinstance.py:2865} INFO - Starting attempt 1 of 1
[2026-04-20T23:27:36.500+0000] {taskinstance.py:2888} INFO - Executing <Task(SQLExecuteQueryOperator): load_training> on 2026-04-20 23:27:35.940915+00:00
[2026-04-20T23:27:36.503+0000] {logging_mixin.py:190} WARNING - /home/***/.local/lib/python3.12/site-packages/***/task/task_runner/standard_task_runner.py:70 DeprecationWarning: This process (pid=5654) is multi-threaded, use of fork() may lead to deadlocks in the child.
[2026-04-20T23:27:36.503+0000] {standard_task_runner.py:72} INFO - Started process 5655 to run task
[2026-04-20T23:27:36.503+0000] {standard_task_runner.py:104} INFO - Running: ['***', 'tasks', 'run', 'employee_data_pipeline_v2', 'load_training', 'manual__2026-04-20T23:27:35.940915+00:00', '--job-id', '88', '--raw', '--subdir', 'DAGS_FOLDER/employee_pipeline_dag.py', '--cfg-path', '/tmp/tmpxpb1_mxt']
[2026-04-20T23:27:36.504+0000] {standard_task_runner.py:105} INFO - Job 88: Subtask load_training
[2026-04-20T23:27:36.510+0000] {logging_mixin.py:190} WARNING - /home/***/.local/lib/python3.12/site-packages/***/settings.py:209 DeprecationWarning: The sql_alchemy_conn option in [core] has been moved to the sql_alchemy_conn option in [database] - the old setting has been used, but please update your config.
[2026-04-20T23:27:36.524+0000] {task_command.py:467} INFO - Running <TaskInstance: employee_data_pipeline_v2.load_training manual__2026-04-20T23:27:35.940915+00:00 [running]> on host 78fd1d8cced9
[2026-04-20T23:27:36.554+0000] {taskinstance.py:3131} INFO - Exporting env vars: AIRFLOW_CTX_DAG_OWNER='***' AIRFLOW_CTX_DAG_ID='employee_data_pipeline_v2' AIRFLOW_CTX_TASK_ID='load_training' AIRFLOW_CTX_EXECUTION_DATE='2026-04-20T23:27:35.940915+00:00' AIRFLOW_CTX_TRY_NUMBER='1' AIRFLOW_CTX_DAG_RUN_ID='manual__2026-04-20T23:27:35.940915+00:00'
[2026-04-20T23:27:36.554+0000] {taskinstance.py:731} INFO - ::endgroup::
[2026-04-20T23:27:36.559+0000] {sql.py:266} INFO - Executing: 
    USE WAREHOUSE EE_COMPUTE_WH;
    USE DATABASE EMPLOYEE_DATA_DB;
    USE SCHEMA RAW;
    TRUNCATE TABLE RAW_TRAINING;
    COPY INTO RAW_TRAINING
    FROM @employee_raw_stage/training_and_development_data.csv
    FILE_FORMAT = (FORMAT_NAME = 'csv_format')
    FORCE = TRUE;
    
[2026-04-20T23:27:36.563+0000] {base.py:84} INFO - Retrieving connection 'snowflake_conn'
[2026-04-20T23:27:36.813+0000] {logging_mixin.py:190} WARNING - /home/***/.local/lib/python3.12/site-packages/snowflake/sqlalchemy/base.py:1068 SAWarning: The GenericFunction 'flatten' is already registered and is going to be overridden.
[2026-04-20T23:27:36.819+0000] {base.py:84} INFO - Retrieving connection 'snowflake_conn'
[2026-04-20T23:27:36.841+0000] {connection.py:620} INFO - Snowflake Connector for Python Version: 4.4.0, Python Version: 3.12.6, Platform: Linux-6.12.76-linuxkit-aarch64-with-glibc2.36
[2026-04-20T23:27:36.842+0000] {connection.py:1716} INFO - Connecting to GLOBAL Snowflake domain
[2026-04-20T23:27:36.941+0000] {credentials.py:1147} INFO - Found credentials in environment variables.
[2026-04-20T23:27:37.858+0000] {sql.py:509} INFO - Running statement: USE WAREHOUSE EE_COMPUTE_WH;, parameters: None
[2026-04-20T23:27:37.943+0000] {sql.py:518} INFO - Rows affected: 1
[2026-04-20T23:27:37.943+0000] {snowflake.py:422} INFO - Rows affected: 1
[2026-04-20T23:27:37.943+0000] {snowflake.py:423} INFO - Snowflake query id: 01c3d85f-0005-2578-000c-bde200047bd6
[2026-04-20T23:27:37.944+0000] {sql.py:509} INFO - Running statement: USE DATABASE EMPLOYEE_DATA_DB;, parameters: None
[2026-04-20T23:27:38.046+0000] {sql.py:518} INFO - Rows affected: 1
[2026-04-20T23:27:38.047+0000] {snowflake.py:422} INFO - Rows affected: 1
[2026-04-20T23:27:38.048+0000] {snowflake.py:423} INFO - Snowflake query id: 01c3d85f-0005-263d-000c-bde200049b6a
[2026-04-20T23:27:38.048+0000] {sql.py:509} INFO - Running statement: USE SCHEMA RAW;, parameters: None
[2026-04-20T23:27:38.152+0000] {sql.py:518} INFO - Rows affected: 1
[2026-04-20T23:27:38.152+0000] {snowflake.py:422} INFO - Rows affected: 1
[2026-04-20T23:27:38.153+0000] {snowflake.py:423} INFO - Snowflake query id: 01c3d85f-0005-263d-000c-bde200049b76
[2026-04-20T23:27:38.153+0000] {sql.py:509} INFO - Running statement: TRUNCATE TABLE RAW_TRAINING;, parameters: None
[2026-04-20T23:27:38.457+0000] {sql.py:518} INFO - Rows affected: 1
[2026-04-20T23:27:38.458+0000] {snowflake.py:422} INFO - Rows affected: 1
[2026-04-20T23:27:38.459+0000] {snowflake.py:423} INFO - Snowflake query id: 01c3d85f-0005-263d-000c-bde200049b82
[2026-04-20T23:27:38.459+0000] {sql.py:509} INFO - Running statement: COPY INTO RAW_TRAINING
    FROM @employee_raw_stage/training_and_development_data.csv
    FILE_FORMAT = (FORMAT_NAME = 'csv_format')
    FORCE = TRUE;, parameters: None
[2026-04-20T23:27:39.684+0000] {sql.py:518} INFO - Rows affected: 1
[2026-04-20T23:27:39.685+0000] {snowflake.py:422} INFO - Rows affected: 1
[2026-04-20T23:27:39.685+0000] {snowflake.py:423} INFO - Snowflake query id: 01c3d85f-0005-2533-000c-bde200048c32
[2026-04-20T23:27:40.156+0000] {taskinstance.py:340} INFO - ::group::Post task execution logs
[2026-04-20T23:27:40.157+0000] {taskinstance.py:352} INFO - Marking task as SUCCESS. dag_id=employee_data_pipeline_v2, task_id=load_training, run_id=manual__2026-04-20T23:27:35.940915+00:00, execution_date=20260420T232735, start_date=20260420T232736, end_date=20260420T232740
[2026-04-20T23:27:40.199+0000] {local_task_job_runner.py:266} INFO - Task exited with return code 0
[2026-04-20T23:27:40.202+0000] {local_task_job_runner.py:245} INFO - ::endgroup::
