[2026-04-20T03:06:01.404+0000] {local_task_job_runner.py:123} INFO - ::group::Pre task execution logs
[2026-04-20T03:06:01.412+0000] {taskinstance.py:2612} INFO - Dependencies all met for dep_context=non-requeueable deps ti=<TaskInstance: employee_data_pipeline.load_to_raw_snowflake manual__2026-04-20T03:06:00.062996+00:00 [queued]>
[2026-04-20T03:06:01.415+0000] {taskinstance.py:2612} INFO - Dependencies all met for dep_context=requeueable deps ti=<TaskInstance: employee_data_pipeline.load_to_raw_snowflake manual__2026-04-20T03:06:00.062996+00:00 [queued]>
[2026-04-20T03:06:01.415+0000] {taskinstance.py:2865} INFO - Starting attempt 1 of 1
[2026-04-20T03:06:01.421+0000] {taskinstance.py:2888} INFO - Executing <Task(SnowflakeOperator): load_to_raw_snowflake> on 2026-04-20 03:06:00.062996+00:00
[2026-04-20T03:06:01.424+0000] {logging_mixin.py:190} WARNING - /home/***/.local/lib/python3.12/site-packages/***/task/task_runner/standard_task_runner.py:70 DeprecationWarning: This process (pid=189) is multi-threaded, use of fork() may lead to deadlocks in the child.
[2026-04-20T03:06:01.424+0000] {standard_task_runner.py:72} INFO - Started process 195 to run task
[2026-04-20T03:06:01.424+0000] {standard_task_runner.py:104} INFO - Running: ['***', 'tasks', 'run', 'employee_data_pipeline', 'load_to_raw_snowflake', 'manual__2026-04-20T03:06:00.062996+00:00', '--job-id', '21', '--raw', '--subdir', 'DAGS_FOLDER/employee_pipeline_dag.py', '--cfg-path', '/tmp/tmp2bevdct1']
[2026-04-20T03:06:01.425+0000] {standard_task_runner.py:105} INFO - Job 21: Subtask load_to_raw_snowflake
[2026-04-20T03:06:01.431+0000] {logging_mixin.py:190} WARNING - /home/***/.local/lib/python3.12/site-packages/***/settings.py:209 DeprecationWarning: The sql_alchemy_conn option in [core] has been moved to the sql_alchemy_conn option in [database] - the old setting has been used, but please update your config.
[2026-04-20T03:06:01.442+0000] {task_command.py:467} INFO - Running <TaskInstance: employee_data_pipeline.load_to_raw_snowflake manual__2026-04-20T03:06:00.062996+00:00 [running]> on host 60f55efdb476
[2026-04-20T03:06:01.468+0000] {taskinstance.py:3131} INFO - Exporting env vars: AIRFLOW_CTX_DAG_OWNER='***' AIRFLOW_CTX_DAG_ID='employee_data_pipeline' AIRFLOW_CTX_TASK_ID='load_to_raw_snowflake' AIRFLOW_CTX_EXECUTION_DATE='2026-04-20T03:06:00.062996+00:00' AIRFLOW_CTX_TRY_NUMBER='1' AIRFLOW_CTX_DAG_RUN_ID='manual__2026-04-20T03:06:00.062996+00:00'
[2026-04-20T03:06:01.468+0000] {taskinstance.py:731} INFO - ::endgroup::
[2026-04-20T03:06:01.482+0000] {sql.py:266} INFO - Executing: 
USE WAREHOUSE EE_COMPUTE_WH;
USE DATABASE EMPLOYEE_DATA_DB;
USE SCHEMA STAGING;

COPY INTO EMPLOYEE_DATA_DB.STAGING.raw_employee_data(raw_file_content)
FROM (
  SELECT $1 
  FROM @EMPLOYEE_DATA_DB.STAGING.employee_raw_stage
)
FILE_FORMAT = (TYPE = PARQUET);
[2026-04-20T03:06:01.486+0000] {base.py:84} INFO - Retrieving connection 'snowflake_conn'
[2026-04-20T03:06:01.490+0000] {base.py:84} INFO - Retrieving connection 'snowflake_conn'
[2026-04-20T03:06:01.513+0000] {connection.py:413} INFO - Snowflake Connector for Python Version: 3.12.2, Python Version: 3.12.6, Platform: Linux-6.12.76-linuxkit-aarch64-with-glibc2.36
[2026-04-20T03:06:01.513+0000] {connection.py:1196} INFO - Connecting to GLOBAL Snowflake domain
[2026-04-20T03:06:01.513+0000] {connection.py:1277} INFO - This connection is in OCSP Fail Open Mode. TLS Certificates would be checked for validity and revocation status. Any other Certificate Revocation related exceptions or OCSP Responder failures would be disregarded in favor of connectivity.
[2026-04-20T03:06:03.215+0000] {cursor.py:1156} INFO - Number of results in first chunk: 1
[2026-04-20T03:06:03.216+0000] {sql.py:509} INFO - Running statement: USE WAREHOUSE EE_COMPUTE_WH;, parameters: None
[2026-04-20T03:06:03.425+0000] {cursor.py:1156} INFO - Number of results in first chunk: 1
[2026-04-20T03:06:03.425+0000] {sql.py:518} INFO - Rows affected: 1
[2026-04-20T03:06:03.426+0000] {snowflake.py:422} INFO - Rows affected: 1
[2026-04-20T03:06:03.426+0000] {snowflake.py:423} INFO - Snowflake query id: 01c3d39a-0005-23cc-000c-bde200040ca6
[2026-04-20T03:06:03.426+0000] {sql.py:509} INFO - Running statement: USE DATABASE EMPLOYEE_DATA_DB;, parameters: None
[2026-04-20T03:06:03.629+0000] {cursor.py:1156} INFO - Number of results in first chunk: 1
[2026-04-20T03:06:03.630+0000] {sql.py:518} INFO - Rows affected: 1
[2026-04-20T03:06:03.631+0000] {snowflake.py:422} INFO - Rows affected: 1
[2026-04-20T03:06:03.631+0000] {snowflake.py:423} INFO - Snowflake query id: 01c3d39a-0005-251d-000c-bde2000433b6
[2026-04-20T03:06:03.631+0000] {sql.py:509} INFO - Running statement: USE SCHEMA STAGING;, parameters: None
[2026-04-20T03:06:03.738+0000] {cursor.py:1156} INFO - Number of results in first chunk: 1
[2026-04-20T03:06:03.738+0000] {sql.py:518} INFO - Rows affected: 1
[2026-04-20T03:06:03.739+0000] {snowflake.py:422} INFO - Rows affected: 1
[2026-04-20T03:06:03.739+0000] {snowflake.py:423} INFO - Snowflake query id: 01c3d39a-0005-251d-000c-bde2000433ba
[2026-04-20T03:06:03.739+0000] {sql.py:509} INFO - Running statement: COPY INTO EMPLOYEE_DATA_DB.STAGING.raw_employee_data(raw_file_content)
FROM (
  SELECT $1 
  FROM @EMPLOYEE_DATA_DB.STAGING.employee_raw_stage
)
FILE_FORMAT = (TYPE = PARQUET);, parameters: None
[2026-04-20T03:06:05.367+0000] {cursor.py:1156} INFO - Number of results in first chunk: 1
[2026-04-20T03:06:05.368+0000] {sql.py:518} INFO - Rows affected: 1
[2026-04-20T03:06:05.368+0000] {snowflake.py:422} INFO - Rows affected: 1
[2026-04-20T03:06:05.368+0000] {snowflake.py:423} INFO - Snowflake query id: 01c3d39a-0005-251d-000c-bde2000433be
[2026-04-20T03:06:05.573+0000] {cursor.py:1156} INFO - Number of results in first chunk: 1
[2026-04-20T03:06:05.574+0000] {connection.py:788} INFO - closed
[2026-04-20T03:06:05.624+0000] {connection.py:794} INFO - No async queries seem to be running, deleting session
[2026-04-20T03:06:05.790+0000] {taskinstance.py:340} INFO - ::group::Post task execution logs
[2026-04-20T03:06:05.790+0000] {taskinstance.py:352} INFO - Marking task as SUCCESS. dag_id=employee_data_pipeline, task_id=load_to_raw_snowflake, run_id=manual__2026-04-20T03:06:00.062996+00:00, execution_date=20260420T030600, start_date=20260420T030601, end_date=20260420T030605
[2026-04-20T03:06:05.838+0000] {local_task_job_runner.py:266} INFO - Task exited with return code 0
[2026-04-20T03:06:05.844+0000] {taskinstance.py:3900} INFO - 0 downstream tasks scheduled from follow-on schedule check
[2026-04-20T03:06:05.844+0000] {local_task_job_runner.py:245} INFO - ::endgroup::
