[2026-04-20T04:02:10.045+0000] {local_task_job_runner.py:123} INFO - ::group::Pre task execution logs
[2026-04-20T04:02:10.050+0000] {taskinstance.py:2612} INFO - Dependencies all met for dep_context=non-requeueable deps ti=<TaskInstance: employee_data_pipeline.load_to_raw_snowflake manual__2026-04-20T04:02:08.885010+00:00 [queued]>
[2026-04-20T04:02:10.052+0000] {taskinstance.py:2612} INFO - Dependencies all met for dep_context=requeueable deps ti=<TaskInstance: employee_data_pipeline.load_to_raw_snowflake manual__2026-04-20T04:02:08.885010+00:00 [queued]>
[2026-04-20T04:02:10.052+0000] {taskinstance.py:2865} INFO - Starting attempt 1 of 1
[2026-04-20T04:02:10.055+0000] {taskinstance.py:2888} INFO - Executing <Task(SnowflakeOperator): load_to_raw_snowflake> on 2026-04-20 04:02:08.885010+00:00
[2026-04-20T04:02:10.058+0000] {logging_mixin.py:190} WARNING - /home/***/.local/lib/python3.12/site-packages/***/task/task_runner/standard_task_runner.py:70 DeprecationWarning: This process (pid=353) is multi-threaded, use of fork() may lead to deadlocks in the child.
[2026-04-20T04:02:10.059+0000] {standard_task_runner.py:72} INFO - Started process 357 to run task
[2026-04-20T04:02:10.059+0000] {standard_task_runner.py:104} INFO - Running: ['***', 'tasks', 'run', 'employee_data_pipeline', 'load_to_raw_snowflake', 'manual__2026-04-20T04:02:08.885010+00:00', '--job-id', '54', '--raw', '--subdir', 'DAGS_FOLDER/employee_pipeline_dag.py', '--cfg-path', '/tmp/tmpd0s45cr9']
[2026-04-20T04:02:10.060+0000] {standard_task_runner.py:105} INFO - Job 54: Subtask load_to_raw_snowflake
[2026-04-20T04:02:10.065+0000] {logging_mixin.py:190} WARNING - /home/***/.local/lib/python3.12/site-packages/***/settings.py:209 DeprecationWarning: The sql_alchemy_conn option in [core] has been moved to the sql_alchemy_conn option in [database] - the old setting has been used, but please update your config.
[2026-04-20T04:02:10.073+0000] {task_command.py:467} INFO - Running <TaskInstance: employee_data_pipeline.load_to_raw_snowflake manual__2026-04-20T04:02:08.885010+00:00 [running]> on host de75321fa08b
[2026-04-20T04:02:10.096+0000] {taskinstance.py:3131} INFO - Exporting env vars: AIRFLOW_CTX_DAG_OWNER='***' AIRFLOW_CTX_DAG_ID='employee_data_pipeline' AIRFLOW_CTX_TASK_ID='load_to_raw_snowflake' AIRFLOW_CTX_EXECUTION_DATE='2026-04-20T04:02:08.885010+00:00' AIRFLOW_CTX_TRY_NUMBER='1' AIRFLOW_CTX_DAG_RUN_ID='manual__2026-04-20T04:02:08.885010+00:00'
[2026-04-20T04:02:10.097+0000] {taskinstance.py:731} INFO - ::endgroup::
[2026-04-20T04:02:10.101+0000] {sql.py:266} INFO - Executing: 
USE WAREHOUSE EE_COMPUTE_WH;
USE DATABASE EMPLOYEE_DATA_DB;
USE SCHEMA STAGING;

COPY INTO EMPLOYEE_DATA_DB.STAGING.raw_employee_data(raw_file_content)
FROM (SELECT $1 FROM @EMPLOYEE_DATA_DB.STAGING.employee_raw_stage)
FILE_FORMAT = (TYPE = PARQUET);
[2026-04-20T04:02:10.104+0000] {base.py:84} INFO - Retrieving connection 'snowflake_conn'
[2026-04-20T04:02:10.107+0000] {base.py:84} INFO - Retrieving connection 'snowflake_conn'
[2026-04-20T04:02:10.129+0000] {connection.py:620} INFO - Snowflake Connector for Python Version: 4.4.0, Python Version: 3.12.6, Platform: Linux-6.12.76-linuxkit-aarch64-with-glibc2.36
[2026-04-20T04:02:10.129+0000] {connection.py:1716} INFO - Connecting to GLOBAL Snowflake domain
[2026-04-20T04:02:10.211+0000] {credentials.py:1147} INFO - Found credentials in environment variables.
[2026-04-20T04:02:11.302+0000] {sql.py:509} INFO - Running statement: USE WAREHOUSE EE_COMPUTE_WH;, parameters: None
[2026-04-20T04:02:11.709+0000] {sql.py:518} INFO - Rows affected: 1
[2026-04-20T04:02:11.710+0000] {snowflake.py:422} INFO - Rows affected: 1
[2026-04-20T04:02:11.710+0000] {snowflake.py:423} INFO - Snowflake query id: 01c3d3d2-0005-1a4d-000c-bde20004286a
[2026-04-20T04:02:11.711+0000] {sql.py:509} INFO - Running statement: USE DATABASE EMPLOYEE_DATA_DB;, parameters: None
[2026-04-20T04:02:11.878+0000] {sql.py:518} INFO - Rows affected: 1
[2026-04-20T04:02:11.879+0000] {snowflake.py:422} INFO - Rows affected: 1
[2026-04-20T04:02:11.879+0000] {snowflake.py:423} INFO - Snowflake query id: 01c3d3d2-0005-1a4d-000c-bde20004286e
[2026-04-20T04:02:11.880+0000] {sql.py:509} INFO - Running statement: USE SCHEMA STAGING;, parameters: None
[2026-04-20T04:02:12.118+0000] {sql.py:518} INFO - Rows affected: 1
[2026-04-20T04:02:12.119+0000] {snowflake.py:422} INFO - Rows affected: 1
[2026-04-20T04:02:12.119+0000] {snowflake.py:423} INFO - Snowflake query id: 01c3d3d2-0005-1a4d-000c-bde200042872
[2026-04-20T04:02:12.120+0000] {sql.py:509} INFO - Running statement: COPY INTO EMPLOYEE_DATA_DB.STAGING.raw_employee_data(raw_file_content)
FROM (SELECT $1 FROM @EMPLOYEE_DATA_DB.STAGING.employee_raw_stage)
FILE_FORMAT = (TYPE = PARQUET);, parameters: None
[2026-04-20T04:02:14.083+0000] {sql.py:518} INFO - Rows affected: 1
[2026-04-20T04:02:14.083+0000] {snowflake.py:422} INFO - Rows affected: 1
[2026-04-20T04:02:14.083+0000] {snowflake.py:423} INFO - Snowflake query id: 01c3d3d2-0005-251d-000c-bde20004344e
[2026-04-20T04:02:14.507+0000] {taskinstance.py:340} INFO - ::group::Post task execution logs
[2026-04-20T04:02:14.507+0000] {taskinstance.py:352} INFO - Marking task as SUCCESS. dag_id=employee_data_pipeline, task_id=load_to_raw_snowflake, run_id=manual__2026-04-20T04:02:08.885010+00:00, execution_date=20260420T040208, start_date=20260420T040210, end_date=20260420T040214
[2026-04-20T04:02:14.526+0000] {local_task_job_runner.py:266} INFO - Task exited with return code 0
[2026-04-20T04:02:14.531+0000] {logging_mixin.py:190} WARNING - /home/***/.local/lib/python3.12/site-packages/***/models/baseoperator.py:1378 AirflowProviderDeprecationWarning: Call to deprecated class SnowflakeOperator. (This class is deprecated. Please use `***.providers.common.sql.operators.sql.SQLExecuteQueryOperator`. Also, you can provide `hook_params={'warehouse': <warehouse>, 'database': <database>, 'role': <role>, 'schema': <schema>, 'authenticator': <authenticator>,'session_parameters': <session_parameters>}`.)
[2026-04-20T04:02:14.534+0000] {taskinstance.py:3900} INFO - 1 downstream tasks scheduled from follow-on schedule check
[2026-04-20T04:02:14.535+0000] {local_task_job_runner.py:245} INFO - ::endgroup::
