[0m19:10:02.061765 [debug] [MainThread]: Sending event: {'category': 'dbt', 'action': 'invocation', 'label': 'start', 'context': [<snowplow_tracker.self_describing_json.SelfDescribingJson object at 0x109e338c0>, <snowplow_tracker.self_describing_json.SelfDescribingJson object at 0x10b7a33e0>, <snowplow_tracker.self_describing_json.SelfDescribingJson object at 0x10b7a2c60>]}


============================== 19:10:02.077801 | d2196268-d1eb-4daf-ac34-0c5bf137e9f0 ==============================
[0m19:10:02.077801 [info ] [MainThread]: Running with dbt=1.11.8
[0m19:10:02.078032 [debug] [MainThread]: running dbt with arguments {'use_colors': 'True', 'version_check': 'True', 'empty': 'None', 'log_cache_events': 'False', 'no_print': 'None', 'indirect_selection': 'eager', 'warn_error_options': 'WarnErrorOptionsV2(error=[], warn=[], silence=[])', 'send_anonymous_usage_stats': 'True', 'profiles_dir': '/Users/jade/.dbt', 'warn_error': 'None', 'log_path': 'logs', 'target_path': 'None', 'partial_parse': 'True', 'quiet': 'False', 'debug': 'False', 'log_format': 'default', 'cache_selected_only': 'False', 'introspect': 'True', 'write_json': 'True', 'printer_width': '80', 'fail_fast': 'False', 'use_experimental_parser': 'False', 'static_parser': 'True', 'invocation_command': 'dbt init employee_data_transformation'}
[0m19:10:02.101447 [debug] [MainThread]: Starter project path: /Users/jade/Datacamp/zoomcamp/employee_data_project/.venv/lib/python3.12/site-packages/dbt/include/starter_project
[0m19:10:02.104358 [info ] [MainThread]: 
Your new dbt project "employee_data_transformation" was created!

For more information on how to configure the profiles.yml file,
please consult the dbt documentation here:

  https://docs.getdbt.com/docs/configure-your-profile

One more thing:

Need help? Don't hesitate to reach out to us via GitHub issues or on Slack:

  https://community.getdbt.com/

Happy modeling!

[0m19:10:02.104483 [info ] [MainThread]: Setting up your profile.
[0m19:10:07.452660 [debug] [MainThread]: Snowflake adapter: Setting snowflake.connector to ERROR (file logging only)
[0m19:10:07.452883 [debug] [MainThread]: Snowflake adapter: Setting botocore to ERROR (file logging only)
[0m19:10:07.452985 [debug] [MainThread]: Snowflake adapter: Setting boto3 to ERROR (file logging only)
[0m19:12:57.213028 [info ] [MainThread]: Profile employee_data_transformation written to /Users/jade/.dbt/profiles.yml using target's profile_template.yml and your supplied values. Run 'dbt debug' to validate the connection.
[0m19:12:57.214570 [debug] [MainThread]: Resource report: {"command_name": "init", "command_success": true, "command_wall_clock_time": 175.1897, "process_in_blocks": "0", "process_kernel_time": 0.356633, "process_mem_max_rss": "163545088", "process_out_blocks": "0", "process_user_time": 1.623092}
[0m19:12:57.215373 [debug] [MainThread]: Command `dbt init` succeeded at 19:12:57.215310 after 175.19 seconds
[0m19:12:57.215559 [debug] [MainThread]: Sending event: {'category': 'dbt', 'action': 'invocation', 'label': 'end', 'context': [<snowplow_tracker.self_describing_json.SelfDescribingJson object at 0x10af732c0>, <snowplow_tracker.self_describing_json.SelfDescribingJson object at 0x10becc530>, <snowplow_tracker.self_describing_json.SelfDescribingJson object at 0x10c51f380>]}
[0m19:12:57.215721 [debug] [MainThread]: Flushing usage events
[0m19:12:57.528026 [debug] [MainThread]: An error was encountered while trying to flush usage events
[0m19:13:03.086954 [debug] [MainThread]: Sending event: {'category': 'dbt', 'action': 'invocation', 'label': 'start', 'context': [<snowplow_tracker.self_describing_json.SelfDescribingJson object at 0x109c22c30>, <snowplow_tracker.self_describing_json.SelfDescribingJson object at 0x109e289b0>, <snowplow_tracker.self_describing_json.SelfDescribingJson object at 0x109e28710>]}


============================== 19:13:03.089035 | f32ddc0f-4f33-40ca-b780-07d00ba8c2ae ==============================
[0m19:13:03.089035 [info ] [MainThread]: Running with dbt=1.11.8
[0m19:13:03.089241 [debug] [MainThread]: running dbt with arguments {'quiet': 'False', 'write_json': 'True', 'printer_width': '80', 'use_experimental_parser': 'False', 'warn_error': 'None', 'introspect': 'True', 'indirect_selection': 'eager', 'fail_fast': 'False', 'profiles_dir': '/Users/jade/.dbt', 'use_colors': 'True', 'log_path': 'logs', 'static_parser': 'True', 'send_anonymous_usage_stats': 'True', 'debug': 'False', 'no_print': 'None', 'empty': 'None', 'log_format': 'default', 'warn_error_options': 'WarnErrorOptionsV2(error=[], warn=[], silence=[])', 'version_check': 'True', 'cache_selected_only': 'False', 'partial_parse': 'True', 'log_cache_events': 'False', 'invocation_command': 'dbt debug', 'target_path': 'None'}
[0m19:13:03.097658 [info ] [MainThread]: dbt version: 1.11.8
[0m19:13:03.097822 [info ] [MainThread]: python version: 3.12.13
[0m19:13:03.097912 [info ] [MainThread]: python path: /Users/jade/Datacamp/zoomcamp/employee_data_project/.venv/bin/python3
[0m19:13:03.097993 [info ] [MainThread]: os info: macOS-26.4-arm64-arm-64bit
[0m19:13:03.222889 [debug] [MainThread]: Snowflake adapter: Setting snowflake.connector to ERROR (file logging only)
[0m19:13:03.223094 [debug] [MainThread]: Snowflake adapter: Setting botocore to ERROR (file logging only)
[0m19:13:03.223194 [debug] [MainThread]: Snowflake adapter: Setting boto3 to ERROR (file logging only)
[0m19:13:03.264228 [info ] [MainThread]: Using profiles dir at /Users/jade/.dbt
[0m19:13:03.264414 [info ] [MainThread]: Using profiles.yml file at /Users/jade/.dbt/profiles.yml
[0m19:13:03.264513 [info ] [MainThread]: Using dbt_project.yml file at /Users/jade/Datacamp/zoomcamp/employee_data_project/dbt_project.yml
[0m19:13:03.264619 [error] [MainThread]: Encountered an error:
Internal Error
  Profile should not be None if loading profile completed
[0m19:13:03.264821 [debug] [MainThread]: Resource report: {"command_name": "debug", "command_success": false, "command_wall_clock_time": 0.2048382, "process_in_blocks": "0", "process_kernel_time": 0.111559, "process_mem_max_rss": "135987200", "process_out_blocks": "0", "process_user_time": 0.52985}
[0m19:13:03.265012 [debug] [MainThread]: Command `dbt debug` failed at 19:13:03.264984 after 0.21 seconds
[0m19:13:03.265129 [debug] [MainThread]: Sending event: {'category': 'dbt', 'action': 'invocation', 'label': 'end', 'context': [<snowplow_tracker.self_describing_json.SelfDescribingJson object at 0x10a6940e0>, <snowplow_tracker.self_describing_json.SelfDescribingJson object at 0x10a7cb470>, <snowplow_tracker.self_describing_json.SelfDescribingJson object at 0x10a7cbdd0>]}
[0m19:13:03.265256 [debug] [MainThread]: Flushing usage events
[0m19:13:03.385581 [debug] [MainThread]: An error was encountered while trying to flush usage events
[0m11:03:14.150147 [debug] [MainThread]: Sending event: {'category': 'dbt', 'action': 'invocation', 'label': 'start', 'context': [<snowplow_tracker.self_describing_json.SelfDescribingJson object at 0x1098832c0>, <snowplow_tracker.self_describing_json.SelfDescribingJson object at 0x109f388f0>, <snowplow_tracker.self_describing_json.SelfDescribingJson object at 0x109f38620>]}


============================== 11:03:14.152570 | 6903ed9c-681f-4d4b-ac4d-8133c8389b6e ==============================
[0m11:03:14.152570 [info ] [MainThread]: Running with dbt=1.11.8
[0m11:03:14.152788 [debug] [MainThread]: running dbt with arguments {'static_parser': 'True', 'debug': 'False', 'invocation_command': 'dbt init', 'warn_error_options': 'WarnErrorOptionsV2(error=[], warn=[], silence=[])', 'fail_fast': 'False', 'profiles_dir': '/Users/jade/.dbt', 'partial_parse': 'True', 'warn_error': 'None', 'indirect_selection': 'eager', 'target_path': 'None', 'use_colors': 'True', 'no_print': 'None', 'introspect': 'True', 'cache_selected_only': 'False', 'log_cache_events': 'False', 'empty': 'None', 'send_anonymous_usage_stats': 'True', 'log_path': 'logs', 'quiet': 'False', 'write_json': 'True', 'printer_width': '80', 'log_format': 'default', 'use_experimental_parser': 'False', 'version_check': 'True'}
[0m11:05:35.805802 [debug] [MainThread]: Starter project path: /Users/jade/Datacamp/zoomcamp/employee_data_project/employee_data_transformation/.venv/lib/python3.12/site-packages/dbt/include/starter_project
[0m11:05:35.811855 [info ] [MainThread]: 
Your new dbt project "employee_de_project" was created!

For more information on how to configure the profiles.yml file,
please consult the dbt documentation here:

  https://docs.getdbt.com/docs/configure-your-profile

One more thing:

Need help? Don't hesitate to reach out to us via GitHub issues or on Slack:

  https://community.getdbt.com/

Happy modeling!

[0m11:05:35.812044 [info ] [MainThread]: Setting up your profile.
[0m11:05:44.156392 [debug] [MainThread]: Snowflake adapter: Setting snowflake.connector to ERROR (file logging only)
[0m11:05:44.156613 [debug] [MainThread]: Snowflake adapter: Setting botocore to ERROR (file logging only)
[0m11:05:44.156711 [debug] [MainThread]: Snowflake adapter: Setting boto3 to ERROR (file logging only)
[0m11:06:09.428938 [error] [MainThread]: Encountered an error:

[0m11:06:09.432370 [error] [MainThread]: Traceback (most recent call last):
  File "/Users/jade/Datacamp/zoomcamp/employee_data_project/employee_data_transformation/.venv/lib/python3.12/site-packages/dbt/cli/requires.py", line 182, in wrapper
    result, success = func(*args, **kwargs)
                      ^^^^^^^^^^^^^^^^^^^^^
  File "/Users/jade/Datacamp/zoomcamp/employee_data_project/employee_data_transformation/.venv/lib/python3.12/site-packages/dbt/cli/requires.py", line 128, in wrapper
    return func(*args, **kwargs)
           ^^^^^^^^^^^^^^^^^^^^^
  File "/Users/jade/Datacamp/zoomcamp/employee_data_project/employee_data_transformation/.venv/lib/python3.12/site-packages/dbt/cli/main.py", line 488, in init
    results = task.run()
              ^^^^^^^^^^
  File "/Users/jade/Datacamp/zoomcamp/employee_data_project/employee_data_transformation/.venv/lib/python3.12/site-packages/dbt/task/init.py", line 346, in run
    self.setup_profile(profile_name)
  File "/Users/jade/Datacamp/zoomcamp/employee_data_project/employee_data_transformation/.venv/lib/python3.12/site-packages/dbt/task/init.py", line 262, in setup_profile
    self.create_profile_from_target(adapter, profile_name=profile_name)
  File "/Users/jade/Datacamp/zoomcamp/employee_data_project/employee_data_transformation/.venv/lib/python3.12/site-packages/dbt/task/init.py", line 179, in create_profile_from_target
    self.create_profile_from_profile_template(profile_template, profile_name)
  File "/Users/jade/Datacamp/zoomcamp/employee_data_project/employee_data_transformation/.venv/lib/python3.12/site-packages/dbt/task/init.py", line 163, in create_profile_from_profile_template
    target = self.generate_target_from_input(prompts, initial_target)
             ^^^^^^^^^^^^^^^^^^^^^^^^^^^^^^^^^^^^^^^^^^^^^^^^^^^^^^^^
  File "/Users/jade/Datacamp/zoomcamp/employee_data_project/employee_data_transformation/.venv/lib/python3.12/site-packages/dbt/task/init.py", line 113, in generate_target_from_input
    numeric_choice = click.prompt(prompt_msg, type=click.INT)
                     ^^^^^^^^^^^^^^^^^^^^^^^^^^^^^^^^^^^^^^^^
  File "/Users/jade/Datacamp/zoomcamp/employee_data_project/employee_data_transformation/.venv/lib/python3.12/site-packages/click/termui.py", line 171, in prompt
    value = prompt_func(prompt)
            ^^^^^^^^^^^^^^^^^^^
  File "/Users/jade/Datacamp/zoomcamp/employee_data_project/employee_data_transformation/.venv/lib/python3.12/site-packages/click/termui.py", line 154, in prompt_func
    raise Abort() from None
click.exceptions.Abort

[0m11:06:09.433182 [debug] [MainThread]: Resource report: {"command_name": "init", "command_success": false, "command_wall_clock_time": 175.31122, "process_in_blocks": "0", "process_kernel_time": 0.135014, "process_mem_max_rss": "134955008", "process_out_blocks": "0", "process_user_time": 0.4993}
[0m11:06:09.434035 [debug] [MainThread]: Command `dbt init` failed at 11:06:09.433942 after 175.31 seconds
[0m11:06:09.434359 [debug] [MainThread]: Sending event: {'category': 'dbt', 'action': 'invocation', 'label': 'end', 'context': [<snowplow_tracker.self_describing_json.SelfDescribingJson object at 0x109f38980>, <snowplow_tracker.self_describing_json.SelfDescribingJson object at 0x100decdd0>, <snowplow_tracker.self_describing_json.SelfDescribingJson object at 0x10ac410d0>]}
[0m11:06:09.434672 [debug] [MainThread]: Flushing usage events
[0m11:06:09.606788 [debug] [MainThread]: An error was encountered while trying to flush usage events
[0m11:06:14.119524 [debug] [MainThread]: Sending event: {'category': 'dbt', 'action': 'invocation', 'label': 'start', 'context': [<snowplow_tracker.self_describing_json.SelfDescribingJson object at 0x10bf78c50>, <snowplow_tracker.self_describing_json.SelfDescribingJson object at 0x10bd94800>, <snowplow_tracker.self_describing_json.SelfDescribingJson object at 0x10c1283b0>]}


============================== 11:06:14.121489 | e642767e-9bcb-4e37-9b26-2e926b97a934 ==============================
[0m11:06:14.121489 [info ] [MainThread]: Running with dbt=1.11.8
[0m11:06:14.121692 [debug] [MainThread]: running dbt with arguments {'warn_error': 'None', 'indirect_selection': 'eager', 'version_check': 'True', 'send_anonymous_usage_stats': 'True', 'quiet': 'False', 'invocation_command': 'dbt init', 'warn_error_options': 'WarnErrorOptionsV2(error=[], warn=[], silence=[])', 'log_format': 'default', 'profiles_dir': '/Users/jade/.dbt', 'introspect': 'True', 'empty': 'None', 'use_colors': 'True', 'no_print': 'None', 'log_path': 'logs', 'printer_width': '80', 'fail_fast': 'False', 'write_json': 'True', 'cache_selected_only': 'False', 'target_path': 'None', 'debug': 'False', 'use_experimental_parser': 'False', 'log_cache_events': 'False', 'static_parser': 'True', 'partial_parse': 'True'}
[0m12:47:42.864606 [debug] [MainThread]: Starter project path: /Users/jade/Datacamp/zoomcamp/employee_data_project/employee_data_transformation/.venv/lib/python3.12/site-packages/dbt/include/starter_project
[0m12:47:42.870624 [info ] [MainThread]: 
Your new dbt project "employee_data_project" was created!

For more information on how to configure the profiles.yml file,
please consult the dbt documentation here:

  https://docs.getdbt.com/docs/configure-your-profile

One more thing:

Need help? Don't hesitate to reach out to us via GitHub issues or on Slack:

  https://community.getdbt.com/

Happy modeling!

[0m12:47:42.870913 [info ] [MainThread]: Setting up your profile.
[0m12:47:46.474719 [debug] [MainThread]: Snowflake adapter: Setting snowflake.connector to ERROR (file logging only)
[0m12:47:46.474957 [debug] [MainThread]: Snowflake adapter: Setting botocore to ERROR (file logging only)
[0m12:47:46.475055 [debug] [MainThread]: Snowflake adapter: Setting boto3 to ERROR (file logging only)
[0m12:49:00.245667 [error] [MainThread]: Encountered an error:

[0m12:49:00.252952 [error] [MainThread]: Traceback (most recent call last):
  File "/Users/jade/Datacamp/zoomcamp/employee_data_project/employee_data_transformation/.venv/lib/python3.12/site-packages/dbt/cli/requires.py", line 182, in wrapper
    result, success = func(*args, **kwargs)
                      ^^^^^^^^^^^^^^^^^^^^^
  File "/Users/jade/Datacamp/zoomcamp/employee_data_project/employee_data_transformation/.venv/lib/python3.12/site-packages/dbt/cli/requires.py", line 128, in wrapper
    return func(*args, **kwargs)
           ^^^^^^^^^^^^^^^^^^^^^
  File "/Users/jade/Datacamp/zoomcamp/employee_data_project/employee_data_transformation/.venv/lib/python3.12/site-packages/dbt/cli/main.py", line 488, in init
    results = task.run()
              ^^^^^^^^^^
  File "/Users/jade/Datacamp/zoomcamp/employee_data_project/employee_data_transformation/.venv/lib/python3.12/site-packages/dbt/task/init.py", line 346, in run
    self.setup_profile(profile_name)
  File "/Users/jade/Datacamp/zoomcamp/employee_data_project/employee_data_transformation/.venv/lib/python3.12/site-packages/dbt/task/init.py", line 262, in setup_profile
    self.create_profile_from_target(adapter, profile_name=profile_name)
  File "/Users/jade/Datacamp/zoomcamp/employee_data_project/employee_data_transformation/.venv/lib/python3.12/site-packages/dbt/task/init.py", line 179, in create_profile_from_target
    self.create_profile_from_profile_template(profile_template, profile_name)
  File "/Users/jade/Datacamp/zoomcamp/employee_data_project/employee_data_transformation/.venv/lib/python3.12/site-packages/dbt/task/init.py", line 163, in create_profile_from_profile_template
    target = self.generate_target_from_input(prompts, initial_target)
             ^^^^^^^^^^^^^^^^^^^^^^^^^^^^^^^^^^^^^^^^^^^^^^^^^^^^^^^^
  File "/Users/jade/Datacamp/zoomcamp/employee_data_project/employee_data_transformation/.venv/lib/python3.12/site-packages/dbt/task/init.py", line 116, in generate_target_from_input
    target = self.generate_target_from_input(
             ^^^^^^^^^^^^^^^^^^^^^^^^^^^^^^^^
  File "/Users/jade/Datacamp/zoomcamp/employee_data_project/employee_data_transformation/.venv/lib/python3.12/site-packages/dbt/task/init.py", line 129, in generate_target_from_input
    target[key] = click.prompt(
                  ^^^^^^^^^^^^^
  File "/Users/jade/Datacamp/zoomcamp/employee_data_project/employee_data_transformation/.venv/lib/python3.12/site-packages/click/termui.py", line 171, in prompt
    value = prompt_func(prompt)
            ^^^^^^^^^^^^^^^^^^^
  File "/Users/jade/Datacamp/zoomcamp/employee_data_project/employee_data_transformation/.venv/lib/python3.12/site-packages/click/termui.py", line 154, in prompt_func
    raise Abort() from None
click.exceptions.Abort

[0m12:49:00.253630 [debug] [MainThread]: Resource report: {"command_name": "init", "command_success": false, "command_wall_clock_time": 6166.1045, "process_in_blocks": "0", "process_kernel_time": 0.116021, "process_mem_max_rss": "111050752", "process_out_blocks": "0", "process_user_time": 0.495248}
[0m12:49:00.254172 [debug] [MainThread]: Command `dbt init` failed at 12:49:00.254103 after 6166.10 seconds
[0m12:49:00.254726 [debug] [MainThread]: Sending event: {'category': 'dbt', 'action': 'invocation', 'label': 'end', 'context': [<snowplow_tracker.self_describing_json.SelfDescribingJson object at 0x10a58bc20>, <snowplow_tracker.self_describing_json.SelfDescribingJson object at 0x10cf50650>, <snowplow_tracker.self_describing_json.SelfDescribingJson object at 0x10cdcbdd0>]}
[0m12:49:00.255004 [debug] [MainThread]: Flushing usage events
[0m12:49:00.389358 [debug] [MainThread]: An error was encountered while trying to flush usage events
[0m12:49:06.022283 [debug] [MainThread]: Sending event: {'category': 'dbt', 'action': 'invocation', 'label': 'start', 'context': [<snowplow_tracker.self_describing_json.SelfDescribingJson object at 0x10b5cfe00>, <snowplow_tracker.self_describing_json.SelfDescribingJson object at 0x10b1e2180>, <snowplow_tracker.self_describing_json.SelfDescribingJson object at 0x10b9c4470>]}


============================== 12:49:06.024578 | 05245ddb-50d0-4747-a7b7-f6e9b0ce9e6e ==============================
[0m12:49:06.024578 [info ] [MainThread]: Running with dbt=1.11.8
[0m12:49:06.024789 [debug] [MainThread]: running dbt with arguments {'indirect_selection': 'eager', 'log_cache_events': 'False', 'log_path': 'logs', 'quiet': 'False', 'version_check': 'True', 'profiles_dir': '/Users/jade/.dbt', 'send_anonymous_usage_stats': 'True', 'use_colors': 'True', 'target_path': 'None', 'fail_fast': 'False', 'warn_error_options': 'WarnErrorOptionsV2(error=[], warn=[], silence=[])', 'use_experimental_parser': 'False', 'debug': 'False', 'no_print': 'None', 'static_parser': 'True', 'warn_error': 'None', 'write_json': 'True', 'partial_parse': 'True', 'invocation_command': 'dbt init', 'log_format': 'default', 'cache_selected_only': 'False', 'introspect': 'True', 'empty': 'None', 'printer_width': '80'}
[0m12:50:02.994604 [info ] [MainThread]: A project called employee_data_project already exists here.
[0m12:50:02.995819 [debug] [MainThread]: Resource report: {"command_name": "init", "command_success": true, "command_wall_clock_time": 57.001694, "process_in_blocks": "0", "process_kernel_time": 0.090294, "process_mem_max_rss": "111263744", "process_out_blocks": "0", "process_user_time": 0.424265}
[0m12:50:02.996419 [debug] [MainThread]: Command `dbt init` succeeded at 12:50:02.996304 after 57.00 seconds
[0m12:50:02.996784 [debug] [MainThread]: Sending event: {'category': 'dbt', 'action': 'invocation', 'label': 'end', 'context': [<snowplow_tracker.self_describing_json.SelfDescribingJson object at 0x10ba4eff0>, <snowplow_tracker.self_describing_json.SelfDescribingJson object at 0x10ba347d0>, <snowplow_tracker.self_describing_json.SelfDescribingJson object at 0x10b9c4560>]}
[0m12:50:02.997113 [debug] [MainThread]: Flushing usage events
[0m12:50:03.453166 [debug] [MainThread]: An error was encountered while trying to flush usage events
[0m12:57:59.183893 [debug] [MainThread]: Sending event: {'category': 'dbt', 'action': 'invocation', 'label': 'start', 'context': [<snowplow_tracker.self_describing_json.SelfDescribingJson object at 0x108617470>, <snowplow_tracker.self_describing_json.SelfDescribingJson object at 0x109717dd0>, <snowplow_tracker.self_describing_json.SelfDescribingJson object at 0x109744320>]}


============================== 12:57:59.185967 | 3f719dee-1efa-446e-b76e-470e96694efa ==============================
[0m12:57:59.185967 [info ] [MainThread]: Running with dbt=1.11.8
[0m12:57:59.186185 [debug] [MainThread]: running dbt with arguments {'profiles_dir': '/Users/jade/.dbt', 'introspect': 'True', 'log_path': 'logs', 'indirect_selection': 'eager', 'use_experimental_parser': 'False', 'warn_error': 'None', 'log_format': 'default', 'fail_fast': 'False', 'log_cache_events': 'False', 'static_parser': 'True', 'debug': 'False', 'invocation_command': 'dbt build', 'send_anonymous_usage_stats': 'True', 'target_path': 'None', 'quiet': 'False', 'warn_error_options': 'WarnErrorOptionsV2(error=[], warn=[], silence=[])', 'empty': 'False', 'printer_width': '80', 'partial_parse': 'True', 'write_json': 'True', 'version_check': 'True', 'use_colors': 'True', 'no_print': 'None', 'cache_selected_only': 'False'}
[0m12:57:59.186379 [error] [MainThread]: Encountered an error:
Runtime Error
  No dbt_project.yml found at expected path /Users/jade/Datacamp/zoomcamp/employee_data_project/dbt_project.yml
  Verify that each entry within packages.yml (and their transitive dependencies) contains a file named dbt_project.yml
  
[0m12:57:59.186591 [debug] [MainThread]: Resource report: {"command_name": "build", "command_success": false, "command_wall_clock_time": 0.02833096, "process_in_blocks": "0", "process_kernel_time": 0.078582, "process_mem_max_rss": "110788608", "process_out_blocks": "0", "process_user_time": 0.425804}
[0m12:57:59.186753 [debug] [MainThread]: Command `dbt build` failed at 12:57:59.186724 after 0.03 seconds
[0m12:57:59.186854 [debug] [MainThread]: Sending event: {'category': 'dbt', 'action': 'invocation', 'label': 'end', 'context': [<snowplow_tracker.self_describing_json.SelfDescribingJson object at 0x109538260>, <snowplow_tracker.self_describing_json.SelfDescribingJson object at 0x109746480>, <snowplow_tracker.self_describing_json.SelfDescribingJson object at 0x109744590>]}
[0m12:57:59.186952 [debug] [MainThread]: Flushing usage events
[0m12:57:59.339031 [debug] [MainThread]: An error was encountered while trying to flush usage events
[0m13:00:07.040186 [debug] [MainThread]: Sending event: {'category': 'dbt', 'action': 'invocation', 'label': 'start', 'context': [<snowplow_tracker.self_describing_json.SelfDescribingJson object at 0x10d823da0>, <snowplow_tracker.self_describing_json.SelfDescribingJson object at 0x10df30830>, <snowplow_tracker.self_describing_json.SelfDescribingJson object at 0x10df30560>]}


============================== 13:00:07.041857 | cfe66b5e-d54a-4555-8418-f4e876aa0c58 ==============================
[0m13:00:07.041857 [info ] [MainThread]: Running with dbt=1.11.8
[0m13:00:07.042067 [debug] [MainThread]: running dbt with arguments {'target_path': 'None', 'warn_error_options': 'WarnErrorOptionsV2(error=[], warn=[], silence=[])', 'no_print': 'None', 'debug': 'False', 'static_parser': 'True', 'write_json': 'True', 'use_colors': 'True', 'invocation_command': 'dbt build', 'log_format': 'default', 'log_path': 'logs', 'fail_fast': 'False', 'introspect': 'True', 'empty': 'False', 'printer_width': '80', 'partial_parse': 'True', 'cache_selected_only': 'False', 'log_cache_events': 'False', 'warn_error': 'None', 'indirect_selection': 'eager', 'use_experimental_parser': 'False', 'profiles_dir': '/Users/jade/.dbt', 'send_anonymous_usage_stats': 'True', 'version_check': 'True', 'quiet': 'False'}
[0m13:00:07.042275 [error] [MainThread]: Encountered an error:
Runtime Error
  No dbt_project.yml found at expected path /Users/jade/Datacamp/zoomcamp/employee_data_project/dbt_project.yml
  Verify that each entry within packages.yml (and their transitive dependencies) contains a file named dbt_project.yml
  
[0m13:00:07.042488 [debug] [MainThread]: Resource report: {"command_name": "build", "command_success": false, "command_wall_clock_time": 0.025398875, "process_in_blocks": "0", "process_kernel_time": 0.068909, "process_mem_max_rss": "110936064", "process_out_blocks": "0", "process_user_time": 0.415091}
[0m13:00:07.042664 [debug] [MainThread]: Command `dbt build` failed at 13:00:07.042632 after 0.03 seconds
[0m13:00:07.042775 [debug] [MainThread]: Sending event: {'category': 'dbt', 'action': 'invocation', 'label': 'end', 'context': [<snowplow_tracker.self_describing_json.SelfDescribingJson object at 0x10de564b0>, <snowplow_tracker.self_describing_json.SelfDescribingJson object at 0x10dea0c50>, <snowplow_tracker.self_describing_json.SelfDescribingJson object at 0x10dccbcb0>]}
[0m13:00:07.042875 [debug] [MainThread]: Flushing usage events
[0m13:00:07.306561 [debug] [MainThread]: An error was encountered while trying to flush usage events
