[2026-04-20T20:05:46.159+0000] {local_task_job_runner.py:123} INFO - ::group::Pre task execution logs
[2026-04-20T20:05:46.164+0000] {taskinstance.py:2612} INFO - Dependencies all met for dep_context=non-requeueable deps ti=<TaskInstance: employee_data_pipeline_v2.run_dbt_transformations manual__2026-04-20T20:05:41.030564+00:00 [queued]>
[2026-04-20T20:05:46.166+0000] {taskinstance.py:2612} INFO - Dependencies all met for dep_context=requeueable deps ti=<TaskInstance: employee_data_pipeline_v2.run_dbt_transformations manual__2026-04-20T20:05:41.030564+00:00 [queued]>
[2026-04-20T20:05:46.166+0000] {taskinstance.py:2865} INFO - Starting attempt 1 of 1
[2026-04-20T20:05:46.169+0000] {taskinstance.py:2888} INFO - Executing <Task(BashOperator): run_dbt_transformations> on 2026-04-20 20:05:41.030564+00:00
[2026-04-20T20:05:46.172+0000] {logging_mixin.py:190} WARNING - /home/***/.local/lib/python3.12/site-packages/***/task/task_runner/standard_task_runner.py:70 DeprecationWarning: This process (pid=2906) is multi-threaded, use of fork() may lead to deadlocks in the child.
[2026-04-20T20:05:46.173+0000] {standard_task_runner.py:72} INFO - Started process 2910 to run task
[2026-04-20T20:05:46.173+0000] {standard_task_runner.py:104} INFO - Running: ['***', 'tasks', 'run', 'employee_data_pipeline_v2', 'run_dbt_transformations', 'manual__2026-04-20T20:05:41.030564+00:00', '--job-id', '80', '--raw', '--subdir', 'DAGS_FOLDER/employee_pipeline_dag.py', '--cfg-path', '/tmp/tmphuiujc15']
[2026-04-20T20:05:46.174+0000] {standard_task_runner.py:105} INFO - Job 80: Subtask run_dbt_transformations
[2026-04-20T20:05:46.178+0000] {logging_mixin.py:190} WARNING - /home/***/.local/lib/python3.12/site-packages/***/settings.py:209 DeprecationWarning: The sql_alchemy_conn option in [core] has been moved to the sql_alchemy_conn option in [database] - the old setting has been used, but please update your config.
[2026-04-20T20:05:46.187+0000] {task_command.py:467} INFO - Running <TaskInstance: employee_data_pipeline_v2.run_dbt_transformations manual__2026-04-20T20:05:41.030564+00:00 [running]> on host 78fd1d8cced9
[2026-04-20T20:05:46.209+0000] {taskinstance.py:3131} INFO - Exporting env vars: AIRFLOW_CTX_DAG_OWNER='***' AIRFLOW_CTX_DAG_ID='employee_data_pipeline_v2' AIRFLOW_CTX_TASK_ID='run_dbt_transformations' AIRFLOW_CTX_EXECUTION_DATE='2026-04-20T20:05:41.030564+00:00' AIRFLOW_CTX_TRY_NUMBER='1' AIRFLOW_CTX_DAG_RUN_ID='manual__2026-04-20T20:05:41.030564+00:00'
[2026-04-20T20:05:46.210+0000] {taskinstance.py:731} INFO - ::endgroup::
[2026-04-20T20:05:46.214+0000] {subprocess.py:63} INFO - Tmp dir root location: /tmp
[2026-04-20T20:05:46.215+0000] {subprocess.py:75} INFO - Running command: ['/usr/bin/bash', '-c', 'cd /opt/***/employee_data_transformation && /home/***/.local/bin/dbt build --profiles-dir /home/***/.dbt']
[2026-04-20T20:05:46.219+0000] {subprocess.py:86} INFO - Output:
[2026-04-20T20:05:46.976+0000] {subprocess.py:93} INFO - [0m20:05:46  Running with dbt=1.11.8
[2026-04-20T20:05:47.277+0000] {subprocess.py:93} INFO - [0m20:05:47  Registered adapter: snowflake=1.11.4
[2026-04-20T20:05:47.367+0000] {subprocess.py:93} INFO - [0m20:05:47  [[33mWARNING[0m]: Configuration paths exist in your dbt_project.yml file which do not apply to any resources.
[2026-04-20T20:05:47.367+0000] {subprocess.py:93} INFO - There are 1 unused configuration paths:
[2026-04-20T20:05:47.367+0000] {subprocess.py:93} INFO - - models.employee_data_transformation.example
[2026-04-20T20:05:47.429+0000] {subprocess.py:93} INFO - [0m20:05:47  Found 6 models, 18 data tests, 1 source, 523 macros
[2026-04-20T20:05:47.431+0000] {subprocess.py:93} INFO - [0m20:05:47
[2026-04-20T20:05:47.431+0000] {subprocess.py:93} INFO - [0m20:05:47  Concurrency: 4 threads (target='dev')
[2026-04-20T20:05:47.431+0000] {subprocess.py:93} INFO - [0m20:05:47
[2026-04-20T20:05:48.486+0000] {subprocess.py:93} INFO - [0m20:05:48  1 of 24 START sql table model STAGING.dim_date ................................. [RUN]
[2026-04-20T20:05:48.487+0000] {subprocess.py:93} INFO - [0m20:05:48  2 of 24 START sql view model STAGING.stg_employee_data ......................... [RUN]
[2026-04-20T20:05:48.506+0000] {subprocess.py:93} INFO - [0m20:05:48  1 of 24 ERROR creating sql table model STAGING.dim_date ........................ [[31mERROR[0m in 0.02s]
[2026-04-20T20:05:48.530+0000] {subprocess.py:93} INFO - [0m20:05:48  3 of 24 SKIP test not_null_dim_date_date_key ................................... [[33mSKIP[0m]
[2026-04-20T20:05:48.531+0000] {subprocess.py:93} INFO - [0m20:05:48  4 of 24 SKIP test unique_dim_date_date_key ..................................... [[33mSKIP[0m]
[2026-04-20T20:05:48.966+0000] {subprocess.py:93} INFO - [0m20:05:48  2 of 24 ERROR creating sql view model STAGING.stg_employee_data ................ [[31mERROR[0m in 0.48s]
[2026-04-20T20:05:48.968+0000] {subprocess.py:93} INFO - [0m20:05:48  5 of 24 SKIP test not_null_stg_employee_data_employee_id ....................... [[33mSKIP[0m]
[2026-04-20T20:05:48.968+0000] {subprocess.py:93} INFO - [0m20:05:48  6 of 24 SKIP test not_null_stg_employee_data_hire_date ......................... [[33mSKIP[0m]
[2026-04-20T20:05:48.970+0000] {subprocess.py:93} INFO - [0m20:05:48  7 of 24 SKIP relation STAGING.dim_department ................................... [[33mSKIP[0m]
[2026-04-20T20:05:48.970+0000] {subprocess.py:93} INFO - [0m20:05:48  8 of 24 SKIP relation STAGING.dim_employee ..................................... [[33mSKIP[0m]
[2026-04-20T20:05:48.970+0000] {subprocess.py:93} INFO - [0m20:05:48  9 of 24 SKIP relation STAGING.dim_job .......................................... [[33mSKIP[0m]
[2026-04-20T20:05:48.972+0000] {subprocess.py:93} INFO - [0m20:05:48  10 of 24 SKIP test not_null_dim_department_department_key ...................... [[33mSKIP[0m]
[2026-04-20T20:05:48.973+0000] {subprocess.py:93} INFO - [0m20:05:48  11 of 24 SKIP test unique_dim_department_department_key ........................ [[33mSKIP[0m]
[2026-04-20T20:05:48.973+0000] {subprocess.py:93} INFO - [0m20:05:48  12 of 24 SKIP test not_null_dim_employee_employee_id ........................... [[33mSKIP[0m]
[2026-04-20T20:05:48.973+0000] {subprocess.py:93} INFO - [0m20:05:48  13 of 24 SKIP test unique_dim_employee_employee_id ............................. [[33mSKIP[0m]
[2026-04-20T20:05:48.975+0000] {subprocess.py:93} INFO - [0m20:05:48  14 of 24 SKIP test not_null_dim_job_job_key .................................... [[33mSKIP[0m]
[2026-04-20T20:05:48.975+0000] {subprocess.py:93} INFO - [0m20:05:48  15 of 24 SKIP test unique_dim_job_job_key ...................................... [[33mSKIP[0m]
[2026-04-20T20:05:48.977+0000] {subprocess.py:93} INFO - [0m20:05:48  16 of 24 SKIP relation STAGING.fct_employee_performance ........................ [[33mSKIP[0m]
[2026-04-20T20:05:48.978+0000] {subprocess.py:93} INFO - [0m20:05:48  17 of 24 SKIP test accepted_values_fct_employee_performance_performance_tier__High__Medium__Low__Unknown  [[33mSKIP[0m]
[2026-04-20T20:05:48.978+0000] {subprocess.py:93} INFO - [0m20:05:48  18 of 24 SKIP test dbt_utils_equal_rowcount_fct_employee_performance_ref_stg_employee_data_  [[33mSKIP[0m]
[2026-04-20T20:05:48.978+0000] {subprocess.py:93} INFO - [0m20:05:48  19 of 24 SKIP test not_null_fct_employee_performance_department_key ............ [[33mSKIP[0m]
[2026-04-20T20:05:48.979+0000] {subprocess.py:93} INFO - [0m20:05:48  20 of 24 SKIP test not_null_fct_employee_performance_employee_id ............... [[33mSKIP[0m]
[2026-04-20T20:05:48.980+0000] {subprocess.py:93} INFO - [0m20:05:48  21 of 24 SKIP test not_null_fct_employee_performance_job_key ................... [[33mSKIP[0m]
[2026-04-20T20:05:48.981+0000] {subprocess.py:93} INFO - [0m20:05:48  22 of 24 SKIP test relationships_fct_employee_performance_department_key__department_key__ref_dim_department_  [[33mSKIP[0m]
[2026-04-20T20:05:48.981+0000] {subprocess.py:93} INFO - [0m20:05:48  23 of 24 SKIP test relationships_fct_employee_performance_employee_id__employee_id__ref_dim_employee_  [[33mSKIP[0m]
[2026-04-20T20:05:48.981+0000] {subprocess.py:93} INFO - [0m20:05:48  24 of 24 SKIP test relationships_fct_employee_performance_job_key__job_key__ref_dim_job_  [[33mSKIP[0m]
[2026-04-20T20:05:49.202+0000] {subprocess.py:93} INFO - [0m20:05:49
[2026-04-20T20:05:49.203+0000] {subprocess.py:93} INFO - [0m20:05:49  Finished running 3 table models, 18 data tests, 3 view models in 0 hours 0 minutes and 1.77 seconds (1.77s).
[2026-04-20T20:05:49.228+0000] {subprocess.py:93} INFO - [0m20:05:49
[2026-04-20T20:05:49.228+0000] {subprocess.py:93} INFO - [0m20:05:49  [31mCompleted with 2 errors, 0 partial successes, and 0 warnings:[0m
[2026-04-20T20:05:49.228+0000] {subprocess.py:93} INFO - [0m20:05:49
[2026-04-20T20:05:49.228+0000] {subprocess.py:93} INFO - [0m20:05:49  [31mFailure in model dim_date (models/marts/dim_date.sql)[0m
[2026-04-20T20:05:49.229+0000] {subprocess.py:93} INFO - [0m20:05:49    Compilation Error in model dim_date (models/marts/dim_date.sql)
[2026-04-20T20:05:49.229+0000] {subprocess.py:93} INFO -   'dbt_utils' is undefined. This can happen when calling a macro that does not exist. Check for typos and/or install package dependencies with "dbt deps".
[2026-04-20T20:05:49.229+0000] {subprocess.py:93} INFO - [0m20:05:49
[2026-04-20T20:05:49.229+0000] {subprocess.py:93} INFO - [0m20:05:49  [31mFailure in model stg_employee_data (models/staging/stg_employee_data.sql)[0m
[2026-04-20T20:05:49.229+0000] {subprocess.py:93} INFO - [0m20:05:49    Database Error in model stg_employee_data (models/staging/stg_employee_data.sql)
[2026-04-20T20:05:49.229+0000] {subprocess.py:93} INFO -   002003 (42S02): SQL compilation error:
[2026-04-20T20:05:49.229+0000] {subprocess.py:93} INFO -   Object 'EMPLOYEE_DATA_DB.STAGING.RAW_EMPLOYEE_DATA' does not exist or not authorized.
[2026-04-20T20:05:49.229+0000] {subprocess.py:93} INFO -   compiled code at target/run/employee_data_transformation/models/staging/stg_employee_data.sql
[2026-04-20T20:05:49.229+0000] {subprocess.py:93} INFO - [0m20:05:49
[2026-04-20T20:05:49.229+0000] {subprocess.py:93} INFO - [0m20:05:49    compiled code at target/compiled/employee_data_transformation/models/staging/stg_employee_data.sql
[2026-04-20T20:05:49.230+0000] {subprocess.py:93} INFO - [0m20:05:49
[2026-04-20T20:05:49.230+0000] {subprocess.py:93} INFO - [0m20:05:49  Done. PASS=0 WARN=0 ERROR=2 SKIP=22 NO-OP=0 TOTAL=24
[2026-04-20T20:05:49.532+0000] {subprocess.py:97} INFO - Command exited with return code 1
[2026-04-20T20:05:49.536+0000] {taskinstance.py:3310} ERROR - Task failed with exception
Traceback (most recent call last):
  File "/home/airflow/.local/lib/python3.12/site-packages/airflow/models/taskinstance.py", line 767, in _execute_task
    result = _execute_callable(context=context, **execute_callable_kwargs)
             ^^^^^^^^^^^^^^^^^^^^^^^^^^^^^^^^^^^^^^^^^^^^^^^^^^^^^^^^^^^^^
  File "/home/airflow/.local/lib/python3.12/site-packages/airflow/models/taskinstance.py", line 733, in _execute_callable
    return ExecutionCallableRunner(
           ^^^^^^^^^^^^^^^^^^^^^^^^
  File "/home/airflow/.local/lib/python3.12/site-packages/airflow/utils/operator_helpers.py", line 252, in run
    return self.func(*args, **kwargs)
           ^^^^^^^^^^^^^^^^^^^^^^^^^^
  File "/home/airflow/.local/lib/python3.12/site-packages/airflow/models/baseoperator.py", line 406, in wrapper
    return func(self, *args, **kwargs)
           ^^^^^^^^^^^^^^^^^^^^^^^^^^^
  File "/home/airflow/.local/lib/python3.12/site-packages/airflow/operators/bash.py", line 249, in execute
    raise AirflowException(
airflow.exceptions.AirflowException: Bash command failed. The command returned a non-zero exit code 1.
[2026-04-20T20:05:49.537+0000] {taskinstance.py:1225} INFO - Marking task as FAILED. dag_id=employee_data_pipeline_v2, task_id=run_dbt_transformations, run_id=manual__2026-04-20T20:05:41.030564+00:00, execution_date=20260420T200541, start_date=20260420T200546, end_date=20260420T200549
[2026-04-20T20:05:49.543+0000] {taskinstance.py:340} INFO - ::group::Post task execution logs
[2026-04-20T20:05:49.543+0000] {standard_task_runner.py:124} ERROR - Failed to execute job 80 for task run_dbt_transformations (Bash command failed. The command returned a non-zero exit code 1.; 2910)
Traceback (most recent call last):
  File "/home/airflow/.local/lib/python3.12/site-packages/airflow/task/task_runner/standard_task_runner.py", line 117, in _start_by_fork
    ret = args.func(args, dag=self.dag)
          ^^^^^^^^^^^^^^^^^^^^^^^^^^^^^
  File "/home/airflow/.local/lib/python3.12/site-packages/airflow/cli/cli_config.py", line 49, in command
    return func(*args, **kwargs)
           ^^^^^^^^^^^^^^^^^^^^^
  File "/home/airflow/.local/lib/python3.12/site-packages/airflow/utils/cli.py", line 115, in wrapper
    return f(*args, **kwargs)
           ^^^^^^^^^^^^^^^^^^
  File "/home/airflow/.local/lib/python3.12/site-packages/airflow/cli/commands/task_command.py", line 483, in task_run
    task_return_code = _run_task_by_selected_method(args, _dag, ti)
                       ^^^^^^^^^^^^^^^^^^^^^^^^^^^^^^^^^^^^^^^^^^^^
  File "/home/airflow/.local/lib/python3.12/site-packages/airflow/cli/commands/task_command.py", line 256, in _run_task_by_selected_method
    return _run_raw_task(args, ti)
           ^^^^^^^^^^^^^^^^^^^^^^^
  File "/home/airflow/.local/lib/python3.12/site-packages/airflow/cli/commands/task_command.py", line 341, in _run_raw_task
    return ti._run_raw_task(
           ^^^^^^^^^^^^^^^^^
  File "/home/airflow/.local/lib/python3.12/site-packages/airflow/utils/session.py", line 97, in wrapper
    return func(*args, session=session, **kwargs)
           ^^^^^^^^^^^^^^^^^^^^^^^^^^^^^^^^^^^^^^
  File "/home/airflow/.local/lib/python3.12/site-packages/airflow/models/taskinstance.py", line 3004, in _run_raw_task
    return _run_raw_task(
           ^^^^^^^^^^^^^^
  File "/home/airflow/.local/lib/python3.12/site-packages/airflow/models/taskinstance.py", line 273, in _run_raw_task
    TaskInstance._execute_task_with_callbacks(
  File "/home/airflow/.local/lib/python3.12/site-packages/airflow/models/taskinstance.py", line 3158, in _execute_task_with_callbacks
    result = self._execute_task(context, task_orig)
             ^^^^^^^^^^^^^^^^^^^^^^^^^^^^^^^^^^^^^^
  File "/home/airflow/.local/lib/python3.12/site-packages/airflow/models/taskinstance.py", line 3182, in _execute_task
    return _execute_task(self, context, task_orig)
           ^^^^^^^^^^^^^^^^^^^^^^^^^^^^^^^^^^^^^^^
  File "/home/airflow/.local/lib/python3.12/site-packages/airflow/models/taskinstance.py", line 767, in _execute_task
    result = _execute_callable(context=context, **execute_callable_kwargs)
             ^^^^^^^^^^^^^^^^^^^^^^^^^^^^^^^^^^^^^^^^^^^^^^^^^^^^^^^^^^^^^
  File "/home/airflow/.local/lib/python3.12/site-packages/airflow/models/taskinstance.py", line 733, in _execute_callable
    return ExecutionCallableRunner(
           ^^^^^^^^^^^^^^^^^^^^^^^^
  File "/home/airflow/.local/lib/python3.12/site-packages/airflow/utils/operator_helpers.py", line 252, in run
    return self.func(*args, **kwargs)
           ^^^^^^^^^^^^^^^^^^^^^^^^^^
  File "/home/airflow/.local/lib/python3.12/site-packages/airflow/models/baseoperator.py", line 406, in wrapper
    return func(self, *args, **kwargs)
           ^^^^^^^^^^^^^^^^^^^^^^^^^^^
  File "/home/airflow/.local/lib/python3.12/site-packages/airflow/operators/bash.py", line 249, in execute
    raise AirflowException(
airflow.exceptions.AirflowException: Bash command failed. The command returned a non-zero exit code 1.
[2026-04-20T20:05:49.582+0000] {local_task_job_runner.py:266} INFO - Task exited with return code 1
[2026-04-20T20:05:49.587+0000] {taskinstance.py:3900} INFO - 0 downstream tasks scheduled from follow-on schedule check
[2026-04-20T20:05:49.588+0000] {local_task_job_runner.py:245} INFO - ::endgroup::
