[2026-04-21T00:00:21.260+0000] {logging_mixin.py:190} WARNING - /home/airflow/.local/lib/python3.12/site-packages/airflow/settings.py:470 DeprecationWarning: The sql_alchemy_conn option in [core] has been moved to the sql_alchemy_conn option in [database] - the old setting has been used, but please update your config.
[2026-04-21T00:00:21.262+0000] {processor.py:186} INFO - Started process (PID=6175) to work on /opt/airflow/dags/employee_pipeline_dag.py
[2026-04-21T00:00:21.262+0000] {processor.py:914} INFO - Processing file /opt/airflow/dags/employee_pipeline_dag.py for tasks to queue
[2026-04-21T00:00:21.263+0000] {logging_mixin.py:190} INFO - [2026-04-21T00:00:21.263+0000] {dagbag.py:588} INFO - Filling up the DagBag from /opt/airflow/dags/employee_pipeline_dag.py
[2026-04-21T00:00:21.268+0000] {processor.py:925} INFO - DAG(s) 'employee_data_pipeline_v2' retrieved from /opt/airflow/dags/employee_pipeline_dag.py
[2026-04-21T00:00:21.277+0000] {logging_mixin.py:190} INFO - [2026-04-21T00:00:21.277+0000] {dag.py:3239} INFO - Sync 1 DAGs
[2026-04-21T00:00:21.349+0000] {logging_mixin.py:190} INFO - [2026-04-21T00:00:21.349+0000] {dag.py:4180} INFO - Setting next_dagrun for employee_data_pipeline_v2 to 2026-04-21 00:00:00+00:00, run_after=2026-04-22 00:00:00+00:00
[2026-04-21T00:00:21.353+0000] {processor.py:208} INFO - Processing /opt/airflow/dags/employee_pipeline_dag.py took 0.094 seconds
[2026-04-21T00:00:51.465+0000] {logging_mixin.py:190} WARNING - /home/airflow/.local/lib/python3.12/site-packages/airflow/settings.py:470 DeprecationWarning: The sql_alchemy_conn option in [core] has been moved to the sql_alchemy_conn option in [database] - the old setting has been used, but please update your config.
[2026-04-21T00:00:51.467+0000] {processor.py:186} INFO - Started process (PID=6180) to work on /opt/airflow/dags/employee_pipeline_dag.py
[2026-04-21T00:00:51.468+0000] {processor.py:914} INFO - Processing file /opt/airflow/dags/employee_pipeline_dag.py for tasks to queue
[2026-04-21T00:00:51.468+0000] {logging_mixin.py:190} INFO - [2026-04-21T00:00:51.468+0000] {dagbag.py:588} INFO - Filling up the DagBag from /opt/airflow/dags/employee_pipeline_dag.py
[2026-04-21T00:00:51.474+0000] {processor.py:925} INFO - DAG(s) 'employee_data_pipeline_v2' retrieved from /opt/airflow/dags/employee_pipeline_dag.py
[2026-04-21T00:00:51.486+0000] {logging_mixin.py:190} INFO - [2026-04-21T00:00:51.486+0000] {dag.py:3239} INFO - Sync 1 DAGs
[2026-04-21T00:00:51.573+0000] {logging_mixin.py:190} INFO - [2026-04-21T00:00:51.573+0000] {dag.py:4180} INFO - Setting next_dagrun for employee_data_pipeline_v2 to 2026-04-21 00:00:00+00:00, run_after=2026-04-22 00:00:00+00:00
[2026-04-21T00:00:51.578+0000] {processor.py:208} INFO - Processing /opt/airflow/dags/employee_pipeline_dag.py took 0.115 seconds
[2026-04-21T00:01:21.830+0000] {logging_mixin.py:190} WARNING - /home/airflow/.local/lib/python3.12/site-packages/airflow/settings.py:470 DeprecationWarning: The sql_alchemy_conn option in [core] has been moved to the sql_alchemy_conn option in [database] - the old setting has been used, but please update your config.
[2026-04-21T00:01:21.833+0000] {processor.py:186} INFO - Started process (PID=6185) to work on /opt/airflow/dags/employee_pipeline_dag.py
[2026-04-21T00:01:21.833+0000] {processor.py:914} INFO - Processing file /opt/airflow/dags/employee_pipeline_dag.py for tasks to queue
[2026-04-21T00:01:21.833+0000] {logging_mixin.py:190} INFO - [2026-04-21T00:01:21.833+0000] {dagbag.py:588} INFO - Filling up the DagBag from /opt/airflow/dags/employee_pipeline_dag.py
[2026-04-21T00:01:21.838+0000] {processor.py:925} INFO - DAG(s) 'employee_data_pipeline_v2' retrieved from /opt/airflow/dags/employee_pipeline_dag.py
[2026-04-21T00:01:21.913+0000] {logging_mixin.py:190} INFO - [2026-04-21T00:01:21.913+0000] {dag.py:3239} INFO - Sync 1 DAGs
[2026-04-21T00:01:21.920+0000] {logging_mixin.py:190} INFO - [2026-04-21T00:01:21.920+0000] {dag.py:4180} INFO - Setting next_dagrun for employee_data_pipeline_v2 to 2026-04-21 00:00:00+00:00, run_after=2026-04-22 00:00:00+00:00
[2026-04-21T00:01:21.924+0000] {processor.py:208} INFO - Processing /opt/airflow/dags/employee_pipeline_dag.py took 0.095 seconds
[2026-04-21T00:01:52.104+0000] {logging_mixin.py:190} WARNING - /home/airflow/.local/lib/python3.12/site-packages/airflow/settings.py:470 DeprecationWarning: The sql_alchemy_conn option in [core] has been moved to the sql_alchemy_conn option in [database] - the old setting has been used, but please update your config.
[2026-04-21T00:01:52.107+0000] {processor.py:186} INFO - Started process (PID=6190) to work on /opt/airflow/dags/employee_pipeline_dag.py
[2026-04-21T00:01:52.107+0000] {processor.py:914} INFO - Processing file /opt/airflow/dags/employee_pipeline_dag.py for tasks to queue
[2026-04-21T00:01:52.107+0000] {logging_mixin.py:190} INFO - [2026-04-21T00:01:52.107+0000] {dagbag.py:588} INFO - Filling up the DagBag from /opt/airflow/dags/employee_pipeline_dag.py
[2026-04-21T00:01:52.112+0000] {processor.py:925} INFO - DAG(s) 'employee_data_pipeline_v2' retrieved from /opt/airflow/dags/employee_pipeline_dag.py
[2026-04-21T00:01:52.122+0000] {logging_mixin.py:190} INFO - [2026-04-21T00:01:52.122+0000] {dag.py:3239} INFO - Sync 1 DAGs
[2026-04-21T00:01:52.129+0000] {logging_mixin.py:190} INFO - [2026-04-21T00:01:52.129+0000] {dag.py:4180} INFO - Setting next_dagrun for employee_data_pipeline_v2 to 2026-04-21 00:00:00+00:00, run_after=2026-04-22 00:00:00+00:00
[2026-04-21T00:01:52.135+0000] {processor.py:208} INFO - Processing /opt/airflow/dags/employee_pipeline_dag.py took 0.032 seconds
[2026-04-21T00:02:22.402+0000] {logging_mixin.py:190} WARNING - /home/airflow/.local/lib/python3.12/site-packages/airflow/settings.py:470 DeprecationWarning: The sql_alchemy_conn option in [core] has been moved to the sql_alchemy_conn option in [database] - the old setting has been used, but please update your config.
[2026-04-21T00:02:22.404+0000] {processor.py:186} INFO - Started process (PID=6195) to work on /opt/airflow/dags/employee_pipeline_dag.py
[2026-04-21T00:02:22.405+0000] {processor.py:914} INFO - Processing file /opt/airflow/dags/employee_pipeline_dag.py for tasks to queue
[2026-04-21T00:02:22.405+0000] {logging_mixin.py:190} INFO - [2026-04-21T00:02:22.405+0000] {dagbag.py:588} INFO - Filling up the DagBag from /opt/airflow/dags/employee_pipeline_dag.py
[2026-04-21T00:02:22.410+0000] {processor.py:925} INFO - DAG(s) 'employee_data_pipeline_v2' retrieved from /opt/airflow/dags/employee_pipeline_dag.py
[2026-04-21T00:02:22.419+0000] {logging_mixin.py:190} INFO - [2026-04-21T00:02:22.419+0000] {dag.py:3239} INFO - Sync 1 DAGs
[2026-04-21T00:02:22.426+0000] {logging_mixin.py:190} INFO - [2026-04-21T00:02:22.426+0000] {dag.py:4180} INFO - Setting next_dagrun for employee_data_pipeline_v2 to 2026-04-21 00:00:00+00:00, run_after=2026-04-22 00:00:00+00:00
[2026-04-21T00:02:22.431+0000] {processor.py:208} INFO - Processing /opt/airflow/dags/employee_pipeline_dag.py took 0.030 seconds
[2026-04-21T00:02:52.641+0000] {logging_mixin.py:190} WARNING - /home/airflow/.local/lib/python3.12/site-packages/airflow/settings.py:470 DeprecationWarning: The sql_alchemy_conn option in [core] has been moved to the sql_alchemy_conn option in [database] - the old setting has been used, but please update your config.
[2026-04-21T00:02:52.643+0000] {processor.py:186} INFO - Started process (PID=6200) to work on /opt/airflow/dags/employee_pipeline_dag.py
[2026-04-21T00:02:52.644+0000] {processor.py:914} INFO - Processing file /opt/airflow/dags/employee_pipeline_dag.py for tasks to queue
[2026-04-21T00:02:52.644+0000] {logging_mixin.py:190} INFO - [2026-04-21T00:02:52.644+0000] {dagbag.py:588} INFO - Filling up the DagBag from /opt/airflow/dags/employee_pipeline_dag.py
[2026-04-21T00:02:52.649+0000] {processor.py:925} INFO - DAG(s) 'employee_data_pipeline_v2' retrieved from /opt/airflow/dags/employee_pipeline_dag.py
[2026-04-21T00:02:52.659+0000] {logging_mixin.py:190} INFO - [2026-04-21T00:02:52.659+0000] {dag.py:3239} INFO - Sync 1 DAGs
[2026-04-21T00:02:52.667+0000] {logging_mixin.py:190} INFO - [2026-04-21T00:02:52.667+0000] {dag.py:4180} INFO - Setting next_dagrun for employee_data_pipeline_v2 to 2026-04-21 00:00:00+00:00, run_after=2026-04-22 00:00:00+00:00
[2026-04-21T00:02:52.740+0000] {processor.py:208} INFO - Processing /opt/airflow/dags/employee_pipeline_dag.py took 0.101 seconds
[2026-04-21T00:03:22.912+0000] {logging_mixin.py:190} WARNING - /home/airflow/.local/lib/python3.12/site-packages/airflow/settings.py:470 DeprecationWarning: The sql_alchemy_conn option in [core] has been moved to the sql_alchemy_conn option in [database] - the old setting has been used, but please update your config.
[2026-04-21T00:03:22.915+0000] {processor.py:186} INFO - Started process (PID=6205) to work on /opt/airflow/dags/employee_pipeline_dag.py
[2026-04-21T00:03:22.915+0000] {processor.py:914} INFO - Processing file /opt/airflow/dags/employee_pipeline_dag.py for tasks to queue
[2026-04-21T00:03:22.915+0000] {logging_mixin.py:190} INFO - [2026-04-21T00:03:22.915+0000] {dagbag.py:588} INFO - Filling up the DagBag from /opt/airflow/dags/employee_pipeline_dag.py
[2026-04-21T00:03:22.921+0000] {processor.py:925} INFO - DAG(s) 'employee_data_pipeline_v2' retrieved from /opt/airflow/dags/employee_pipeline_dag.py
[2026-04-21T00:03:22.931+0000] {logging_mixin.py:190} INFO - [2026-04-21T00:03:22.931+0000] {dag.py:3239} INFO - Sync 1 DAGs
[2026-04-21T00:03:23.020+0000] {logging_mixin.py:190} INFO - [2026-04-21T00:03:23.020+0000] {dag.py:4180} INFO - Setting next_dagrun for employee_data_pipeline_v2 to 2026-04-21 00:00:00+00:00, run_after=2026-04-22 00:00:00+00:00
[2026-04-21T00:03:23.026+0000] {processor.py:208} INFO - Processing /opt/airflow/dags/employee_pipeline_dag.py took 0.115 seconds
[2026-04-21T00:03:53.239+0000] {logging_mixin.py:190} WARNING - /home/airflow/.local/lib/python3.12/site-packages/airflow/settings.py:470 DeprecationWarning: The sql_alchemy_conn option in [core] has been moved to the sql_alchemy_conn option in [database] - the old setting has been used, but please update your config.
[2026-04-21T00:03:53.242+0000] {processor.py:186} INFO - Started process (PID=6210) to work on /opt/airflow/dags/employee_pipeline_dag.py
[2026-04-21T00:03:53.242+0000] {processor.py:914} INFO - Processing file /opt/airflow/dags/employee_pipeline_dag.py for tasks to queue
[2026-04-21T00:03:53.242+0000] {logging_mixin.py:190} INFO - [2026-04-21T00:03:53.242+0000] {dagbag.py:588} INFO - Filling up the DagBag from /opt/airflow/dags/employee_pipeline_dag.py
[2026-04-21T00:03:53.247+0000] {processor.py:925} INFO - DAG(s) 'employee_data_pipeline_v2' retrieved from /opt/airflow/dags/employee_pipeline_dag.py
[2026-04-21T00:03:53.256+0000] {logging_mixin.py:190} INFO - [2026-04-21T00:03:53.256+0000] {dag.py:3239} INFO - Sync 1 DAGs
[2026-04-21T00:03:53.329+0000] {logging_mixin.py:190} INFO - [2026-04-21T00:03:53.329+0000] {dag.py:4180} INFO - Setting next_dagrun for employee_data_pipeline_v2 to 2026-04-21 00:00:00+00:00, run_after=2026-04-22 00:00:00+00:00
[2026-04-21T00:03:53.334+0000] {processor.py:208} INFO - Processing /opt/airflow/dags/employee_pipeline_dag.py took 0.096 seconds
[2026-04-21T00:04:23.477+0000] {logging_mixin.py:190} WARNING - /home/airflow/.local/lib/python3.12/site-packages/airflow/settings.py:470 DeprecationWarning: The sql_alchemy_conn option in [core] has been moved to the sql_alchemy_conn option in [database] - the old setting has been used, but please update your config.
[2026-04-21T00:04:23.480+0000] {processor.py:186} INFO - Started process (PID=6216) to work on /opt/airflow/dags/employee_pipeline_dag.py
[2026-04-21T00:04:23.480+0000] {processor.py:914} INFO - Processing file /opt/airflow/dags/employee_pipeline_dag.py for tasks to queue
[2026-04-21T00:04:23.481+0000] {logging_mixin.py:190} INFO - [2026-04-21T00:04:23.480+0000] {dagbag.py:588} INFO - Filling up the DagBag from /opt/airflow/dags/employee_pipeline_dag.py
[2026-04-21T00:04:23.486+0000] {processor.py:925} INFO - DAG(s) 'employee_data_pipeline_v2' retrieved from /opt/airflow/dags/employee_pipeline_dag.py
[2026-04-21T00:04:23.561+0000] {logging_mixin.py:190} INFO - [2026-04-21T00:04:23.561+0000] {dag.py:3239} INFO - Sync 1 DAGs
[2026-04-21T00:04:23.568+0000] {logging_mixin.py:190} INFO - [2026-04-21T00:04:23.568+0000] {dag.py:4180} INFO - Setting next_dagrun for employee_data_pipeline_v2 to 2026-04-21 00:00:00+00:00, run_after=2026-04-22 00:00:00+00:00
[2026-04-21T00:04:23.573+0000] {processor.py:208} INFO - Processing /opt/airflow/dags/employee_pipeline_dag.py took 0.096 seconds
[2026-04-21T00:04:53.806+0000] {logging_mixin.py:190} WARNING - /home/airflow/.local/lib/python3.12/site-packages/airflow/settings.py:470 DeprecationWarning: The sql_alchemy_conn option in [core] has been moved to the sql_alchemy_conn option in [database] - the old setting has been used, but please update your config.
[2026-04-21T00:04:53.808+0000] {processor.py:186} INFO - Started process (PID=6221) to work on /opt/airflow/dags/employee_pipeline_dag.py
[2026-04-21T00:04:53.809+0000] {processor.py:914} INFO - Processing file /opt/airflow/dags/employee_pipeline_dag.py for tasks to queue
[2026-04-21T00:04:53.809+0000] {logging_mixin.py:190} INFO - [2026-04-21T00:04:53.809+0000] {dagbag.py:588} INFO - Filling up the DagBag from /opt/airflow/dags/employee_pipeline_dag.py
[2026-04-21T00:04:53.814+0000] {processor.py:925} INFO - DAG(s) 'employee_data_pipeline_v2' retrieved from /opt/airflow/dags/employee_pipeline_dag.py
[2026-04-21T00:04:53.826+0000] {logging_mixin.py:190} INFO - [2026-04-21T00:04:53.825+0000] {dag.py:3239} INFO - Sync 1 DAGs
[2026-04-21T00:04:53.833+0000] {logging_mixin.py:190} INFO - [2026-04-21T00:04:53.833+0000] {dag.py:4180} INFO - Setting next_dagrun for employee_data_pipeline_v2 to 2026-04-21 00:00:00+00:00, run_after=2026-04-22 00:00:00+00:00
[2026-04-21T00:04:53.839+0000] {processor.py:208} INFO - Processing /opt/airflow/dags/employee_pipeline_dag.py took 0.034 seconds
[2026-04-21T00:05:24.075+0000] {logging_mixin.py:190} WARNING - /home/airflow/.local/lib/python3.12/site-packages/airflow/settings.py:470 DeprecationWarning: The sql_alchemy_conn option in [core] has been moved to the sql_alchemy_conn option in [database] - the old setting has been used, but please update your config.
[2026-04-21T00:05:24.078+0000] {processor.py:186} INFO - Started process (PID=6226) to work on /opt/airflow/dags/employee_pipeline_dag.py
[2026-04-21T00:05:24.078+0000] {processor.py:914} INFO - Processing file /opt/airflow/dags/employee_pipeline_dag.py for tasks to queue
[2026-04-21T00:05:24.078+0000] {logging_mixin.py:190} INFO - [2026-04-21T00:05:24.078+0000] {dagbag.py:588} INFO - Filling up the DagBag from /opt/airflow/dags/employee_pipeline_dag.py
[2026-04-21T00:05:24.083+0000] {processor.py:925} INFO - DAG(s) 'employee_data_pipeline_v2' retrieved from /opt/airflow/dags/employee_pipeline_dag.py
[2026-04-21T00:05:24.092+0000] {logging_mixin.py:190} INFO - [2026-04-21T00:05:24.092+0000] {dag.py:3239} INFO - Sync 1 DAGs
[2026-04-21T00:05:24.099+0000] {logging_mixin.py:190} INFO - [2026-04-21T00:05:24.099+0000] {dag.py:4180} INFO - Setting next_dagrun for employee_data_pipeline_v2 to 2026-04-21 00:00:00+00:00, run_after=2026-04-22 00:00:00+00:00
[2026-04-21T00:05:24.104+0000] {processor.py:208} INFO - Processing /opt/airflow/dags/employee_pipeline_dag.py took 0.030 seconds
[2026-04-21T00:05:54.330+0000] {logging_mixin.py:190} WARNING - /home/airflow/.local/lib/python3.12/site-packages/airflow/settings.py:470 DeprecationWarning: The sql_alchemy_conn option in [core] has been moved to the sql_alchemy_conn option in [database] - the old setting has been used, but please update your config.
[2026-04-21T00:05:54.332+0000] {processor.py:186} INFO - Started process (PID=6231) to work on /opt/airflow/dags/employee_pipeline_dag.py
[2026-04-21T00:05:54.332+0000] {processor.py:914} INFO - Processing file /opt/airflow/dags/employee_pipeline_dag.py for tasks to queue
[2026-04-21T00:05:54.333+0000] {logging_mixin.py:190} INFO - [2026-04-21T00:05:54.333+0000] {dagbag.py:588} INFO - Filling up the DagBag from /opt/airflow/dags/employee_pipeline_dag.py
[2026-04-21T00:05:54.338+0000] {processor.py:925} INFO - DAG(s) 'employee_data_pipeline_v2' retrieved from /opt/airflow/dags/employee_pipeline_dag.py
[2026-04-21T00:05:54.347+0000] {logging_mixin.py:190} INFO - [2026-04-21T00:05:54.347+0000] {dag.py:3239} INFO - Sync 1 DAGs
[2026-04-21T00:05:54.420+0000] {logging_mixin.py:190} INFO - [2026-04-21T00:05:54.420+0000] {dag.py:4180} INFO - Setting next_dagrun for employee_data_pipeline_v2 to 2026-04-21 00:00:00+00:00, run_after=2026-04-22 00:00:00+00:00
[2026-04-21T00:05:54.425+0000] {processor.py:208} INFO - Processing /opt/airflow/dags/employee_pipeline_dag.py took 0.096 seconds
[2026-04-21T00:06:24.541+0000] {logging_mixin.py:190} WARNING - /home/airflow/.local/lib/python3.12/site-packages/airflow/settings.py:470 DeprecationWarning: The sql_alchemy_conn option in [core] has been moved to the sql_alchemy_conn option in [database] - the old setting has been used, but please update your config.
[2026-04-21T00:06:24.543+0000] {processor.py:186} INFO - Started process (PID=6236) to work on /opt/airflow/dags/employee_pipeline_dag.py
[2026-04-21T00:06:24.543+0000] {processor.py:914} INFO - Processing file /opt/airflow/dags/employee_pipeline_dag.py for tasks to queue
[2026-04-21T00:06:24.544+0000] {logging_mixin.py:190} INFO - [2026-04-21T00:06:24.544+0000] {dagbag.py:588} INFO - Filling up the DagBag from /opt/airflow/dags/employee_pipeline_dag.py
[2026-04-21T00:06:24.549+0000] {processor.py:925} INFO - DAG(s) 'employee_data_pipeline_v2' retrieved from /opt/airflow/dags/employee_pipeline_dag.py
[2026-04-21T00:06:24.559+0000] {logging_mixin.py:190} INFO - [2026-04-21T00:06:24.559+0000] {dag.py:3239} INFO - Sync 1 DAGs
[2026-04-21T00:06:24.637+0000] {logging_mixin.py:190} INFO - [2026-04-21T00:06:24.637+0000] {dag.py:4180} INFO - Setting next_dagrun for employee_data_pipeline_v2 to 2026-04-21 00:00:00+00:00, run_after=2026-04-22 00:00:00+00:00
[2026-04-21T00:06:24.643+0000] {processor.py:208} INFO - Processing /opt/airflow/dags/employee_pipeline_dag.py took 0.103 seconds
[2026-04-21T00:06:54.769+0000] {logging_mixin.py:190} WARNING - /home/airflow/.local/lib/python3.12/site-packages/airflow/settings.py:470 DeprecationWarning: The sql_alchemy_conn option in [core] has been moved to the sql_alchemy_conn option in [database] - the old setting has been used, but please update your config.
[2026-04-21T00:06:54.772+0000] {processor.py:186} INFO - Started process (PID=6241) to work on /opt/airflow/dags/employee_pipeline_dag.py
[2026-04-21T00:06:54.772+0000] {processor.py:914} INFO - Processing file /opt/airflow/dags/employee_pipeline_dag.py for tasks to queue
[2026-04-21T00:06:54.772+0000] {logging_mixin.py:190} INFO - [2026-04-21T00:06:54.772+0000] {dagbag.py:588} INFO - Filling up the DagBag from /opt/airflow/dags/employee_pipeline_dag.py
[2026-04-21T00:06:54.778+0000] {processor.py:925} INFO - DAG(s) 'employee_data_pipeline_v2' retrieved from /opt/airflow/dags/employee_pipeline_dag.py
[2026-04-21T00:06:54.856+0000] {logging_mixin.py:190} INFO - [2026-04-21T00:06:54.856+0000] {dag.py:3239} INFO - Sync 1 DAGs
[2026-04-21T00:06:54.863+0000] {logging_mixin.py:190} INFO - [2026-04-21T00:06:54.863+0000] {dag.py:4180} INFO - Setting next_dagrun for employee_data_pipeline_v2 to 2026-04-21 00:00:00+00:00, run_after=2026-04-22 00:00:00+00:00
[2026-04-21T00:06:54.868+0000] {processor.py:208} INFO - Processing /opt/airflow/dags/employee_pipeline_dag.py took 0.099 seconds
[2026-04-21T00:07:25.107+0000] {logging_mixin.py:190} WARNING - /home/airflow/.local/lib/python3.12/site-packages/airflow/settings.py:470 DeprecationWarning: The sql_alchemy_conn option in [core] has been moved to the sql_alchemy_conn option in [database] - the old setting has been used, but please update your config.
[2026-04-21T00:07:25.109+0000] {processor.py:186} INFO - Started process (PID=6246) to work on /opt/airflow/dags/employee_pipeline_dag.py
[2026-04-21T00:07:25.109+0000] {processor.py:914} INFO - Processing file /opt/airflow/dags/employee_pipeline_dag.py for tasks to queue
[2026-04-21T00:07:25.110+0000] {logging_mixin.py:190} INFO - [2026-04-21T00:07:25.110+0000] {dagbag.py:588} INFO - Filling up the DagBag from /opt/airflow/dags/employee_pipeline_dag.py
[2026-04-21T00:07:25.115+0000] {processor.py:925} INFO - DAG(s) 'employee_data_pipeline_v2' retrieved from /opt/airflow/dags/employee_pipeline_dag.py
[2026-04-21T00:07:25.124+0000] {logging_mixin.py:190} INFO - [2026-04-21T00:07:25.124+0000] {dag.py:3239} INFO - Sync 1 DAGs
[2026-04-21T00:07:25.132+0000] {logging_mixin.py:190} INFO - [2026-04-21T00:07:25.132+0000] {dag.py:4180} INFO - Setting next_dagrun for employee_data_pipeline_v2 to 2026-04-21 00:00:00+00:00, run_after=2026-04-22 00:00:00+00:00
[2026-04-21T00:07:25.137+0000] {processor.py:208} INFO - Processing /opt/airflow/dags/employee_pipeline_dag.py took 0.031 seconds
[2026-04-21T00:07:55.355+0000] {logging_mixin.py:190} WARNING - /home/airflow/.local/lib/python3.12/site-packages/airflow/settings.py:470 DeprecationWarning: The sql_alchemy_conn option in [core] has been moved to the sql_alchemy_conn option in [database] - the old setting has been used, but please update your config.
[2026-04-21T00:07:55.357+0000] {processor.py:186} INFO - Started process (PID=6251) to work on /opt/airflow/dags/employee_pipeline_dag.py
[2026-04-21T00:07:55.358+0000] {processor.py:914} INFO - Processing file /opt/airflow/dags/employee_pipeline_dag.py for tasks to queue
[2026-04-21T00:07:55.358+0000] {logging_mixin.py:190} INFO - [2026-04-21T00:07:55.358+0000] {dagbag.py:588} INFO - Filling up the DagBag from /opt/airflow/dags/employee_pipeline_dag.py
[2026-04-21T00:07:55.363+0000] {processor.py:925} INFO - DAG(s) 'employee_data_pipeline_v2' retrieved from /opt/airflow/dags/employee_pipeline_dag.py
[2026-04-21T00:07:55.372+0000] {logging_mixin.py:190} INFO - [2026-04-21T00:07:55.372+0000] {dag.py:3239} INFO - Sync 1 DAGs
[2026-04-21T00:07:55.379+0000] {logging_mixin.py:190} INFO - [2026-04-21T00:07:55.379+0000] {dag.py:4180} INFO - Setting next_dagrun for employee_data_pipeline_v2 to 2026-04-21 00:00:00+00:00, run_after=2026-04-22 00:00:00+00:00
[2026-04-21T00:07:55.384+0000] {processor.py:208} INFO - Processing /opt/airflow/dags/employee_pipeline_dag.py took 0.030 seconds
[2026-04-21T00:08:25.597+0000] {logging_mixin.py:190} WARNING - /home/airflow/.local/lib/python3.12/site-packages/airflow/settings.py:470 DeprecationWarning: The sql_alchemy_conn option in [core] has been moved to the sql_alchemy_conn option in [database] - the old setting has been used, but please update your config.
[2026-04-21T00:08:25.600+0000] {processor.py:186} INFO - Started process (PID=6256) to work on /opt/airflow/dags/employee_pipeline_dag.py
[2026-04-21T00:08:25.600+0000] {processor.py:914} INFO - Processing file /opt/airflow/dags/employee_pipeline_dag.py for tasks to queue
[2026-04-21T00:08:25.600+0000] {logging_mixin.py:190} INFO - [2026-04-21T00:08:25.600+0000] {dagbag.py:588} INFO - Filling up the DagBag from /opt/airflow/dags/employee_pipeline_dag.py
[2026-04-21T00:08:25.606+0000] {processor.py:925} INFO - DAG(s) 'employee_data_pipeline_v2' retrieved from /opt/airflow/dags/employee_pipeline_dag.py
[2026-04-21T00:08:25.614+0000] {logging_mixin.py:190} INFO - [2026-04-21T00:08:25.614+0000] {dag.py:3239} INFO - Sync 1 DAGs
[2026-04-21T00:08:25.622+0000] {logging_mixin.py:190} INFO - [2026-04-21T00:08:25.621+0000] {dag.py:4180} INFO - Setting next_dagrun for employee_data_pipeline_v2 to 2026-04-21 00:00:00+00:00, run_after=2026-04-22 00:00:00+00:00
[2026-04-21T00:08:25.694+0000] {processor.py:208} INFO - Processing /opt/airflow/dags/employee_pipeline_dag.py took 0.098 seconds
[2026-04-21T00:08:55.832+0000] {logging_mixin.py:190} WARNING - /home/airflow/.local/lib/python3.12/site-packages/airflow/settings.py:470 DeprecationWarning: The sql_alchemy_conn option in [core] has been moved to the sql_alchemy_conn option in [database] - the old setting has been used, but please update your config.
[2026-04-21T00:08:55.834+0000] {processor.py:186} INFO - Started process (PID=6261) to work on /opt/airflow/dags/employee_pipeline_dag.py
[2026-04-21T00:08:55.834+0000] {processor.py:914} INFO - Processing file /opt/airflow/dags/employee_pipeline_dag.py for tasks to queue
[2026-04-21T00:08:55.835+0000] {logging_mixin.py:190} INFO - [2026-04-21T00:08:55.835+0000] {dagbag.py:588} INFO - Filling up the DagBag from /opt/airflow/dags/employee_pipeline_dag.py
[2026-04-21T00:08:55.840+0000] {processor.py:925} INFO - DAG(s) 'employee_data_pipeline_v2' retrieved from /opt/airflow/dags/employee_pipeline_dag.py
[2026-04-21T00:08:55.849+0000] {logging_mixin.py:190} INFO - [2026-04-21T00:08:55.849+0000] {dag.py:3239} INFO - Sync 1 DAGs
[2026-04-21T00:08:55.925+0000] {logging_mixin.py:190} INFO - [2026-04-21T00:08:55.925+0000] {dag.py:4180} INFO - Setting next_dagrun for employee_data_pipeline_v2 to 2026-04-21 00:00:00+00:00, run_after=2026-04-22 00:00:00+00:00
[2026-04-21T00:08:55.930+0000] {processor.py:208} INFO - Processing /opt/airflow/dags/employee_pipeline_dag.py took 0.100 seconds
[2026-04-21T00:09:26.151+0000] {logging_mixin.py:190} WARNING - /home/airflow/.local/lib/python3.12/site-packages/airflow/settings.py:470 DeprecationWarning: The sql_alchemy_conn option in [core] has been moved to the sql_alchemy_conn option in [database] - the old setting has been used, but please update your config.
[2026-04-21T00:09:26.153+0000] {processor.py:186} INFO - Started process (PID=6266) to work on /opt/airflow/dags/employee_pipeline_dag.py
[2026-04-21T00:09:26.153+0000] {processor.py:914} INFO - Processing file /opt/airflow/dags/employee_pipeline_dag.py for tasks to queue
[2026-04-21T00:09:26.154+0000] {logging_mixin.py:190} INFO - [2026-04-21T00:09:26.154+0000] {dagbag.py:588} INFO - Filling up the DagBag from /opt/airflow/dags/employee_pipeline_dag.py
[2026-04-21T00:09:26.159+0000] {processor.py:925} INFO - DAG(s) 'employee_data_pipeline_v2' retrieved from /opt/airflow/dags/employee_pipeline_dag.py
[2026-04-21T00:09:26.168+0000] {logging_mixin.py:190} INFO - [2026-04-21T00:09:26.168+0000] {dag.py:3239} INFO - Sync 1 DAGs
[2026-04-21T00:09:26.242+0000] {logging_mixin.py:190} INFO - [2026-04-21T00:09:26.242+0000] {dag.py:4180} INFO - Setting next_dagrun for employee_data_pipeline_v2 to 2026-04-21 00:00:00+00:00, run_after=2026-04-22 00:00:00+00:00
[2026-04-21T00:09:26.247+0000] {processor.py:208} INFO - Processing /opt/airflow/dags/employee_pipeline_dag.py took 0.097 seconds
[2026-04-21T00:09:56.419+0000] {logging_mixin.py:190} WARNING - /home/airflow/.local/lib/python3.12/site-packages/airflow/settings.py:470 DeprecationWarning: The sql_alchemy_conn option in [core] has been moved to the sql_alchemy_conn option in [database] - the old setting has been used, but please update your config.
[2026-04-21T00:09:56.422+0000] {processor.py:186} INFO - Started process (PID=6271) to work on /opt/airflow/dags/employee_pipeline_dag.py
[2026-04-21T00:09:56.422+0000] {processor.py:914} INFO - Processing file /opt/airflow/dags/employee_pipeline_dag.py for tasks to queue
[2026-04-21T00:09:56.422+0000] {logging_mixin.py:190} INFO - [2026-04-21T00:09:56.422+0000] {dagbag.py:588} INFO - Filling up the DagBag from /opt/airflow/dags/employee_pipeline_dag.py
[2026-04-21T00:09:56.427+0000] {processor.py:925} INFO - DAG(s) 'employee_data_pipeline_v2' retrieved from /opt/airflow/dags/employee_pipeline_dag.py
[2026-04-21T00:09:56.503+0000] {logging_mixin.py:190} INFO - [2026-04-21T00:09:56.503+0000] {dag.py:3239} INFO - Sync 1 DAGs
[2026-04-21T00:09:56.509+0000] {logging_mixin.py:190} INFO - [2026-04-21T00:09:56.509+0000] {dag.py:4180} INFO - Setting next_dagrun for employee_data_pipeline_v2 to 2026-04-21 00:00:00+00:00, run_after=2026-04-22 00:00:00+00:00
[2026-04-21T00:09:56.514+0000] {processor.py:208} INFO - Processing /opt/airflow/dags/employee_pipeline_dag.py took 0.096 seconds
[2026-04-21T00:10:26.722+0000] {logging_mixin.py:190} WARNING - /home/airflow/.local/lib/python3.12/site-packages/airflow/settings.py:470 DeprecationWarning: The sql_alchemy_conn option in [core] has been moved to the sql_alchemy_conn option in [database] - the old setting has been used, but please update your config.
[2026-04-21T00:10:26.724+0000] {processor.py:186} INFO - Started process (PID=6276) to work on /opt/airflow/dags/employee_pipeline_dag.py
[2026-04-21T00:10:26.725+0000] {processor.py:914} INFO - Processing file /opt/airflow/dags/employee_pipeline_dag.py for tasks to queue
[2026-04-21T00:10:26.725+0000] {logging_mixin.py:190} INFO - [2026-04-21T00:10:26.725+0000] {dagbag.py:588} INFO - Filling up the DagBag from /opt/airflow/dags/employee_pipeline_dag.py
[2026-04-21T00:10:26.730+0000] {processor.py:925} INFO - DAG(s) 'employee_data_pipeline_v2' retrieved from /opt/airflow/dags/employee_pipeline_dag.py
[2026-04-21T00:10:26.739+0000] {logging_mixin.py:190} INFO - [2026-04-21T00:10:26.739+0000] {dag.py:3239} INFO - Sync 1 DAGs
[2026-04-21T00:10:26.746+0000] {logging_mixin.py:190} INFO - [2026-04-21T00:10:26.746+0000] {dag.py:4180} INFO - Setting next_dagrun for employee_data_pipeline_v2 to 2026-04-21 00:00:00+00:00, run_after=2026-04-22 00:00:00+00:00
[2026-04-21T00:10:26.751+0000] {processor.py:208} INFO - Processing /opt/airflow/dags/employee_pipeline_dag.py took 0.030 seconds
[2026-04-21T00:10:56.988+0000] {logging_mixin.py:190} WARNING - /home/airflow/.local/lib/python3.12/site-packages/airflow/settings.py:470 DeprecationWarning: The sql_alchemy_conn option in [core] has been moved to the sql_alchemy_conn option in [database] - the old setting has been used, but please update your config.
[2026-04-21T00:10:56.990+0000] {processor.py:186} INFO - Started process (PID=6281) to work on /opt/airflow/dags/employee_pipeline_dag.py
[2026-04-21T00:10:56.991+0000] {processor.py:914} INFO - Processing file /opt/airflow/dags/employee_pipeline_dag.py for tasks to queue
[2026-04-21T00:10:56.991+0000] {logging_mixin.py:190} INFO - [2026-04-21T00:10:56.991+0000] {dagbag.py:588} INFO - Filling up the DagBag from /opt/airflow/dags/employee_pipeline_dag.py
[2026-04-21T00:10:56.996+0000] {processor.py:925} INFO - DAG(s) 'employee_data_pipeline_v2' retrieved from /opt/airflow/dags/employee_pipeline_dag.py
[2026-04-21T00:10:57.006+0000] {logging_mixin.py:190} INFO - [2026-04-21T00:10:57.006+0000] {dag.py:3239} INFO - Sync 1 DAGs
[2026-04-21T00:10:57.013+0000] {logging_mixin.py:190} INFO - [2026-04-21T00:10:57.013+0000] {dag.py:4180} INFO - Setting next_dagrun for employee_data_pipeline_v2 to 2026-04-21 00:00:00+00:00, run_after=2026-04-22 00:00:00+00:00
[2026-04-21T00:10:57.019+0000] {processor.py:208} INFO - Processing /opt/airflow/dags/employee_pipeline_dag.py took 0.032 seconds
[2026-04-21T00:11:27.245+0000] {logging_mixin.py:190} WARNING - /home/airflow/.local/lib/python3.12/site-packages/airflow/settings.py:470 DeprecationWarning: The sql_alchemy_conn option in [core] has been moved to the sql_alchemy_conn option in [database] - the old setting has been used, but please update your config.
[2026-04-21T00:11:27.247+0000] {processor.py:186} INFO - Started process (PID=6286) to work on /opt/airflow/dags/employee_pipeline_dag.py
[2026-04-21T00:11:27.247+0000] {processor.py:914} INFO - Processing file /opt/airflow/dags/employee_pipeline_dag.py for tasks to queue
[2026-04-21T00:11:27.248+0000] {logging_mixin.py:190} INFO - [2026-04-21T00:11:27.248+0000] {dagbag.py:588} INFO - Filling up the DagBag from /opt/airflow/dags/employee_pipeline_dag.py
[2026-04-21T00:11:27.253+0000] {processor.py:925} INFO - DAG(s) 'employee_data_pipeline_v2' retrieved from /opt/airflow/dags/employee_pipeline_dag.py
[2026-04-21T00:11:27.262+0000] {logging_mixin.py:190} INFO - [2026-04-21T00:11:27.262+0000] {dag.py:3239} INFO - Sync 1 DAGs
[2026-04-21T00:11:27.269+0000] {logging_mixin.py:190} INFO - [2026-04-21T00:11:27.269+0000] {dag.py:4180} INFO - Setting next_dagrun for employee_data_pipeline_v2 to 2026-04-21 00:00:00+00:00, run_after=2026-04-22 00:00:00+00:00
[2026-04-21T00:11:27.343+0000] {processor.py:208} INFO - Processing /opt/airflow/dags/employee_pipeline_dag.py took 0.099 seconds
[2026-04-21T00:11:57.510+0000] {logging_mixin.py:190} WARNING - /home/airflow/.local/lib/python3.12/site-packages/airflow/settings.py:470 DeprecationWarning: The sql_alchemy_conn option in [core] has been moved to the sql_alchemy_conn option in [database] - the old setting has been used, but please update your config.
[2026-04-21T00:11:57.513+0000] {processor.py:186} INFO - Started process (PID=6291) to work on /opt/airflow/dags/employee_pipeline_dag.py
[2026-04-21T00:11:57.513+0000] {processor.py:914} INFO - Processing file /opt/airflow/dags/employee_pipeline_dag.py for tasks to queue
[2026-04-21T00:11:57.514+0000] {logging_mixin.py:190} INFO - [2026-04-21T00:11:57.514+0000] {dagbag.py:588} INFO - Filling up the DagBag from /opt/airflow/dags/employee_pipeline_dag.py
[2026-04-21T00:11:57.521+0000] {processor.py:925} INFO - DAG(s) 'employee_data_pipeline_v2' retrieved from /opt/airflow/dags/employee_pipeline_dag.py
[2026-04-21T00:11:57.530+0000] {logging_mixin.py:190} INFO - [2026-04-21T00:11:57.530+0000] {dag.py:3239} INFO - Sync 1 DAGs
[2026-04-21T00:11:57.607+0000] {logging_mixin.py:190} INFO - [2026-04-21T00:11:57.607+0000] {dag.py:4180} INFO - Setting next_dagrun for employee_data_pipeline_v2 to 2026-04-21 00:00:00+00:00, run_after=2026-04-22 00:00:00+00:00
[2026-04-21T00:11:57.612+0000] {processor.py:208} INFO - Processing /opt/airflow/dags/employee_pipeline_dag.py took 0.103 seconds
[2026-04-21T00:12:27.740+0000] {logging_mixin.py:190} WARNING - /home/airflow/.local/lib/python3.12/site-packages/airflow/settings.py:470 DeprecationWarning: The sql_alchemy_conn option in [core] has been moved to the sql_alchemy_conn option in [database] - the old setting has been used, but please update your config.
[2026-04-21T00:12:27.742+0000] {processor.py:186} INFO - Started process (PID=6296) to work on /opt/airflow/dags/employee_pipeline_dag.py
[2026-04-21T00:12:27.743+0000] {processor.py:914} INFO - Processing file /opt/airflow/dags/employee_pipeline_dag.py for tasks to queue
[2026-04-21T00:12:27.743+0000] {logging_mixin.py:190} INFO - [2026-04-21T00:12:27.743+0000] {dagbag.py:588} INFO - Filling up the DagBag from /opt/airflow/dags/employee_pipeline_dag.py
[2026-04-21T00:12:27.748+0000] {processor.py:925} INFO - DAG(s) 'employee_data_pipeline_v2' retrieved from /opt/airflow/dags/employee_pipeline_dag.py
[2026-04-21T00:12:27.757+0000] {logging_mixin.py:190} INFO - [2026-04-21T00:12:27.757+0000] {dag.py:3239} INFO - Sync 1 DAGs
[2026-04-21T00:12:27.832+0000] {logging_mixin.py:190} INFO - [2026-04-21T00:12:27.832+0000] {dag.py:4180} INFO - Setting next_dagrun for employee_data_pipeline_v2 to 2026-04-21 00:00:00+00:00, run_after=2026-04-22 00:00:00+00:00
[2026-04-21T00:12:27.837+0000] {processor.py:208} INFO - Processing /opt/airflow/dags/employee_pipeline_dag.py took 0.099 seconds
[2026-04-21T00:12:58.063+0000] {logging_mixin.py:190} WARNING - /home/airflow/.local/lib/python3.12/site-packages/airflow/settings.py:470 DeprecationWarning: The sql_alchemy_conn option in [core] has been moved to the sql_alchemy_conn option in [database] - the old setting has been used, but please update your config.
[2026-04-21T00:12:58.065+0000] {processor.py:186} INFO - Started process (PID=6301) to work on /opt/airflow/dags/employee_pipeline_dag.py
[2026-04-21T00:12:58.066+0000] {processor.py:914} INFO - Processing file /opt/airflow/dags/employee_pipeline_dag.py for tasks to queue
[2026-04-21T00:12:58.066+0000] {logging_mixin.py:190} INFO - [2026-04-21T00:12:58.066+0000] {dagbag.py:588} INFO - Filling up the DagBag from /opt/airflow/dags/employee_pipeline_dag.py
[2026-04-21T00:12:58.071+0000] {processor.py:925} INFO - DAG(s) 'employee_data_pipeline_v2' retrieved from /opt/airflow/dags/employee_pipeline_dag.py
[2026-04-21T00:12:58.148+0000] {logging_mixin.py:190} INFO - [2026-04-21T00:12:58.148+0000] {dag.py:3239} INFO - Sync 1 DAGs
[2026-04-21T00:12:58.154+0000] {logging_mixin.py:190} INFO - [2026-04-21T00:12:58.154+0000] {dag.py:4180} INFO - Setting next_dagrun for employee_data_pipeline_v2 to 2026-04-21 00:00:00+00:00, run_after=2026-04-22 00:00:00+00:00
[2026-04-21T00:12:58.159+0000] {processor.py:208} INFO - Processing /opt/airflow/dags/employee_pipeline_dag.py took 0.097 seconds
[2026-04-21T00:13:28.276+0000] {logging_mixin.py:190} WARNING - /home/airflow/.local/lib/python3.12/site-packages/airflow/settings.py:470 DeprecationWarning: The sql_alchemy_conn option in [core] has been moved to the sql_alchemy_conn option in [database] - the old setting has been used, but please update your config.
[2026-04-21T00:13:28.279+0000] {processor.py:186} INFO - Started process (PID=6306) to work on /opt/airflow/dags/employee_pipeline_dag.py
[2026-04-21T00:13:28.279+0000] {processor.py:914} INFO - Processing file /opt/airflow/dags/employee_pipeline_dag.py for tasks to queue
[2026-04-21T00:13:28.280+0000] {logging_mixin.py:190} INFO - [2026-04-21T00:13:28.280+0000] {dagbag.py:588} INFO - Filling up the DagBag from /opt/airflow/dags/employee_pipeline_dag.py
[2026-04-21T00:13:28.285+0000] {processor.py:925} INFO - DAG(s) 'employee_data_pipeline_v2' retrieved from /opt/airflow/dags/employee_pipeline_dag.py
[2026-04-21T00:13:28.294+0000] {logging_mixin.py:190} INFO - [2026-04-21T00:13:28.294+0000] {dag.py:3239} INFO - Sync 1 DAGs
[2026-04-21T00:13:28.301+0000] {logging_mixin.py:190} INFO - [2026-04-21T00:13:28.301+0000] {dag.py:4180} INFO - Setting next_dagrun for employee_data_pipeline_v2 to 2026-04-21 00:00:00+00:00, run_after=2026-04-22 00:00:00+00:00
[2026-04-21T00:13:28.306+0000] {processor.py:208} INFO - Processing /opt/airflow/dags/employee_pipeline_dag.py took 0.031 seconds
[2026-04-21T00:13:58.462+0000] {logging_mixin.py:190} WARNING - /home/airflow/.local/lib/python3.12/site-packages/airflow/settings.py:470 DeprecationWarning: The sql_alchemy_conn option in [core] has been moved to the sql_alchemy_conn option in [database] - the old setting has been used, but please update your config.
[2026-04-21T00:13:58.465+0000] {processor.py:186} INFO - Started process (PID=6311) to work on /opt/airflow/dags/employee_pipeline_dag.py
[2026-04-21T00:13:58.465+0000] {processor.py:914} INFO - Processing file /opt/airflow/dags/employee_pipeline_dag.py for tasks to queue
[2026-04-21T00:13:58.465+0000] {logging_mixin.py:190} INFO - [2026-04-21T00:13:58.465+0000] {dagbag.py:588} INFO - Filling up the DagBag from /opt/airflow/dags/employee_pipeline_dag.py
[2026-04-21T00:13:58.471+0000] {processor.py:925} INFO - DAG(s) 'employee_data_pipeline_v2' retrieved from /opt/airflow/dags/employee_pipeline_dag.py
[2026-04-21T00:13:58.482+0000] {logging_mixin.py:190} INFO - [2026-04-21T00:13:58.482+0000] {dag.py:3239} INFO - Sync 1 DAGs
[2026-04-21T00:13:58.491+0000] {logging_mixin.py:190} INFO - [2026-04-21T00:13:58.491+0000] {dag.py:4180} INFO - Setting next_dagrun for employee_data_pipeline_v2 to 2026-04-21 00:00:00+00:00, run_after=2026-04-22 00:00:00+00:00
[2026-04-21T00:13:58.496+0000] {processor.py:208} INFO - Processing /opt/airflow/dags/employee_pipeline_dag.py took 0.036 seconds
[2026-04-21T00:14:28.695+0000] {logging_mixin.py:190} WARNING - /home/airflow/.local/lib/python3.12/site-packages/airflow/settings.py:470 DeprecationWarning: The sql_alchemy_conn option in [core] has been moved to the sql_alchemy_conn option in [database] - the old setting has been used, but please update your config.
[2026-04-21T00:14:28.697+0000] {processor.py:186} INFO - Started process (PID=6316) to work on /opt/airflow/dags/employee_pipeline_dag.py
[2026-04-21T00:14:28.697+0000] {processor.py:914} INFO - Processing file /opt/airflow/dags/employee_pipeline_dag.py for tasks to queue
[2026-04-21T00:14:28.698+0000] {logging_mixin.py:190} INFO - [2026-04-21T00:14:28.698+0000] {dagbag.py:588} INFO - Filling up the DagBag from /opt/airflow/dags/employee_pipeline_dag.py
[2026-04-21T00:14:28.704+0000] {processor.py:925} INFO - DAG(s) 'employee_data_pipeline_v2' retrieved from /opt/airflow/dags/employee_pipeline_dag.py
[2026-04-21T00:14:28.715+0000] {logging_mixin.py:190} INFO - [2026-04-21T00:14:28.714+0000] {dag.py:3239} INFO - Sync 1 DAGs
[2026-04-21T00:14:28.814+0000] {logging_mixin.py:190} INFO - [2026-04-21T00:14:28.814+0000] {dag.py:4180} INFO - Setting next_dagrun for employee_data_pipeline_v2 to 2026-04-21 00:00:00+00:00, run_after=2026-04-22 00:00:00+00:00
[2026-04-21T00:14:28.822+0000] {processor.py:208} INFO - Processing /opt/airflow/dags/employee_pipeline_dag.py took 0.128 seconds
[2026-04-21T00:14:58.946+0000] {logging_mixin.py:190} WARNING - /home/airflow/.local/lib/python3.12/site-packages/airflow/settings.py:470 DeprecationWarning: The sql_alchemy_conn option in [core] has been moved to the sql_alchemy_conn option in [database] - the old setting has been used, but please update your config.
[2026-04-21T00:14:58.948+0000] {processor.py:186} INFO - Started process (PID=6321) to work on /opt/airflow/dags/employee_pipeline_dag.py
[2026-04-21T00:14:58.948+0000] {processor.py:914} INFO - Processing file /opt/airflow/dags/employee_pipeline_dag.py for tasks to queue
[2026-04-21T00:14:58.949+0000] {logging_mixin.py:190} INFO - [2026-04-21T00:14:58.949+0000] {dagbag.py:588} INFO - Filling up the DagBag from /opt/airflow/dags/employee_pipeline_dag.py
[2026-04-21T00:14:58.954+0000] {processor.py:925} INFO - DAG(s) 'employee_data_pipeline_v2' retrieved from /opt/airflow/dags/employee_pipeline_dag.py
[2026-04-21T00:14:58.965+0000] {logging_mixin.py:190} INFO - [2026-04-21T00:14:58.965+0000] {dag.py:3239} INFO - Sync 1 DAGs
[2026-04-21T00:14:59.050+0000] {logging_mixin.py:190} INFO - [2026-04-21T00:14:59.050+0000] {dag.py:4180} INFO - Setting next_dagrun for employee_data_pipeline_v2 to 2026-04-21 00:00:00+00:00, run_after=2026-04-22 00:00:00+00:00
[2026-04-21T00:14:59.056+0000] {processor.py:208} INFO - Processing /opt/airflow/dags/employee_pipeline_dag.py took 0.112 seconds
[2026-04-21T00:15:29.295+0000] {logging_mixin.py:190} WARNING - /home/airflow/.local/lib/python3.12/site-packages/airflow/settings.py:470 DeprecationWarning: The sql_alchemy_conn option in [core] has been moved to the sql_alchemy_conn option in [database] - the old setting has been used, but please update your config.
[2026-04-21T00:15:29.297+0000] {processor.py:186} INFO - Started process (PID=6326) to work on /opt/airflow/dags/employee_pipeline_dag.py
[2026-04-21T00:15:29.298+0000] {processor.py:914} INFO - Processing file /opt/airflow/dags/employee_pipeline_dag.py for tasks to queue
[2026-04-21T00:15:29.298+0000] {logging_mixin.py:190} INFO - [2026-04-21T00:15:29.298+0000] {dagbag.py:588} INFO - Filling up the DagBag from /opt/airflow/dags/employee_pipeline_dag.py
[2026-04-21T00:15:29.303+0000] {processor.py:925} INFO - DAG(s) 'employee_data_pipeline_v2' retrieved from /opt/airflow/dags/employee_pipeline_dag.py
[2026-04-21T00:15:29.380+0000] {logging_mixin.py:190} INFO - [2026-04-21T00:15:29.380+0000] {dag.py:3239} INFO - Sync 1 DAGs
[2026-04-21T00:15:29.386+0000] {logging_mixin.py:190} INFO - [2026-04-21T00:15:29.386+0000] {dag.py:4180} INFO - Setting next_dagrun for employee_data_pipeline_v2 to 2026-04-21 00:00:00+00:00, run_after=2026-04-22 00:00:00+00:00
[2026-04-21T00:15:29.391+0000] {processor.py:208} INFO - Processing /opt/airflow/dags/employee_pipeline_dag.py took 0.097 seconds
