[2026-04-20T04:02:16.705+0000] {local_task_job_runner.py:123} INFO - ::group::Pre task execution logs
[2026-04-20T04:02:16.710+0000] {taskinstance.py:2612} INFO - Dependencies all met for dep_context=non-requeueable deps ti=<TaskInstance: employee_data_pipeline.run_dbt_transformations manual__2026-04-20T04:02:12.168081+00:00 [queued]>
[2026-04-20T04:02:16.712+0000] {taskinstance.py:2612} INFO - Dependencies all met for dep_context=requeueable deps ti=<TaskInstance: employee_data_pipeline.run_dbt_transformations manual__2026-04-20T04:02:12.168081+00:00 [queued]>
[2026-04-20T04:02:16.712+0000] {taskinstance.py:2865} INFO - Starting attempt 1 of 1
[2026-04-20T04:02:16.716+0000] {taskinstance.py:2888} INFO - Executing <Task(BashOperator): run_dbt_transformations> on 2026-04-20 04:02:12.168081+00:00
[2026-04-20T04:02:16.719+0000] {logging_mixin.py:190} WARNING - /home/***/.local/lib/python3.12/site-packages/***/task/task_runner/standard_task_runner.py:70 DeprecationWarning: This process (pid=400) is multi-threaded, use of fork() may lead to deadlocks in the child.
[2026-04-20T04:02:16.719+0000] {standard_task_runner.py:72} INFO - Started process 419 to run task
[2026-04-20T04:02:16.719+0000] {standard_task_runner.py:104} INFO - Running: ['***', 'tasks', 'run', 'employee_data_pipeline', 'run_dbt_transformations', 'manual__2026-04-20T04:02:12.168081+00:00', '--job-id', '57', '--raw', '--subdir', 'DAGS_FOLDER/employee_pipeline_dag.py', '--cfg-path', '/tmp/tmp2i8_t0l8']
[2026-04-20T04:02:16.720+0000] {standard_task_runner.py:105} INFO - Job 57: Subtask run_dbt_transformations
[2026-04-20T04:02:16.725+0000] {logging_mixin.py:190} WARNING - /home/***/.local/lib/python3.12/site-packages/***/settings.py:209 DeprecationWarning: The sql_alchemy_conn option in [core] has been moved to the sql_alchemy_conn option in [database] - the old setting has been used, but please update your config.
[2026-04-20T04:02:16.734+0000] {task_command.py:467} INFO - Running <TaskInstance: employee_data_pipeline.run_dbt_transformations manual__2026-04-20T04:02:12.168081+00:00 [running]> on host de75321fa08b
[2026-04-20T04:02:16.758+0000] {taskinstance.py:3131} INFO - Exporting env vars: AIRFLOW_CTX_DAG_OWNER='***' AIRFLOW_CTX_DAG_ID='employee_data_pipeline' AIRFLOW_CTX_TASK_ID='run_dbt_transformations' AIRFLOW_CTX_EXECUTION_DATE='2026-04-20T04:02:12.168081+00:00' AIRFLOW_CTX_TRY_NUMBER='1' AIRFLOW_CTX_DAG_RUN_ID='manual__2026-04-20T04:02:12.168081+00:00'
[2026-04-20T04:02:16.758+0000] {taskinstance.py:731} INFO - ::endgroup::
[2026-04-20T04:02:16.767+0000] {subprocess.py:63} INFO - Tmp dir root location: /tmp
[2026-04-20T04:02:16.767+0000] {subprocess.py:75} INFO - Running command: ['/usr/bin/bash', '-c', 'cd /opt/***/employee_data_transformation && /home/***/.local/bin/dbt run --profiles-dir /home/***/.dbt']
[2026-04-20T04:02:16.772+0000] {subprocess.py:86} INFO - Output:
[2026-04-20T04:02:17.526+0000] {subprocess.py:93} INFO - [0m04:02:17  Running with dbt=1.11.8
[2026-04-20T04:02:17.839+0000] {subprocess.py:93} INFO - [0m04:02:17  Registered adapter: snowflake=1.11.4
[2026-04-20T04:02:17.993+0000] {subprocess.py:93} INFO - [0m04:02:17  Found 4 models, 4 data tests, 1 source, 523 macros
[2026-04-20T04:02:17.994+0000] {subprocess.py:93} INFO - [0m04:02:17
[2026-04-20T04:02:17.994+0000] {subprocess.py:93} INFO - [0m04:02:17  Concurrency: 4 threads (target='dev')
[2026-04-20T04:02:17.994+0000] {subprocess.py:93} INFO - [0m04:02:17
[2026-04-20T04:02:18.883+0000] {subprocess.py:93} INFO - [0m04:02:18  1 of 4 START sql table model STAGING.my_first_dbt_model ........................ [RUN]
[2026-04-20T04:02:18.883+0000] {subprocess.py:93} INFO - [0m04:02:18  2 of 4 START sql view model STAGING.stg_employee_data .......................... [RUN]
[2026-04-20T04:02:19.856+0000] {subprocess.py:93} INFO - [0m04:02:19  2 of 4 OK created sql view model STAGING.stg_employee_data ..................... [[32mSUCCESS 1[0m in 0.97s]
[2026-04-20T04:02:19.857+0000] {subprocess.py:93} INFO - [0m04:02:19  3 of 4 START sql view model STAGING.fct_training_summary ....................... [RUN]
[2026-04-20T04:02:19.887+0000] {subprocess.py:93} INFO - [0m04:02:19  1 of 4 OK created sql table model STAGING.my_first_dbt_model ................... [[32mSUCCESS 2[0m in 1.00s]
[2026-04-20T04:02:19.891+0000] {subprocess.py:93} INFO - [0m04:02:19  4 of 4 START sql view model STAGING.my_second_dbt_model ........................ [RUN]
[2026-04-20T04:02:20.319+0000] {subprocess.py:93} INFO - [0m04:02:20  4 of 4 OK created sql view model STAGING.my_second_dbt_model ................... [[32mSUCCESS 1[0m in 0.43s]
[2026-04-20T04:02:20.724+0000] {subprocess.py:93} INFO - [0m04:02:20  3 of 4 OK created sql view model STAGING.fct_training_summary .................. [[32mSUCCESS 1[0m in 0.87s]
[2026-04-20T04:02:21.225+0000] {subprocess.py:93} INFO - [0m04:02:21
[2026-04-20T04:02:21.227+0000] {subprocess.py:93} INFO - [0m04:02:21  Finished running 1 table model, 3 view models in 0 hours 0 minutes and 3.23 seconds (3.23s).
[2026-04-20T04:02:21.247+0000] {subprocess.py:93} INFO - [0m04:02:21
[2026-04-20T04:02:21.247+0000] {subprocess.py:93} INFO - [0m04:02:21  [32mCompleted successfully[0m
[2026-04-20T04:02:21.247+0000] {subprocess.py:93} INFO - [0m04:02:21
[2026-04-20T04:02:21.248+0000] {subprocess.py:93} INFO - [0m04:02:21  Done. PASS=4 WARN=0 ERROR=0 SKIP=0 NO-OP=0 TOTAL=4
[2026-04-20T04:02:21.528+0000] {subprocess.py:97} INFO - Command exited with return code 0
[2026-04-20T04:02:21.538+0000] {taskinstance.py:340} INFO - ::group::Post task execution logs
[2026-04-20T04:02:21.538+0000] {taskinstance.py:352} INFO - Marking task as SUCCESS. dag_id=employee_data_pipeline, task_id=run_dbt_transformations, run_id=manual__2026-04-20T04:02:12.168081+00:00, execution_date=20260420T040212, start_date=20260420T040216, end_date=20260420T040221
[2026-04-20T04:02:21.573+0000] {local_task_job_runner.py:266} INFO - Task exited with return code 0
[2026-04-20T04:02:21.579+0000] {taskinstance.py:3900} INFO - 0 downstream tasks scheduled from follow-on schedule check
[2026-04-20T04:02:21.579+0000] {local_task_job_runner.py:245} INFO - ::endgroup::
