[2026-04-20T19:03:54.256+0000] {local_task_job_runner.py:123} INFO - ::group::Pre task execution logs
[2026-04-20T19:03:54.264+0000] {taskinstance.py:2612} INFO - Dependencies all met for dep_context=non-requeueable deps ti=<TaskInstance: employee_data_pipeline_v2.load_recruitment manual__2026-04-20T19:03:53.630069+00:00 [queued]>
[2026-04-20T19:03:54.269+0000] {taskinstance.py:2612} INFO - Dependencies all met for dep_context=requeueable deps ti=<TaskInstance: employee_data_pipeline_v2.load_recruitment manual__2026-04-20T19:03:53.630069+00:00 [queued]>
[2026-04-20T19:03:54.269+0000] {taskinstance.py:2865} INFO - Starting attempt 1 of 1
[2026-04-20T19:03:54.277+0000] {taskinstance.py:2888} INFO - Executing <Task(SnowflakeOperator): load_recruitment> on 2026-04-20 19:03:53.630069+00:00
[2026-04-20T19:03:54.284+0000] {logging_mixin.py:190} WARNING - /home/***/.local/lib/python3.12/site-packages/***/task/task_runner/standard_task_runner.py:70 DeprecationWarning: This process (pid=2302) is multi-threaded, use of fork() may lead to deadlocks in the child.
[2026-04-20T19:03:54.285+0000] {standard_task_runner.py:72} INFO - Started process 2321 to run task
[2026-04-20T19:03:54.284+0000] {standard_task_runner.py:104} INFO - Running: ['***', 'tasks', 'run', 'employee_data_pipeline_v2', 'load_recruitment', 'manual__2026-04-20T19:03:53.630069+00:00', '--job-id', '67', '--raw', '--subdir', 'DAGS_FOLDER/employee_pipeline_dag.py', '--cfg-path', '/tmp/tmp7pw5mz6k']
[2026-04-20T19:03:54.286+0000] {standard_task_runner.py:105} INFO - Job 67: Subtask load_recruitment
[2026-04-20T19:03:54.293+0000] {logging_mixin.py:190} WARNING - /home/***/.local/lib/python3.12/site-packages/***/settings.py:209 DeprecationWarning: The sql_alchemy_conn option in [core] has been moved to the sql_alchemy_conn option in [database] - the old setting has been used, but please update your config.
[2026-04-20T19:03:54.309+0000] {task_command.py:467} INFO - Running <TaskInstance: employee_data_pipeline_v2.load_recruitment manual__2026-04-20T19:03:53.630069+00:00 [running]> on host 78fd1d8cced9
[2026-04-20T19:03:54.340+0000] {taskinstance.py:3131} INFO - Exporting env vars: AIRFLOW_CTX_DAG_OWNER='***' AIRFLOW_CTX_DAG_ID='employee_data_pipeline_v2' AIRFLOW_CTX_TASK_ID='load_recruitment' AIRFLOW_CTX_EXECUTION_DATE='2026-04-20T19:03:53.630069+00:00' AIRFLOW_CTX_TRY_NUMBER='1' AIRFLOW_CTX_DAG_RUN_ID='manual__2026-04-20T19:03:53.630069+00:00'
[2026-04-20T19:03:54.340+0000] {taskinstance.py:731} INFO - ::endgroup::
[2026-04-20T19:03:54.346+0000] {sql.py:266} INFO - Executing: 
    USE WAREHOUSE EE_COMPUTE_WH;
    COPY INTO EMPLOYEE_DATA_DB.RAW.RAW_RECRUITMENT
    FROM (
        SELECT OBJECT_CONSTRUCT(*) 
        FROM @EMPLOYEE_DATA_DB.RAW.employee_raw_stage/recruitment_data.csv
    )
    FILE_FORMAT = (TYPE = CSV, SKIP_HEADER = 1, FIELD_OPTIONALLY_ENCLOSED_BY = '"');
    
[2026-04-20T19:03:54.351+0000] {base.py:84} INFO - Retrieving connection 'snowflake_conn'
[2026-04-20T19:03:54.356+0000] {base.py:84} INFO - Retrieving connection 'snowflake_conn'
[2026-04-20T19:03:54.379+0000] {connection.py:620} INFO - Snowflake Connector for Python Version: 4.4.0, Python Version: 3.12.6, Platform: Linux-6.12.76-linuxkit-aarch64-with-glibc2.36
[2026-04-20T19:03:54.380+0000] {connection.py:1716} INFO - Connecting to GLOBAL Snowflake domain
[2026-04-20T19:03:54.499+0000] {credentials.py:1147} INFO - Found credentials in environment variables.
[2026-04-20T19:03:55.197+0000] {sql.py:509} INFO - Running statement: USE WAREHOUSE EE_COMPUTE_WH;, parameters: None
[2026-04-20T19:03:55.331+0000] {sql.py:518} INFO - Rows affected: 1
[2026-04-20T19:03:55.332+0000] {snowflake.py:422} INFO - Rows affected: 1
[2026-04-20T19:03:55.332+0000] {snowflake.py:423} INFO - Snowflake query id: 01c3d757-0005-2533-000c-bde2000484a2
[2026-04-20T19:03:55.333+0000] {sql.py:509} INFO - Running statement: COPY INTO EMPLOYEE_DATA_DB.RAW.RAW_RECRUITMENT
    FROM (
        SELECT OBJECT_CONSTRUCT(*) 
        FROM @EMPLOYEE_DATA_DB.RAW.employee_raw_stage/recruitment_data.csv
    )
    FILE_FORMAT = (TYPE = CSV, SKIP_HEADER = 1, FIELD_OPTIONALLY_ENCLOSED_BY = '"');, parameters: None
[2026-04-20T19:03:57.473+0000] {sql.py:518} INFO - Rows affected: 1
[2026-04-20T19:03:57.473+0000] {snowflake.py:422} INFO - Rows affected: 1
[2026-04-20T19:03:57.474+0000] {snowflake.py:423} INFO - Snowflake query id: 01c3d757-0005-263d-000c-bde200049496
[2026-04-20T19:03:58.174+0000] {taskinstance.py:340} INFO - ::group::Post task execution logs
[2026-04-20T19:03:58.176+0000] {taskinstance.py:352} INFO - Marking task as SUCCESS. dag_id=employee_data_pipeline_v2, task_id=load_recruitment, run_id=manual__2026-04-20T19:03:53.630069+00:00, execution_date=20260420T190353, start_date=20260420T190354, end_date=20260420T190358
[2026-04-20T19:03:58.209+0000] {local_task_job_runner.py:266} INFO - Task exited with return code 0
[2026-04-20T19:03:58.214+0000] {logging_mixin.py:190} WARNING - /home/***/.local/lib/python3.12/site-packages/***/models/baseoperator.py:1378 AirflowProviderDeprecationWarning: Call to deprecated class SnowflakeOperator. (This class is deprecated. Please use `***.providers.common.sql.operators.sql.SQLExecuteQueryOperator`. Also, you can provide `hook_params={'warehouse': <warehouse>, 'database': <database>, 'role': <role>, 'schema': <schema>, 'authenticator': <authenticator>,'session_parameters': <session_parameters>}`.)
[2026-04-20T19:03:58.218+0000] {taskinstance.py:3900} INFO - 1 downstream tasks scheduled from follow-on schedule check
[2026-04-20T19:03:58.218+0000] {local_task_job_runner.py:245} INFO - ::endgroup::
