[2026-04-20T23:23:43.270+0000] {local_task_job_runner.py:123} INFO - ::group::Pre task execution logs
[2026-04-20T23:23:43.276+0000] {taskinstance.py:2612} INFO - Dependencies all met for dep_context=non-requeueable deps ti=<TaskInstance: employee_data_pipeline_v2.load_employee_info manual__2026-04-20T23:23:42.808722+00:00 [queued]>
[2026-04-20T23:23:43.279+0000] {taskinstance.py:2612} INFO - Dependencies all met for dep_context=requeueable deps ti=<TaskInstance: employee_data_pipeline_v2.load_employee_info manual__2026-04-20T23:23:42.808722+00:00 [queued]>
[2026-04-20T23:23:43.279+0000] {taskinstance.py:2865} INFO - Starting attempt 1 of 1
[2026-04-20T23:23:43.285+0000] {taskinstance.py:2888} INFO - Executing <Task(SQLExecuteQueryOperator): load_employee_info> on 2026-04-20 23:23:42.808722+00:00
[2026-04-20T23:23:43.288+0000] {logging_mixin.py:190} WARNING - /home/***/.local/lib/python3.12/site-packages/***/task/task_runner/standard_task_runner.py:70 DeprecationWarning: This process (pid=5471) is multi-threaded, use of fork() may lead to deadlocks in the child.
[2026-04-20T23:23:43.289+0000] {standard_task_runner.py:72} INFO - Started process 5479 to run task
[2026-04-20T23:23:43.289+0000] {standard_task_runner.py:104} INFO - Running: ['***', 'tasks', 'run', 'employee_data_pipeline_v2', 'load_employee_info', 'manual__2026-04-20T23:23:42.808722+00:00', '--job-id', '84', '--raw', '--subdir', 'DAGS_FOLDER/employee_pipeline_dag.py', '--cfg-path', '/tmp/tmpfmtrqkgi']
[2026-04-20T23:23:43.290+0000] {standard_task_runner.py:105} INFO - Job 84: Subtask load_employee_info
[2026-04-20T23:23:43.296+0000] {logging_mixin.py:190} WARNING - /home/***/.local/lib/python3.12/site-packages/***/settings.py:209 DeprecationWarning: The sql_alchemy_conn option in [core] has been moved to the sql_alchemy_conn option in [database] - the old setting has been used, but please update your config.
[2026-04-20T23:23:43.314+0000] {task_command.py:467} INFO - Running <TaskInstance: employee_data_pipeline_v2.load_employee_info manual__2026-04-20T23:23:42.808722+00:00 [running]> on host 78fd1d8cced9
[2026-04-20T23:23:43.345+0000] {taskinstance.py:3131} INFO - Exporting env vars: AIRFLOW_CTX_DAG_OWNER='***' AIRFLOW_CTX_DAG_ID='employee_data_pipeline_v2' AIRFLOW_CTX_TASK_ID='load_employee_info' AIRFLOW_CTX_EXECUTION_DATE='2026-04-20T23:23:42.808722+00:00' AIRFLOW_CTX_TRY_NUMBER='1' AIRFLOW_CTX_DAG_RUN_ID='manual__2026-04-20T23:23:42.808722+00:00'
[2026-04-20T23:23:43.346+0000] {taskinstance.py:731} INFO - ::endgroup::
[2026-04-20T23:23:43.353+0000] {sql.py:266} INFO - Executing: 
    USE WAREHOUSE EE_COMPUTE_WH;
    USE DATABASE EMPLOYEE_DATA_DB;
    USE SCHEMA RAW;
    COPY INTO RAW_EMPLOYEE_INFO
    FROM @employee_raw_stage/employee_data.csv
    FILE_FORMAT = (FORMAT_NAME = 'csv_format')
    FORCE = TRUE;
    
[2026-04-20T23:23:43.357+0000] {base.py:84} INFO - Retrieving connection 'snowflake_conn'
[2026-04-20T23:23:43.649+0000] {logging_mixin.py:190} WARNING - /home/***/.local/lib/python3.12/site-packages/snowflake/sqlalchemy/base.py:1068 SAWarning: The GenericFunction 'flatten' is already registered and is going to be overridden.
[2026-04-20T23:23:43.656+0000] {base.py:84} INFO - Retrieving connection 'snowflake_conn'
[2026-04-20T23:23:43.679+0000] {connection.py:620} INFO - Snowflake Connector for Python Version: 4.4.0, Python Version: 3.12.6, Platform: Linux-6.12.76-linuxkit-aarch64-with-glibc2.36
[2026-04-20T23:23:43.679+0000] {connection.py:1716} INFO - Connecting to GLOBAL Snowflake domain
[2026-04-20T23:23:43.781+0000] {credentials.py:1147} INFO - Found credentials in environment variables.
[2026-04-20T23:23:44.824+0000] {sql.py:509} INFO - Running statement: USE WAREHOUSE EE_COMPUTE_WH;, parameters: None
[2026-04-20T23:23:44.907+0000] {sql.py:518} INFO - Rows affected: 1
[2026-04-20T23:23:44.907+0000] {snowflake.py:422} INFO - Rows affected: 1
[2026-04-20T23:23:44.908+0000] {snowflake.py:423} INFO - Snowflake query id: 01c3d85b-0005-2533-000c-bde200048b86
[2026-04-20T23:23:44.908+0000] {sql.py:509} INFO - Running statement: USE DATABASE EMPLOYEE_DATA_DB;, parameters: None
[2026-04-20T23:23:45.003+0000] {sql.py:518} INFO - Rows affected: 1
[2026-04-20T23:23:45.004+0000] {snowflake.py:422} INFO - Rows affected: 1
[2026-04-20T23:23:45.004+0000] {snowflake.py:423} INFO - Snowflake query id: 01c3d85b-0005-2533-000c-bde200048b8a
[2026-04-20T23:23:45.005+0000] {sql.py:509} INFO - Running statement: USE SCHEMA RAW;, parameters: None
[2026-04-20T23:23:45.114+0000] {sql.py:518} INFO - Rows affected: 1
[2026-04-20T23:23:45.114+0000] {snowflake.py:422} INFO - Rows affected: 1
[2026-04-20T23:23:45.114+0000] {snowflake.py:423} INFO - Snowflake query id: 01c3d85b-0005-263d-000c-bde200049af6
[2026-04-20T23:23:45.114+0000] {sql.py:509} INFO - Running statement: COPY INTO RAW_EMPLOYEE_INFO
    FROM @employee_raw_stage/employee_data.csv
    FILE_FORMAT = (FORMAT_NAME = 'csv_format')
    FORCE = TRUE;, parameters: None
[2026-04-20T23:23:46.643+0000] {sql.py:518} INFO - Rows affected: 1
[2026-04-20T23:23:46.645+0000] {snowflake.py:422} INFO - Rows affected: 1
[2026-04-20T23:23:46.645+0000] {snowflake.py:423} INFO - Snowflake query id: 01c3d85b-0005-2533-000c-bde200048b96
[2026-04-20T23:23:47.153+0000] {taskinstance.py:340} INFO - ::group::Post task execution logs
[2026-04-20T23:23:47.153+0000] {taskinstance.py:352} INFO - Marking task as SUCCESS. dag_id=employee_data_pipeline_v2, task_id=load_employee_info, run_id=manual__2026-04-20T23:23:42.808722+00:00, execution_date=20260420T232342, start_date=20260420T232343, end_date=20260420T232347
[2026-04-20T23:23:47.172+0000] {local_task_job_runner.py:266} INFO - Task exited with return code 0
[2026-04-20T23:23:47.180+0000] {taskinstance.py:3900} INFO - 1 downstream tasks scheduled from follow-on schedule check
[2026-04-20T23:23:47.180+0000] {local_task_job_runner.py:245} INFO - ::endgroup::
