[2026-04-20T04:02:15.105+0000] {local_task_job_runner.py:123} INFO - ::group::Pre task execution logs
[2026-04-20T04:02:15.110+0000] {taskinstance.py:2612} INFO - Dependencies all met for dep_context=non-requeueable deps ti=<TaskInstance: employee_data_pipeline.run_dbt_transformations manual__2026-04-20T04:02:08.885010+00:00 [queued]>
[2026-04-20T04:02:15.112+0000] {taskinstance.py:2612} INFO - Dependencies all met for dep_context=requeueable deps ti=<TaskInstance: employee_data_pipeline.run_dbt_transformations manual__2026-04-20T04:02:08.885010+00:00 [queued]>
[2026-04-20T04:02:15.112+0000] {taskinstance.py:2865} INFO - Starting attempt 1 of 1
[2026-04-20T04:02:15.115+0000] {taskinstance.py:2888} INFO - Executing <Task(BashOperator): run_dbt_transformations> on 2026-04-20 04:02:08.885010+00:00
[2026-04-20T04:02:15.118+0000] {logging_mixin.py:190} WARNING - /home/***/.local/lib/python3.12/site-packages/***/task/task_runner/standard_task_runner.py:70 DeprecationWarning: This process (pid=375) is multi-threaded, use of fork() may lead to deadlocks in the child.
[2026-04-20T04:02:15.118+0000] {standard_task_runner.py:72} INFO - Started process 379 to run task
[2026-04-20T04:02:15.118+0000] {standard_task_runner.py:104} INFO - Running: ['***', 'tasks', 'run', 'employee_data_pipeline', 'run_dbt_transformations', 'manual__2026-04-20T04:02:08.885010+00:00', '--job-id', '56', '--raw', '--subdir', 'DAGS_FOLDER/employee_pipeline_dag.py', '--cfg-path', '/tmp/tmp1j32xia8']
[2026-04-20T04:02:15.119+0000] {standard_task_runner.py:105} INFO - Job 56: Subtask run_dbt_transformations
[2026-04-20T04:02:15.124+0000] {logging_mixin.py:190} WARNING - /home/***/.local/lib/python3.12/site-packages/***/settings.py:209 DeprecationWarning: The sql_alchemy_conn option in [core] has been moved to the sql_alchemy_conn option in [database] - the old setting has been used, but please update your config.
[2026-04-20T04:02:15.133+0000] {task_command.py:467} INFO - Running <TaskInstance: employee_data_pipeline.run_dbt_transformations manual__2026-04-20T04:02:08.885010+00:00 [running]> on host de75321fa08b
[2026-04-20T04:02:15.156+0000] {taskinstance.py:3131} INFO - Exporting env vars: AIRFLOW_CTX_DAG_OWNER='***' AIRFLOW_CTX_DAG_ID='employee_data_pipeline' AIRFLOW_CTX_TASK_ID='run_dbt_transformations' AIRFLOW_CTX_EXECUTION_DATE='2026-04-20T04:02:08.885010+00:00' AIRFLOW_CTX_TRY_NUMBER='1' AIRFLOW_CTX_DAG_RUN_ID='manual__2026-04-20T04:02:08.885010+00:00'
[2026-04-20T04:02:15.156+0000] {taskinstance.py:731} INFO - ::endgroup::
[2026-04-20T04:02:15.161+0000] {subprocess.py:63} INFO - Tmp dir root location: /tmp
[2026-04-20T04:02:15.161+0000] {subprocess.py:75} INFO - Running command: ['/usr/bin/bash', '-c', 'cd /opt/***/employee_data_transformation && /home/***/.local/bin/dbt run --profiles-dir /home/***/.dbt']
[2026-04-20T04:02:15.164+0000] {subprocess.py:86} INFO - Output:
[2026-04-20T04:02:15.925+0000] {subprocess.py:93} INFO - [0m04:02:15  Running with dbt=1.11.8
[2026-04-20T04:02:16.248+0000] {subprocess.py:93} INFO - [0m04:02:16  Registered adapter: snowflake=1.11.4
[2026-04-20T04:02:16.283+0000] {subprocess.py:93} INFO - [0m04:02:16  Unable to do partial parsing because saved manifest not found. Starting full parse.
[2026-04-20T04:02:16.812+0000] {subprocess.py:93} INFO - [0m04:02:16  Found 4 models, 4 data tests, 1 source, 523 macros
[2026-04-20T04:02:16.812+0000] {subprocess.py:93} INFO - [0m04:02:16
[2026-04-20T04:02:16.813+0000] {subprocess.py:93} INFO - [0m04:02:16  Concurrency: 4 threads (target='dev')
[2026-04-20T04:02:16.813+0000] {subprocess.py:93} INFO - [0m04:02:16
[2026-04-20T04:02:17.859+0000] {subprocess.py:93} INFO - [0m04:02:17  1 of 4 START sql table model STAGING.my_first_dbt_model ........................ [RUN]
[2026-04-20T04:02:17.859+0000] {subprocess.py:93} INFO - [0m04:02:17  2 of 4 START sql view model STAGING.stg_employee_data .......................... [RUN]
[2026-04-20T04:02:18.687+0000] {subprocess.py:93} INFO - [0m04:02:18  2 of 4 OK created sql view model STAGING.stg_employee_data ..................... [[32mSUCCESS 1[0m in 0.83s]
[2026-04-20T04:02:18.688+0000] {subprocess.py:93} INFO - [0m04:02:18  3 of 4 START sql view model STAGING.fct_training_summary ....................... [RUN]
[2026-04-20T04:02:19.010+0000] {subprocess.py:93} INFO - [0m04:02:19  1 of 4 OK created sql table model STAGING.my_first_dbt_model ................... [[32mSUCCESS 2[0m in 1.15s]
[2026-04-20T04:02:19.010+0000] {subprocess.py:93} INFO - [0m04:02:19  4 of 4 START sql view model STAGING.my_second_dbt_model ........................ [RUN]
[2026-04-20T04:02:19.493+0000] {subprocess.py:93} INFO - [0m04:02:19  4 of 4 OK created sql view model STAGING.my_second_dbt_model ................... [[32mSUCCESS 1[0m in 0.48s]
[2026-04-20T04:02:19.498+0000] {subprocess.py:93} INFO - [0m04:02:19  3 of 4 OK created sql view model STAGING.fct_training_summary .................. [[32mSUCCESS 1[0m in 0.81s]
[2026-04-20T04:02:19.909+0000] {subprocess.py:93} INFO - [0m04:02:19
[2026-04-20T04:02:19.909+0000] {subprocess.py:93} INFO - [0m04:02:19  Finished running 1 table model, 3 view models in 0 hours 0 minutes and 3.10 seconds (3.10s).
[2026-04-20T04:02:19.929+0000] {subprocess.py:93} INFO - [0m04:02:19
[2026-04-20T04:02:19.929+0000] {subprocess.py:93} INFO - [0m04:02:19  [32mCompleted successfully[0m
[2026-04-20T04:02:19.929+0000] {subprocess.py:93} INFO - [0m04:02:19
[2026-04-20T04:02:19.929+0000] {subprocess.py:93} INFO - [0m04:02:19  Done. PASS=4 WARN=0 ERROR=0 SKIP=0 NO-OP=0 TOTAL=4
[2026-04-20T04:02:20.321+0000] {subprocess.py:97} INFO - Command exited with return code 0
[2026-04-20T04:02:20.329+0000] {taskinstance.py:340} INFO - ::group::Post task execution logs
[2026-04-20T04:02:20.329+0000] {taskinstance.py:352} INFO - Marking task as SUCCESS. dag_id=employee_data_pipeline, task_id=run_dbt_transformations, run_id=manual__2026-04-20T04:02:08.885010+00:00, execution_date=20260420T040208, start_date=20260420T040215, end_date=20260420T040220
[2026-04-20T04:02:20.354+0000] {local_task_job_runner.py:266} INFO - Task exited with return code 0
[2026-04-20T04:02:20.358+0000] {taskinstance.py:3900} INFO - 0 downstream tasks scheduled from follow-on schedule check
[2026-04-20T04:02:20.359+0000] {local_task_job_runner.py:245} INFO - ::endgroup::
